yarn run v1.22.10
warning package.json: No license field
$ npm run build.ng
npm WARN lifecycle The node binary used for scripts is /var/folders/7z/z0fr0_js0d11xb98cd4fw7qw0000gr/T/yarn--1623266295839-0.6812503713537323/node but npm is using /Users/ehhanche/.nvm/versions/node/v14.16.0/bin/node itself. Use the `--scripts-prepend-node-path` option to include the path for the node binary npm was executed with.

> @aws-amplify/ui-angular@1.0.10 build.ng /Users/ehhanche/programming/work/spark/amplify-ui/packages/amplify-ui-angular
> npm run build.es2015 && npm run build.es5

npm WARN lifecycle The node binary used for scripts is /var/folders/7z/z0fr0_js0d11xb98cd4fw7qw0000gr/T/yarn--1623266295839-0.6812503713537323/node but npm is using /Users/ehhanche/.nvm/versions/node/v14.16.0/bin/node itself. Use the `--scripts-prepend-node-path` option to include the path for the node binary npm was executed with.

> @aws-amplify/ui-angular@1.0.10 build.es2015 /Users/ehhanche/programming/work/spark/amplify-ui/packages/amplify-ui-angular
> ngc -p tsconfig.json && rollup --config ./scripts/rollup.config.js

../../node_modules/@types/babel__traverse/ts4.1/index.d.ts(209,49): error TS1005: ',' expected.
../../node_modules/@types/babel__traverse/ts4.1/index.d.ts(209,53): error TS1005: ',' expected.
../../node_modules/@types/babel__traverse/ts4.1/index.d.ts(209,55): error TS1005: ';' expected.
../../node_modules/@types/babel__traverse/ts4.1/index.d.ts(209,57): error TS1109: Expression expected.
../../node_modules/@types/babel__traverse/ts4.1/index.d.ts(209,61): error TS1005: ';' expected.
../../node_modules/@types/babel__traverse/ts4.1/index.d.ts(209,69): error TS1128: Declaration or statement expected.
../../node_modules/@types/babel__traverse/ts4.1/index.d.ts(209,83): error TS1011: An element access expression should take an argument.
../../node_modules/@types/babel__traverse/ts4.1/index.d.ts(210,9): error TS1136: Property assignment expected.
../../node_modules/@types/babel__traverse/ts4.1/index.d.ts(210,31): error TS1005: ']' expected.
../../node_modules/@types/babel__traverse/ts4.1/index.d.ts(210,32): error TS1005: ';' expected.
../../node_modules/@types/babel__traverse/ts4.1/index.d.ts(210,33): error TS1128: Declaration or statement expected.
../../node_modules/@types/babel__traverse/ts4.1/index.d.ts(210,65): error TS1005: '(' expected.
../../node_modules/@types/babel__traverse/ts4.1/index.d.ts(211,5): error TS1135: Argument expression expected.
../../node_modules/@types/babel__traverse/ts4.1/index.d.ts(211,9): error TS1005: ',' expected.
../../node_modules/@types/babel__traverse/ts4.1/index.d.ts(212,19): error TS1005: '(' expected.
../../node_modules/@types/babel__traverse/ts4.1/index.d.ts(213,12): error TS1005: ')' expected.
../../node_modules/@types/babel__traverse/ts4.1/index.d.ts(344,48): error TS1005: ',' expected.
../../node_modules/@types/babel__traverse/ts4.1/index.d.ts(344,52): error TS1005: ',' expected.
../../node_modules/@types/babel__traverse/ts4.1/index.d.ts(344,54): error TS1005: ';' expected.
../../node_modules/@types/babel__traverse/ts4.1/index.d.ts(344,61): error TS1005: ')' expected.
../../node_modules/@types/babel__traverse/ts4.1/index.d.ts(344,68): error TS1005: ';' expected.
../../node_modules/@types/babel__traverse/ts4.1/index.d.ts(344,69): error TS1128: Declaration or statement expected.
../../node_modules/@types/babel__traverse/ts4.1/index.d.ts(344,87): error TS1005: '(' expected.
../../node_modules/@types/babel__traverse/ts4.1/index.d.ts(353,40): error TS1005: ',' expected.
../../node_modules/@types/babel__traverse/ts4.1/index.d.ts(353,46): error TS1005: ';' expected.
../../node_modules/@types/babel__traverse/ts4.1/index.d.ts(356,31): error TS1005: '?' expected.
../../node_modules/@types/babel__traverse/ts4.1/index.d.ts(356,44): error TS1005: ',' expected.
../../node_modules/@types/babel__traverse/ts4.1/index.d.ts(356,61): error TS1005: '(' expected.
../../node_modules/@types/babel__traverse/ts4.1/index.d.ts(356,62): error TS1005: ',' expected.
../../node_modules/@types/babel__traverse/ts4.1/index.d.ts(356,76): error TS1005: '(' expected.
../../node_modules/@types/babel__traverse/ts4.1/index.d.ts(356,77): error TS1005: ')' expected.
../../node_modules/@types/babel__traverse/ts4.1/index.d.ts(363,60): error TS1005: '?' expected.
../../node_modules/@types/babel__traverse/ts4.1/index.d.ts(363,66): error TS1005: ':' expected.
../../node_modules/@types/babel__traverse/ts4.1/index.d.ts(363,73): error TS1005: ',' expected.
../../node_modules/@types/babel__traverse/ts4.1/index.d.ts(363,81): error TS1005: ';' expected.
../../node_modules/@types/babel__traverse/ts4.1/index.d.ts(363,99): error TS1005: '(' expected.
../../node_modules/@types/babel__traverse/ts4.1/index.d.ts(365,49): error TS1005: '?' expected.
../../node_modules/@types/babel__traverse/ts4.1/index.d.ts(365,55): error TS1005: ':' expected.
../../node_modules/@types/babel__traverse/ts4.1/index.d.ts(365,62): error TS1005: ',' expected.
../../node_modules/@types/babel__traverse/ts4.1/index.d.ts(365,70): error TS1005: ';' expected.
../../node_modules/@types/babel__traverse/ts4.1/index.d.ts(365,88): error TS1005: '(' expected.
../../node_modules/@types/babel__traverse/ts4.1/index.d.ts(377,21): error TS1005: ';' expected.
../../node_modules/@types/babel__traverse/ts4.1/index.d.ts(392,15): error TS1005: ';' expected.
../../node_modules/@types/babel__traverse/ts4.1/index.d.ts(402,27): error TS1005: ',' expected.
../../node_modules/@types/babel__traverse/ts4.1/index.d.ts(402,50): error TS1109: Expression expected.
../../node_modules/@types/babel__traverse/ts4.1/index.d.ts(402,60): error TS1005: ';' expected.
../../node_modules/@types/babel__traverse/ts4.1/index.d.ts(408,12): error TS1005: ',' expected.
../../node_modules/@types/babel__traverse/ts4.1/index.d.ts(408,21): error TS1005: ';' expected.
../../node_modules/@types/babel__traverse/ts4.1/index.d.ts(410,15): error TS1005: ';' expected.
../../node_modules/@types/babel__traverse/ts4.1/index.d.ts(413,11): error TS1005: ',' expected.
../../node_modules/@types/babel__traverse/ts4.1/index.d.ts(413,20): error TS1005: ';' expected.
../../node_modules/@types/babel__traverse/ts4.1/index.d.ts(416,13): error TS1005: ',' expected.
../../node_modules/@types/babel__traverse/ts4.1/index.d.ts(416,22): error TS1005: ';' expected.
../../node_modules/@types/babel__traverse/ts4.1/index.d.ts(419,15): error TS1005: ',' expected.
../../node_modules/@types/babel__traverse/ts4.1/index.d.ts(419,30): error TS1005: ',' expected.
../../node_modules/@types/babel__traverse/ts4.1/index.d.ts(419,36): error TS1005: ';' expected.
../../node_modules/@types/babel__traverse/ts4.1/index.d.ts(425,20): error TS1005: ',' expected.
../../node_modules/@types/babel__traverse/ts4.1/index.d.ts(425,29): error TS1005: ';' expected.
../../node_modules/@types/babel__traverse/ts4.1/index.d.ts(436,45): error TS1005: ';' expected.
../../node_modules/@types/babel__traverse/ts4.1/index.d.ts(445,53): error TS1005: ',' expected.
../../node_modules/@types/babel__traverse/ts4.1/index.d.ts(445,60): error TS1005: ';' expected.
../../node_modules/@types/babel__traverse/ts4.1/index.d.ts(448,44): error TS1109: Expression expected.
../../node_modules/@types/babel__traverse/ts4.1/index.d.ts(448,54): error TS1005: ';' expected.
../../node_modules/@types/babel__traverse/ts4.1/index.d.ts(454,25): error TS1005: ';' expected.
../../node_modules/@types/babel__traverse/ts4.1/index.d.ts(457,34): error TS1005: ',' expected.
../../node_modules/@types/babel__traverse/ts4.1/index.d.ts(457,54): error TS1005: ',' expected.
../../node_modules/@types/babel__traverse/ts4.1/index.d.ts(457,63): error TS1005: ';' expected.
../../node_modules/@types/babel__traverse/ts4.1/index.d.ts(460,16): error TS1005: ';' expected.
../../node_modules/@types/babel__traverse/ts4.1/index.d.ts(463,33): error TS1005: ',' expected.
../../node_modules/@types/babel__traverse/ts4.1/index.d.ts(463,44): error TS1005: ';' expected.
../../node_modules/@types/babel__traverse/ts4.1/index.d.ts(467,13): error TS1005: ',' expected.
../../node_modules/@types/babel__traverse/ts4.1/index.d.ts(467,22): error TS1005: ';' expected.
../../node_modules/@types/babel__traverse/ts4.1/index.d.ts(469,20): error TS1005: ';' expected.
../../node_modules/@types/babel__traverse/ts4.1/index.d.ts(471,12): error TS1005: ';' expected.
../../node_modules/@types/babel__traverse/ts4.1/index.d.ts(473,11): error TS1005: ';' expected.
../../node_modules/@types/babel__traverse/ts4.1/index.d.ts(473,17): error TS1109: Expression expected.
../../node_modules/@types/babel__traverse/ts4.1/index.d.ts(475,16): error TS1005: ',' expected.
../../node_modules/@types/babel__traverse/ts4.1/index.d.ts(475,25): error TS1005: ';' expected.
../../node_modules/@types/babel__traverse/ts4.1/index.d.ts(475,31): error TS1109: Expression expected.
../../node_modules/@types/babel__traverse/ts4.1/index.d.ts(477,11): error TS1005: ';' expected.
../../node_modules/@types/babel__traverse/ts4.1/index.d.ts(477,17): error TS1109: Expression expected.
../../node_modules/@types/babel__traverse/ts4.1/index.d.ts(479,15): error TS1005: ';' expected.
../../node_modules/@types/babel__traverse/ts4.1/index.d.ts(479,21): error TS1109: Expression expected.
../../node_modules/@types/babel__traverse/ts4.1/index.d.ts(481,23): error TS1005: ',' expected.
../../node_modules/@types/babel__traverse/ts4.1/index.d.ts(481,42): error TS1005: ';' expected.
../../node_modules/@types/babel__traverse/ts4.1/index.d.ts(481,55): error TS1005: '(' expected.
../../node_modules/@types/babel__traverse/ts4.1/index.d.ts(483,17): error TS1005: ';' expected.
../../node_modules/@types/babel__traverse/ts4.1/index.d.ts(483,23): error TS1109: Expression expected.
../../node_modules/@types/babel__traverse/ts4.1/index.d.ts(485,24): error TS1005: ',' expected.
../../node_modules/@types/babel__traverse/ts4.1/index.d.ts(485,43): error TS1005: ';' expected.
../../node_modules/@types/babel__traverse/ts4.1/index.d.ts(485,49): error TS1109: Expression expected.
../../node_modules/@types/babel__traverse/ts4.1/index.d.ts(489,13): error TS1005: ';' expected.
../../node_modules/@types/babel__traverse/ts4.1/index.d.ts(489,19): error TS1109: Expression expected.
../../node_modules/@types/babel__traverse/ts4.1/index.d.ts(494,48): error TS1005: '?' expected.
../../node_modules/@types/babel__traverse/ts4.1/index.d.ts(494,54): error TS1005: ':' expected.
../../node_modules/@types/babel__traverse/ts4.1/index.d.ts(494,61): error TS1005: ',' expected.
../../node_modules/@types/babel__traverse/ts4.1/index.d.ts(494,69): error TS1005: ';' expected.
../../node_modules/@types/babel__traverse/ts4.1/index.d.ts(494,87): error TS1005: '(' expected.
../../node_modules/@types/babel__traverse/ts4.1/index.d.ts(500,47): error TS1005: '?' expected.
../../node_modules/@types/babel__traverse/ts4.1/index.d.ts(500,53): error TS1005: ':' expected.
../../node_modules/@types/babel__traverse/ts4.1/index.d.ts(500,60): error TS1005: ',' expected.
../../node_modules/@types/babel__traverse/ts4.1/index.d.ts(500,68): error TS1005: ';' expected.
../../node_modules/@types/babel__traverse/ts4.1/index.d.ts(500,86): error TS1005: '(' expected.
../../node_modules/@types/babel__traverse/ts4.1/index.d.ts(503,32): error TS1005: ',' expected.
../../node_modules/@types/babel__traverse/ts4.1/index.d.ts(503,53): error TS1005: ',' expected.
../../node_modules/@types/babel__traverse/ts4.1/index.d.ts(503,62): error TS1005: ';' expected.
../../node_modules/@types/babel__traverse/ts4.1/index.d.ts(503,68): error TS1109: Expression expected.
../../node_modules/@types/babel__traverse/ts4.1/index.d.ts(510,52): error TS1005: '?' expected.
../../node_modules/@types/babel__traverse/ts4.1/index.d.ts(510,58): error TS1005: ':' expected.
../../node_modules/@types/babel__traverse/ts4.1/index.d.ts(510,67): error TS1005: ',' expected.
../../node_modules/@types/babel__traverse/ts4.1/index.d.ts(510,81): error TS1109: Expression expected.
../../node_modules/@types/babel__traverse/ts4.1/index.d.ts(510,88): error TS1005: ',' expected.
../../node_modules/@types/babel__traverse/ts4.1/index.d.ts(510,96): error TS1005: ';' expected.
../../node_modules/@types/babel__traverse/ts4.1/index.d.ts(510,114): error TS1005: '(' expected.
../../node_modules/@types/babel__traverse/ts4.1/index.d.ts(517,49): error TS1005: '?' expected.
../../node_modules/@types/babel__traverse/ts4.1/index.d.ts(517,55): error TS1005: ':' expected.
../../node_modules/@types/babel__traverse/ts4.1/index.d.ts(517,64): error TS1005: ',' expected.
../../node_modules/@types/babel__traverse/ts4.1/index.d.ts(517,78): error TS1109: Expression expected.
../../node_modules/@types/babel__traverse/ts4.1/index.d.ts(517,85): error TS1005: ',' expected.
../../node_modules/@types/babel__traverse/ts4.1/index.d.ts(517,93): error TS1005: ';' expected.
../../node_modules/@types/babel__traverse/ts4.1/index.d.ts(517,111): error TS1005: '(' expected.
../../node_modules/@types/babel__traverse/ts4.1/index.d.ts(520,16): error TS1005: ',' expected.
../../node_modules/@types/babel__traverse/ts4.1/index.d.ts(520,24): error TS1005: ';' expected.
../../node_modules/@types/babel__traverse/ts4.1/index.d.ts(520,30): error TS1109: Expression expected.
../../node_modules/@types/babel__traverse/ts4.1/index.d.ts(524,18): error TS1005: ';' expected.
../../node_modules/@types/babel__traverse/ts4.1/index.d.ts(526,27): error TS1005: ';' expected.
../../node_modules/@types/babel__traverse/ts4.1/index.d.ts(526,38): error TS1011: An element access expression should take an argument.
../../node_modules/@types/babel__traverse/ts4.1/index.d.ts(528,19): error TS1005: ',' expected.
../../node_modules/@types/babel__traverse/ts4.1/index.d.ts(528,37): error TS1005: ';' expected.
../../node_modules/@types/babel__traverse/ts4.1/index.d.ts(529,25): error TS1005: ';' expected.
../../node_modules/@types/babel__traverse/ts4.1/index.d.ts(529,36): error TS1011: An element access expression should take an argument.
../../node_modules/@types/babel__traverse/ts4.1/index.d.ts(530,25): error TS1005: ';' expected.
../../node_modules/@types/babel__traverse/ts4.1/index.d.ts(530,36): error TS1011: An element access expression should take an argument.
../../node_modules/@types/babel__traverse/ts4.1/index.d.ts(532,26): error TS1005: '?' expected.
../../node_modules/@types/babel__traverse/ts4.1/index.d.ts(533,12): error TS1005: ',' expected.
../../node_modules/@types/babel__traverse/ts4.1/index.d.ts(534,17): error TS1109: Expression expected.
../../node_modules/@types/babel__traverse/ts4.1/index.d.ts(535,6): error TS1005: ';' expected.
../../node_modules/@types/babel__traverse/ts4.1/index.d.ts(535,13): error TS1005: ';' expected.
../../node_modules/@types/babel__traverse/ts4.1/index.d.ts(536,9): error TS1005: '(' expected.
../../node_modules/@types/babel__traverse/ts4.1/index.d.ts(537,9): error TS1005: '(' expected.
../../node_modules/@types/babel__traverse/ts4.1/index.d.ts(537,16): error TS1005: ',' expected.
../../node_modules/@types/babel__traverse/ts4.1/index.d.ts(539,9): error TS1005: '(' expected.
../../node_modules/@types/babel__traverse/ts4.1/index.d.ts(539,16): error TS1005: ')' expected.
../../node_modules/@types/babel__traverse/ts4.1/index.d.ts(540,12): error TS1005: ',' expected.
../../node_modules/@types/babel__traverse/ts4.1/index.d.ts(540,30): error TS1109: Expression expected.
../../node_modules/@types/babel__traverse/ts4.1/index.d.ts(540,59): error TS1005: ';' expected.
../../node_modules/@types/babel__traverse/ts4.1/index.d.ts(540,81): error TS1011: An element access expression should take an argument.
../../node_modules/@types/babel__traverse/ts4.1/index.d.ts(542,38): error TS1109: Expression expected.
../../node_modules/@types/babel__traverse/ts4.1/index.d.ts(542,48): error TS1005: ';' expected.
../../node_modules/@types/babel__traverse/ts4.1/index.d.ts(542,55): error TS1011: An element access expression should take an argument.
../../node_modules/@types/babel__traverse/ts4.1/index.d.ts(544,43): error TS1109: Expression expected.
../../node_modules/@types/babel__traverse/ts4.1/index.d.ts(544,53): error TS1005: ';' expected.
../../node_modules/@types/babel__traverse/ts4.1/index.d.ts(544,60): error TS1011: An element access expression should take an argument.
../../node_modules/@types/babel__traverse/ts4.1/index.d.ts(549,32): error TS1005: ';' expected.
../../node_modules/@types/babel__traverse/ts4.1/index.d.ts(549,38): error TS1109: Expression expected.
../../node_modules/@types/babel__traverse/ts4.1/index.d.ts(551,20): error TS1005: ',' expected.
../../node_modules/@types/babel__traverse/ts4.1/index.d.ts(551,37): error TS1005: ',' expected.
../../node_modules/@types/babel__traverse/ts4.1/index.d.ts(551,52): error TS1109: Expression expected.
../../node_modules/@types/babel__traverse/ts4.1/index.d.ts(551,62): error TS1005: ';' expected.
../../node_modules/@types/babel__traverse/ts4.1/index.d.ts(551,68): error TS1109: Expression expected.
../../node_modules/@types/babel__traverse/ts4.1/index.d.ts(554,21): error TS1005: ',' expected.
../../node_modules/@types/babel__traverse/ts4.1/index.d.ts(554,39): error TS1005: ',' expected.
../../node_modules/@types/babel__traverse/ts4.1/index.d.ts(554,45): error TS1011: An element access expression should take an argument.
../../node_modules/@types/babel__traverse/ts4.1/index.d.ts(554,47): error TS1005: ';' expected.
../../node_modules/@types/babel__traverse/ts4.1/index.d.ts(554,53): error TS1109: Expression expected.
../../node_modules/@types/babel__traverse/ts4.1/index.d.ts(558,31): error TS1109: Expression expected.
../../node_modules/@types/babel__traverse/ts4.1/index.d.ts(558,47): error TS1005: ';' expected.
../../node_modules/@types/babel__traverse/ts4.1/index.d.ts(558,54): error TS1005: ';' expected.
../../node_modules/@types/babel__traverse/ts4.1/index.d.ts(558,57): error TS1005: ';' expected.
../../node_modules/@types/babel__traverse/ts4.1/index.d.ts(558,86): error TS1005: '(' expected.
../../node_modules/@types/babel__traverse/ts4.1/index.d.ts(559,29): error TS1109: Expression expected.
../../node_modules/@types/babel__traverse/ts4.1/index.d.ts(559,45): error TS1005: ';' expected.
../../node_modules/@types/babel__traverse/ts4.1/index.d.ts(559,52): error TS1005: ';' expected.
../../node_modules/@types/babel__traverse/ts4.1/index.d.ts(559,55): error TS1005: ';' expected.
../../node_modules/@types/babel__traverse/ts4.1/index.d.ts(559,82): error TS1005: '(' expected.
../../node_modules/@types/babel__traverse/ts4.1/index.d.ts(560,26): error TS1109: Expression expected.
../../node_modules/@types/babel__traverse/ts4.1/index.d.ts(560,42): error TS1005: ';' expected.
../../node_modules/@types/babel__traverse/ts4.1/index.d.ts(560,49): error TS1005: ';' expected.
../../node_modules/@types/babel__traverse/ts4.1/index.d.ts(560,52): error TS1005: ';' expected.
../../node_modules/@types/babel__traverse/ts4.1/index.d.ts(560,76): error TS1005: '(' expected.
../../node_modules/@types/babel__traverse/ts4.1/index.d.ts(561,33): error TS1109: Expression expected.
../../node_modules/@types/babel__traverse/ts4.1/index.d.ts(561,49): error TS1005: ';' expected.
../../node_modules/@types/babel__traverse/ts4.1/index.d.ts(561,56): error TS1005: ';' expected.
../../node_modules/@types/babel__traverse/ts4.1/index.d.ts(561,59): error TS1005: ';' expected.
../../node_modules/@types/babel__traverse/ts4.1/index.d.ts(561,90): error TS1005: '(' expected.
../../node_modules/@types/babel__traverse/ts4.1/index.d.ts(562,37): error TS1109: Expression expected.
../../node_modules/@types/babel__traverse/ts4.1/index.d.ts(562,53): error TS1005: ';' expected.
../../node_modules/@types/babel__traverse/ts4.1/index.d.ts(562,60): error TS1005: ';' expected.
../../node_modules/@types/babel__traverse/ts4.1/index.d.ts(562,63): error TS1005: ';' expected.
../../node_modules/@types/babel__traverse/ts4.1/index.d.ts(562,98): error TS1005: '(' expected.
../../node_modules/@types/babel__traverse/ts4.1/index.d.ts(563,34): error TS1109: Expression expected.
../../node_modules/@types/babel__traverse/ts4.1/index.d.ts(563,50): error TS1005: ';' expected.
../../node_modules/@types/babel__traverse/ts4.1/index.d.ts(563,57): error TS1005: ';' expected.
../../node_modules/@types/babel__traverse/ts4.1/index.d.ts(563,60): error TS1005: ';' expected.
../../node_modules/@types/babel__traverse/ts4.1/index.d.ts(563,92): error TS1005: '(' expected.
../../node_modules/@types/babel__traverse/ts4.1/index.d.ts(564,31): error TS1109: Expression expected.
../../node_modules/@types/babel__traverse/ts4.1/index.d.ts(564,47): error TS1005: ';' expected.
../../node_modules/@types/babel__traverse/ts4.1/index.d.ts(564,54): error TS1005: ';' expected.
../../node_modules/@types/babel__traverse/ts4.1/index.d.ts(564,57): error TS1005: ';' expected.
../../node_modules/@types/babel__traverse/ts4.1/index.d.ts(564,86): error TS1005: '(' expected.
../../node_modules/@types/babel__traverse/ts4.1/index.d.ts(565,29): error TS1109: Expression expected.
../../node_modules/@types/babel__traverse/ts4.1/index.d.ts(565,45): error TS1005: ';' expected.
../../node_modules/@types/babel__traverse/ts4.1/index.d.ts(565,52): error TS1005: ';' expected.
../../node_modules/@types/babel__traverse/ts4.1/index.d.ts(565,55): error TS1005: ';' expected.
../../node_modules/@types/babel__traverse/ts4.1/index.d.ts(565,82): error TS1005: '(' expected.
../../node_modules/@types/babel__traverse/ts4.1/index.d.ts(566,27): error TS1109: Expression expected.
../../node_modules/@types/babel__traverse/ts4.1/index.d.ts(566,43): error TS1005: ';' expected.
../../node_modules/@types/babel__traverse/ts4.1/index.d.ts(566,50): error TS1005: ';' expected.
../../node_modules/@types/babel__traverse/ts4.1/index.d.ts(566,53): error TS1005: ';' expected.
../../node_modules/@types/babel__traverse/ts4.1/index.d.ts(566,78): error TS1005: '(' expected.
../../node_modules/@types/babel__traverse/ts4.1/index.d.ts(567,20): error TS1109: Expression expected.
../../node_modules/@types/babel__traverse/ts4.1/index.d.ts(567,36): error TS1005: ';' expected.
../../node_modules/@types/babel__traverse/ts4.1/index.d.ts(567,43): error TS1005: ';' expected.
../../node_modules/@types/babel__traverse/ts4.1/index.d.ts(567,46): error TS1005: ';' expected.
../../node_modules/@types/babel__traverse/ts4.1/index.d.ts(567,64): error TS1005: '(' expected.
../../node_modules/@types/babel__traverse/ts4.1/index.d.ts(568,30): error TS1109: Expression expected.
../../node_modules/@types/babel__traverse/ts4.1/index.d.ts(568,46): error TS1005: ';' expected.
../../node_modules/@types/babel__traverse/ts4.1/index.d.ts(568,53): error TS1005: ';' expected.
../../node_modules/@types/babel__traverse/ts4.1/index.d.ts(568,56): error TS1005: ';' expected.
../../node_modules/@types/babel__traverse/ts4.1/index.d.ts(568,84): error TS1005: '(' expected.
../../node_modules/@types/babel__traverse/ts4.1/index.d.ts(569,28): error TS1109: Expression expected.
../../node_modules/@types/babel__traverse/ts4.1/index.d.ts(569,44): error TS1005: ';' expected.
../../node_modules/@types/babel__traverse/ts4.1/index.d.ts(569,51): error TS1005: ';' expected.
../../node_modules/@types/babel__traverse/ts4.1/index.d.ts(569,54): error TS1005: ';' expected.
../../node_modules/@types/babel__traverse/ts4.1/index.d.ts(569,80): error TS1005: '(' expected.
../../node_modules/@types/babel__traverse/ts4.1/index.d.ts(570,19): error TS1109: Expression expected.
../../node_modules/@types/babel__traverse/ts4.1/index.d.ts(570,35): error TS1005: ';' expected.
../../node_modules/@types/babel__traverse/ts4.1/index.d.ts(570,42): error TS1005: ';' expected.
../../node_modules/@types/babel__traverse/ts4.1/index.d.ts(570,45): error TS1005: ';' expected.
../../node_modules/@types/babel__traverse/ts4.1/index.d.ts(570,62): error TS1005: '(' expected.
../../node_modules/@types/babel__traverse/ts4.1/index.d.ts(571,25): error TS1109: Expression expected.
../../node_modules/@types/babel__traverse/ts4.1/index.d.ts(571,41): error TS1005: ';' expected.
../../node_modules/@types/babel__traverse/ts4.1/index.d.ts(571,48): error TS1005: ';' expected.
../../node_modules/@types/babel__traverse/ts4.1/index.d.ts(571,51): error TS1005: ';' expected.
../../node_modules/@types/babel__traverse/ts4.1/index.d.ts(571,74): error TS1005: '(' expected.
../../node_modules/@types/babel__traverse/ts4.1/index.d.ts(572,28): error TS1109: Expression expected.
../../node_modules/@types/babel__traverse/ts4.1/index.d.ts(572,44): error TS1005: ';' expected.
../../node_modules/@types/babel__traverse/ts4.1/index.d.ts(572,51): error TS1005: ';' expected.
../../node_modules/@types/babel__traverse/ts4.1/index.d.ts(572,54): error TS1005: ';' expected.
../../node_modules/@types/babel__traverse/ts4.1/index.d.ts(572,80): error TS1005: '(' expected.
../../node_modules/@types/babel__traverse/ts4.1/index.d.ts(573,28): error TS1109: Expression expected.
../../node_modules/@types/babel__traverse/ts4.1/index.d.ts(573,44): error TS1005: ';' expected.
../../node_modules/@types/babel__traverse/ts4.1/index.d.ts(573,51): error TS1005: ';' expected.
../../node_modules/@types/babel__traverse/ts4.1/index.d.ts(573,54): error TS1005: ';' expected.
../../node_modules/@types/babel__traverse/ts4.1/index.d.ts(573,80): error TS1005: '(' expected.
../../node_modules/@types/babel__traverse/ts4.1/index.d.ts(574,42): error TS1109: Expression expected.
../../node_modules/@types/babel__traverse/ts4.1/index.d.ts(574,58): error TS1005: ';' expected.
../../node_modules/@types/babel__traverse/ts4.1/index.d.ts(574,65): error TS1005: ';' expected.
../../node_modules/@types/babel__traverse/ts4.1/index.d.ts(574,68): error TS1005: ';' expected.
../../node_modules/@types/babel__traverse/ts4.1/index.d.ts(574,108): error TS1005: '(' expected.
../../node_modules/@types/babel__traverse/ts4.1/index.d.ts(575,35): error TS1109: Expression expected.
../../node_modules/@types/babel__traverse/ts4.1/index.d.ts(575,51): error TS1005: ';' expected.
../../node_modules/@types/babel__traverse/ts4.1/index.d.ts(575,58): error TS1005: ';' expected.
../../node_modules/@types/babel__traverse/ts4.1/index.d.ts(575,61): error TS1005: ';' expected.
../../node_modules/@types/babel__traverse/ts4.1/index.d.ts(575,94): error TS1005: '(' expected.
../../node_modules/@types/babel__traverse/ts4.1/index.d.ts(576,28): error TS1109: Expression expected.
../../node_modules/@types/babel__traverse/ts4.1/index.d.ts(576,44): error TS1005: ';' expected.
../../node_modules/@types/babel__traverse/ts4.1/index.d.ts(576,51): error TS1005: ';' expected.
../../node_modules/@types/babel__traverse/ts4.1/index.d.ts(576,54): error TS1005: ';' expected.
../../node_modules/@types/babel__traverse/ts4.1/index.d.ts(576,80): error TS1005: '(' expected.
../../node_modules/@types/babel__traverse/ts4.1/index.d.ts(577,28): error TS1109: Expression expected.
../../node_modules/@types/babel__traverse/ts4.1/index.d.ts(577,44): error TS1005: ';' expected.
../../node_modules/@types/babel__traverse/ts4.1/index.d.ts(577,51): error TS1005: ';' expected.
../../node_modules/@types/babel__traverse/ts4.1/index.d.ts(577,54): error TS1005: ';' expected.
../../node_modules/@types/babel__traverse/ts4.1/index.d.ts(577,80): error TS1005: '(' expected.
../../node_modules/@types/babel__traverse/ts4.1/index.d.ts(578,25): error TS1109: Expression expected.
../../node_modules/@types/babel__traverse/ts4.1/index.d.ts(578,41): error TS1005: ';' expected.
../../node_modules/@types/babel__traverse/ts4.1/index.d.ts(578,48): error TS1005: ';' expected.
../../node_modules/@types/babel__traverse/ts4.1/index.d.ts(578,51): error TS1005: ';' expected.
../../node_modules/@types/babel__traverse/ts4.1/index.d.ts(578,74): error TS1005: '(' expected.
../../node_modules/@types/babel__traverse/ts4.1/index.d.ts(579,19): error TS1109: Expression expected.
../../node_modules/@types/babel__traverse/ts4.1/index.d.ts(579,35): error TS1005: ';' expected.
../../node_modules/@types/babel__traverse/ts4.1/index.d.ts(579,42): error TS1005: ';' expected.
../../node_modules/@types/babel__traverse/ts4.1/index.d.ts(579,45): error TS1005: ';' expected.
../../node_modules/@types/babel__traverse/ts4.1/index.d.ts(579,62): error TS1005: '(' expected.
../../node_modules/@types/babel__traverse/ts4.1/index.d.ts(580,23): error TS1109: Expression expected.
../../node_modules/@types/babel__traverse/ts4.1/index.d.ts(580,39): error TS1005: ';' expected.
../../node_modules/@types/babel__traverse/ts4.1/index.d.ts(580,46): error TS1005: ';' expected.
../../node_modules/@types/babel__traverse/ts4.1/index.d.ts(580,49): error TS1005: ';' expected.
../../node_modules/@types/babel__traverse/ts4.1/index.d.ts(580,70): error TS1005: '(' expected.
../../node_modules/@types/babel__traverse/ts4.1/index.d.ts(581,30): error TS1109: Expression expected.
../../node_modules/@types/babel__traverse/ts4.1/index.d.ts(581,46): error TS1005: ';' expected.
../../node_modules/@types/babel__traverse/ts4.1/index.d.ts(581,53): error TS1005: ';' expected.
../../node_modules/@types/babel__traverse/ts4.1/index.d.ts(581,56): error TS1005: ';' expected.
../../node_modules/@types/babel__traverse/ts4.1/index.d.ts(581,84): error TS1005: '(' expected.
../../node_modules/@types/babel__traverse/ts4.1/index.d.ts(582,29): error TS1109: Expression expected.
../../node_modules/@types/babel__traverse/ts4.1/index.d.ts(582,45): error TS1005: ';' expected.
../../node_modules/@types/babel__traverse/ts4.1/index.d.ts(582,52): error TS1005: ';' expected.
../../node_modules/@types/babel__traverse/ts4.1/index.d.ts(582,55): error TS1005: ';' expected.
../../node_modules/@types/babel__traverse/ts4.1/index.d.ts(582,82): error TS1005: '(' expected.
../../node_modules/@types/babel__traverse/ts4.1/index.d.ts(583,29): error TS1109: Expression expected.
../../node_modules/@types/babel__traverse/ts4.1/index.d.ts(583,45): error TS1005: ';' expected.
../../node_modules/@types/babel__traverse/ts4.1/index.d.ts(583,52): error TS1005: ';' expected.
../../node_modules/@types/babel__traverse/ts4.1/index.d.ts(583,55): error TS1005: ';' expected.
../../node_modules/@types/babel__traverse/ts4.1/index.d.ts(583,82): error TS1005: '(' expected.
../../node_modules/@types/babel__traverse/ts4.1/index.d.ts(584,25): error TS1109: Expression expected.
../../node_modules/@types/babel__traverse/ts4.1/index.d.ts(584,41): error TS1005: ';' expected.
../../node_modules/@types/babel__traverse/ts4.1/index.d.ts(584,48): error TS1005: ';' expected.
../../node_modules/@types/babel__traverse/ts4.1/index.d.ts(584,51): error TS1005: ';' expected.
../../node_modules/@types/babel__traverse/ts4.1/index.d.ts(584,74): error TS1005: '(' expected.
../../node_modules/@types/babel__traverse/ts4.1/index.d.ts(585,32): error TS1109: Expression expected.
../../node_modules/@types/babel__traverse/ts4.1/index.d.ts(585,48): error TS1005: ';' expected.
../../node_modules/@types/babel__traverse/ts4.1/index.d.ts(585,55): error TS1005: ';' expected.
../../node_modules/@types/babel__traverse/ts4.1/index.d.ts(585,58): error TS1005: ';' expected.
../../node_modules/@types/babel__traverse/ts4.1/index.d.ts(585,88): error TS1005: '(' expected.
../../node_modules/@types/babel__traverse/ts4.1/index.d.ts(586,34): error TS1109: Expression expected.
../../node_modules/@types/babel__traverse/ts4.1/index.d.ts(586,50): error TS1005: ';' expected.
../../node_modules/@types/babel__traverse/ts4.1/index.d.ts(586,57): error TS1005: ';' expected.
../../node_modules/@types/babel__traverse/ts4.1/index.d.ts(586,60): error TS1005: ';' expected.
../../node_modules/@types/babel__traverse/ts4.1/index.d.ts(586,92): error TS1005: '(' expected.
../../node_modules/@types/babel__traverse/ts4.1/index.d.ts(587,27): error TS1109: Expression expected.
../../node_modules/@types/babel__traverse/ts4.1/index.d.ts(587,43): error TS1005: ';' expected.
../../node_modules/@types/babel__traverse/ts4.1/index.d.ts(587,50): error TS1005: ';' expected.
../../node_modules/@types/babel__traverse/ts4.1/index.d.ts(587,53): error TS1005: ';' expected.
../../node_modules/@types/babel__traverse/ts4.1/index.d.ts(587,78): error TS1005: '(' expected.
../../node_modules/@types/babel__traverse/ts4.1/index.d.ts(588,33): error TS1109: Expression expected.
../../node_modules/@types/babel__traverse/ts4.1/index.d.ts(588,49): error TS1005: ';' expected.
../../node_modules/@types/babel__traverse/ts4.1/index.d.ts(588,56): error TS1005: ';' expected.
../../node_modules/@types/babel__traverse/ts4.1/index.d.ts(588,59): error TS1005: ';' expected.
../../node_modules/@types/babel__traverse/ts4.1/index.d.ts(588,90): error TS1005: '(' expected.
../../node_modules/@types/babel__traverse/ts4.1/index.d.ts(589,25): error TS1109: Expression expected.
../../node_modules/@types/babel__traverse/ts4.1/index.d.ts(589,41): error TS1005: ';' expected.
../../node_modules/@types/babel__traverse/ts4.1/index.d.ts(589,48): error TS1005: ';' expected.
../../node_modules/@types/babel__traverse/ts4.1/index.d.ts(589,51): error TS1005: ';' expected.
../../node_modules/@types/babel__traverse/ts4.1/index.d.ts(589,74): error TS1005: '(' expected.
../../node_modules/@types/babel__traverse/ts4.1/index.d.ts(590,35): error TS1109: Expression expected.
../../node_modules/@types/babel__traverse/ts4.1/index.d.ts(590,51): error TS1005: ';' expected.
../../node_modules/@types/babel__traverse/ts4.1/index.d.ts(590,58): error TS1005: ';' expected.
../../node_modules/@types/babel__traverse/ts4.1/index.d.ts(590,61): error TS1005: ';' expected.
../../node_modules/@types/babel__traverse/ts4.1/index.d.ts(590,94): error TS1005: '(' expected.
../../node_modules/@types/babel__traverse/ts4.1/index.d.ts(591,31): error TS1109: Expression expected.
../../node_modules/@types/babel__traverse/ts4.1/index.d.ts(591,47): error TS1005: ';' expected.
../../node_modules/@types/babel__traverse/ts4.1/index.d.ts(591,54): error TS1005: ';' expected.
../../node_modules/@types/babel__traverse/ts4.1/index.d.ts(591,57): error TS1005: ';' expected.
../../node_modules/@types/babel__traverse/ts4.1/index.d.ts(591,86): error TS1005: '(' expected.
../../node_modules/@types/babel__traverse/ts4.1/index.d.ts(592,31): error TS1109: Expression expected.
../../node_modules/@types/babel__traverse/ts4.1/index.d.ts(592,47): error TS1005: ';' expected.
../../node_modules/@types/babel__traverse/ts4.1/index.d.ts(592,54): error TS1005: ';' expected.
../../node_modules/@types/babel__traverse/ts4.1/index.d.ts(592,57): error TS1005: ';' expected.
../../node_modules/@types/babel__traverse/ts4.1/index.d.ts(592,86): error TS1005: '(' expected.
../../node_modules/@types/babel__traverse/ts4.1/index.d.ts(593,25): error TS1109: Expression expected.
../../node_modules/@types/babel__traverse/ts4.1/index.d.ts(593,41): error TS1005: ';' expected.
../../node_modules/@types/babel__traverse/ts4.1/index.d.ts(593,48): error TS1005: ';' expected.
../../node_modules/@types/babel__traverse/ts4.1/index.d.ts(593,51): error TS1005: ';' expected.
../../node_modules/@types/babel__traverse/ts4.1/index.d.ts(593,74): error TS1005: '(' expected.
../../node_modules/@types/babel__traverse/ts4.1/index.d.ts(594,26): error TS1109: Expression expected.
../../node_modules/@types/babel__traverse/ts4.1/index.d.ts(594,42): error TS1005: ';' expected.
../../node_modules/@types/babel__traverse/ts4.1/index.d.ts(594,49): error TS1005: ';' expected.
../../node_modules/@types/babel__traverse/ts4.1/index.d.ts(594,52): error TS1005: ';' expected.
../../node_modules/@types/babel__traverse/ts4.1/index.d.ts(594,76): error TS1005: '(' expected.
../../node_modules/@types/babel__traverse/ts4.1/index.d.ts(595,41): error TS1109: Expression expected.
../../node_modules/@types/babel__traverse/ts4.1/index.d.ts(595,57): error TS1005: ';' expected.
../../node_modules/@types/babel__traverse/ts4.1/index.d.ts(595,64): error TS1005: ';' expected.
../../node_modules/@types/babel__traverse/ts4.1/index.d.ts(595,67): error TS1005: ';' expected.
../../node_modules/@types/babel__traverse/ts4.1/index.d.ts(595,106): error TS1005: '(' expected.
../../node_modules/@types/babel__traverse/ts4.1/index.d.ts(596,38): error TS1109: Expression expected.
../../node_modules/@types/babel__traverse/ts4.1/index.d.ts(596,54): error TS1005: ';' expected.
../../node_modules/@types/babel__traverse/ts4.1/index.d.ts(596,61): error TS1005: ';' expected.
../../node_modules/@types/babel__traverse/ts4.1/index.d.ts(596,64): error TS1005: ';' expected.
../../node_modules/@types/babel__traverse/ts4.1/index.d.ts(596,100): error TS1005: '(' expected.
../../node_modules/@types/babel__traverse/ts4.1/index.d.ts(597,29): error TS1109: Expression expected.
../../node_modules/@types/babel__traverse/ts4.1/index.d.ts(597,45): error TS1005: ';' expected.
../../node_modules/@types/babel__traverse/ts4.1/index.d.ts(597,52): error TS1005: ';' expected.
../../node_modules/@types/babel__traverse/ts4.1/index.d.ts(597,55): error TS1005: ';' expected.
../../node_modules/@types/babel__traverse/ts4.1/index.d.ts(597,82): error TS1005: '(' expected.
../../node_modules/@types/babel__traverse/ts4.1/index.d.ts(598,30): error TS1109: Expression expected.
../../node_modules/@types/babel__traverse/ts4.1/index.d.ts(598,46): error TS1005: ';' expected.
../../node_modules/@types/babel__traverse/ts4.1/index.d.ts(598,53): error TS1005: ';' expected.
../../node_modules/@types/babel__traverse/ts4.1/index.d.ts(598,56): error TS1005: ';' expected.
../../node_modules/@types/babel__traverse/ts4.1/index.d.ts(598,84): error TS1005: '(' expected.
../../node_modules/@types/babel__traverse/ts4.1/index.d.ts(599,27): error TS1109: Expression expected.
../../node_modules/@types/babel__traverse/ts4.1/index.d.ts(599,43): error TS1005: ';' expected.
../../node_modules/@types/babel__traverse/ts4.1/index.d.ts(599,50): error TS1005: ';' expected.
../../node_modules/@types/babel__traverse/ts4.1/index.d.ts(599,53): error TS1005: ';' expected.
../../node_modules/@types/babel__traverse/ts4.1/index.d.ts(599,78): error TS1005: '(' expected.
../../node_modules/@types/babel__traverse/ts4.1/index.d.ts(600,34): error TS1109: Expression expected.
../../node_modules/@types/babel__traverse/ts4.1/index.d.ts(600,50): error TS1005: ';' expected.
../../node_modules/@types/babel__traverse/ts4.1/index.d.ts(600,57): error TS1005: ';' expected.
../../node_modules/@types/babel__traverse/ts4.1/index.d.ts(600,60): error TS1005: ';' expected.
../../node_modules/@types/babel__traverse/ts4.1/index.d.ts(600,92): error TS1005: '(' expected.
../../node_modules/@types/babel__traverse/ts4.1/index.d.ts(601,31): error TS1109: Expression expected.
../../node_modules/@types/babel__traverse/ts4.1/index.d.ts(601,47): error TS1005: ';' expected.
../../node_modules/@types/babel__traverse/ts4.1/index.d.ts(601,54): error TS1005: ';' expected.
../../node_modules/@types/babel__traverse/ts4.1/index.d.ts(601,57): error TS1005: ';' expected.
../../node_modules/@types/babel__traverse/ts4.1/index.d.ts(601,86): error TS1005: '(' expected.
../../node_modules/@types/babel__traverse/ts4.1/index.d.ts(602,30): error TS1109: Expression expected.
../../node_modules/@types/babel__traverse/ts4.1/index.d.ts(602,46): error TS1005: ';' expected.
../../node_modules/@types/babel__traverse/ts4.1/index.d.ts(602,53): error TS1005: ';' expected.
../../node_modules/@types/babel__traverse/ts4.1/index.d.ts(602,56): error TS1005: ';' expected.
../../node_modules/@types/babel__traverse/ts4.1/index.d.ts(602,84): error TS1005: '(' expected.
../../node_modules/@types/babel__traverse/ts4.1/index.d.ts(603,29): error TS1109: Expression expected.
../../node_modules/@types/babel__traverse/ts4.1/index.d.ts(603,45): error TS1005: ';' expected.
../../node_modules/@types/babel__traverse/ts4.1/index.d.ts(603,52): error TS1005: ';' expected.
../../node_modules/@types/babel__traverse/ts4.1/index.d.ts(603,55): error TS1005: ';' expected.
../../node_modules/@types/babel__traverse/ts4.1/index.d.ts(603,82): error TS1005: '(' expected.
../../node_modules/@types/babel__traverse/ts4.1/index.d.ts(604,31): error TS1109: Expression expected.
../../node_modules/@types/babel__traverse/ts4.1/index.d.ts(604,47): error TS1005: ';' expected.
../../node_modules/@types/babel__traverse/ts4.1/index.d.ts(604,54): error TS1005: ';' expected.
../../node_modules/@types/babel__traverse/ts4.1/index.d.ts(604,57): error TS1005: ';' expected.
../../node_modules/@types/babel__traverse/ts4.1/index.d.ts(604,86): error TS1005: '(' expected.
../../node_modules/@types/babel__traverse/ts4.1/index.d.ts(605,23): error TS1109: Expression expected.
../../node_modules/@types/babel__traverse/ts4.1/index.d.ts(605,39): error TS1005: ';' expected.
../../node_modules/@types/babel__traverse/ts4.1/index.d.ts(605,46): error TS1005: ';' expected.
../../node_modules/@types/babel__traverse/ts4.1/index.d.ts(605,49): error TS1005: ';' expected.
../../node_modules/@types/babel__traverse/ts4.1/index.d.ts(605,70): error TS1005: '(' expected.
../../node_modules/@types/babel__traverse/ts4.1/index.d.ts(606,23): error TS1109: Expression expected.
../../node_modules/@types/babel__traverse/ts4.1/index.d.ts(606,39): error TS1005: ';' expected.
../../node_modules/@types/babel__traverse/ts4.1/index.d.ts(606,46): error TS1005: ';' expected.
../../node_modules/@types/babel__traverse/ts4.1/index.d.ts(606,49): error TS1005: ';' expected.
../../node_modules/@types/babel__traverse/ts4.1/index.d.ts(606,70): error TS1005: '(' expected.
../../node_modules/@types/babel__traverse/ts4.1/index.d.ts(607,30): error TS1109: Expression expected.
../../node_modules/@types/babel__traverse/ts4.1/index.d.ts(607,46): error TS1005: ';' expected.
../../node_modules/@types/babel__traverse/ts4.1/index.d.ts(607,53): error TS1005: ';' expected.
../../node_modules/@types/babel__traverse/ts4.1/index.d.ts(607,56): error TS1005: ';' expected.
../../node_modules/@types/babel__traverse/ts4.1/index.d.ts(607,84): error TS1005: '(' expected.
../../node_modules/@types/babel__traverse/ts4.1/index.d.ts(608,26): error TS1109: Expression expected.
../../node_modules/@types/babel__traverse/ts4.1/index.d.ts(608,42): error TS1005: ';' expected.
../../node_modules/@types/babel__traverse/ts4.1/index.d.ts(608,49): error TS1005: ';' expected.
../../node_modules/@types/babel__traverse/ts4.1/index.d.ts(608,52): error TS1005: ';' expected.
../../node_modules/@types/babel__traverse/ts4.1/index.d.ts(608,76): error TS1005: '(' expected.
../../node_modules/@types/babel__traverse/ts4.1/index.d.ts(609,30): error TS1109: Expression expected.
../../node_modules/@types/babel__traverse/ts4.1/index.d.ts(609,46): error TS1005: ';' expected.
../../node_modules/@types/babel__traverse/ts4.1/index.d.ts(609,53): error TS1005: ';' expected.
../../node_modules/@types/babel__traverse/ts4.1/index.d.ts(609,56): error TS1005: ';' expected.
../../node_modules/@types/babel__traverse/ts4.1/index.d.ts(609,84): error TS1005: '(' expected.
../../node_modules/@types/babel__traverse/ts4.1/index.d.ts(610,28): error TS1109: Expression expected.
../../node_modules/@types/babel__traverse/ts4.1/index.d.ts(610,44): error TS1005: ';' expected.
../../node_modules/@types/babel__traverse/ts4.1/index.d.ts(610,51): error TS1005: ';' expected.
../../node_modules/@types/babel__traverse/ts4.1/index.d.ts(610,54): error TS1005: ';' expected.
../../node_modules/@types/babel__traverse/ts4.1/index.d.ts(610,80): error TS1005: '(' expected.
../../node_modules/@types/babel__traverse/ts4.1/index.d.ts(611,33): error TS1109: Expression expected.
../../node_modules/@types/babel__traverse/ts4.1/index.d.ts(611,49): error TS1005: ';' expected.
../../node_modules/@types/babel__traverse/ts4.1/index.d.ts(611,56): error TS1005: ';' expected.
../../node_modules/@types/babel__traverse/ts4.1/index.d.ts(611,59): error TS1005: ';' expected.
../../node_modules/@types/babel__traverse/ts4.1/index.d.ts(611,90): error TS1005: '(' expected.
../../node_modules/@types/babel__traverse/ts4.1/index.d.ts(612,34): error TS1109: Expression expected.
../../node_modules/@types/babel__traverse/ts4.1/index.d.ts(612,50): error TS1005: ';' expected.
../../node_modules/@types/babel__traverse/ts4.1/index.d.ts(612,57): error TS1005: ';' expected.
../../node_modules/@types/babel__traverse/ts4.1/index.d.ts(612,60): error TS1005: ';' expected.
../../node_modules/@types/babel__traverse/ts4.1/index.d.ts(612,92): error TS1005: '(' expected.
../../node_modules/@types/babel__traverse/ts4.1/index.d.ts(613,34): error TS1109: Expression expected.
../../node_modules/@types/babel__traverse/ts4.1/index.d.ts(613,50): error TS1005: ';' expected.
../../node_modules/@types/babel__traverse/ts4.1/index.d.ts(613,57): error TS1005: ';' expected.
../../node_modules/@types/babel__traverse/ts4.1/index.d.ts(613,60): error TS1005: ';' expected.
../../node_modules/@types/babel__traverse/ts4.1/index.d.ts(613,92): error TS1005: '(' expected.
../../node_modules/@types/babel__traverse/ts4.1/index.d.ts(614,31): error TS1109: Expression expected.
../../node_modules/@types/babel__traverse/ts4.1/index.d.ts(614,47): error TS1005: ';' expected.
../../node_modules/@types/babel__traverse/ts4.1/index.d.ts(614,54): error TS1005: ';' expected.
../../node_modules/@types/babel__traverse/ts4.1/index.d.ts(614,57): error TS1005: ';' expected.
../../node_modules/@types/babel__traverse/ts4.1/index.d.ts(614,86): error TS1005: '(' expected.
../../node_modules/@types/babel__traverse/ts4.1/index.d.ts(615,38): error TS1109: Expression expected.
../../node_modules/@types/babel__traverse/ts4.1/index.d.ts(615,54): error TS1005: ';' expected.
../../node_modules/@types/babel__traverse/ts4.1/index.d.ts(615,61): error TS1005: ';' expected.
../../node_modules/@types/babel__traverse/ts4.1/index.d.ts(615,64): error TS1005: ';' expected.
../../node_modules/@types/babel__traverse/ts4.1/index.d.ts(615,100): error TS1005: '(' expected.
../../node_modules/@types/babel__traverse/ts4.1/index.d.ts(616,36): error TS1109: Expression expected.
../../node_modules/@types/babel__traverse/ts4.1/index.d.ts(616,52): error TS1005: ';' expected.
../../node_modules/@types/babel__traverse/ts4.1/index.d.ts(616,59): error TS1005: ';' expected.
../../node_modules/@types/babel__traverse/ts4.1/index.d.ts(616,62): error TS1005: ';' expected.
../../node_modules/@types/babel__traverse/ts4.1/index.d.ts(616,96): error TS1005: '(' expected.
../../node_modules/@types/babel__traverse/ts4.1/index.d.ts(617,36): error TS1109: Expression expected.
../../node_modules/@types/babel__traverse/ts4.1/index.d.ts(617,52): error TS1005: ';' expected.
../../node_modules/@types/babel__traverse/ts4.1/index.d.ts(617,59): error TS1005: ';' expected.
../../node_modules/@types/babel__traverse/ts4.1/index.d.ts(617,62): error TS1005: ';' expected.
../../node_modules/@types/babel__traverse/ts4.1/index.d.ts(617,96): error TS1005: '(' expected.
../../node_modules/@types/babel__traverse/ts4.1/index.d.ts(618,38): error TS1109: Expression expected.
../../node_modules/@types/babel__traverse/ts4.1/index.d.ts(618,54): error TS1005: ';' expected.
../../node_modules/@types/babel__traverse/ts4.1/index.d.ts(618,61): error TS1005: ';' expected.
../../node_modules/@types/babel__traverse/ts4.1/index.d.ts(618,64): error TS1005: ';' expected.
../../node_modules/@types/babel__traverse/ts4.1/index.d.ts(618,100): error TS1005: '(' expected.
../../node_modules/@types/babel__traverse/ts4.1/index.d.ts(619,29): error TS1109: Expression expected.
../../node_modules/@types/babel__traverse/ts4.1/index.d.ts(619,45): error TS1005: ';' expected.
../../node_modules/@types/babel__traverse/ts4.1/index.d.ts(619,52): error TS1005: ';' expected.
../../node_modules/@types/babel__traverse/ts4.1/index.d.ts(619,55): error TS1005: ';' expected.
../../node_modules/@types/babel__traverse/ts4.1/index.d.ts(619,82): error TS1005: '(' expected.
../../node_modules/@types/babel__traverse/ts4.1/index.d.ts(620,24): error TS1109: Expression expected.
../../node_modules/@types/babel__traverse/ts4.1/index.d.ts(620,40): error TS1005: ';' expected.
../../node_modules/@types/babel__traverse/ts4.1/index.d.ts(620,47): error TS1005: ';' expected.
../../node_modules/@types/babel__traverse/ts4.1/index.d.ts(620,50): error TS1005: ';' expected.
../../node_modules/@types/babel__traverse/ts4.1/index.d.ts(620,72): error TS1005: '(' expected.
../../node_modules/@types/babel__traverse/ts4.1/index.d.ts(621,33): error TS1109: Expression expected.
../../node_modules/@types/babel__traverse/ts4.1/index.d.ts(621,49): error TS1005: ';' expected.
../../node_modules/@types/babel__traverse/ts4.1/index.d.ts(621,56): error TS1005: ';' expected.
../../node_modules/@types/babel__traverse/ts4.1/index.d.ts(621,59): error TS1005: ';' expected.
../../node_modules/@types/babel__traverse/ts4.1/index.d.ts(621,90): error TS1005: '(' expected.
../../node_modules/@types/babel__traverse/ts4.1/index.d.ts(622,31): error TS1109: Expression expected.
../../node_modules/@types/babel__traverse/ts4.1/index.d.ts(622,47): error TS1005: ';' expected.
../../node_modules/@types/babel__traverse/ts4.1/index.d.ts(622,54): error TS1005: ';' expected.
../../node_modules/@types/babel__traverse/ts4.1/index.d.ts(622,57): error TS1005: ';' expected.
../../node_modules/@types/babel__traverse/ts4.1/index.d.ts(622,86): error TS1005: '(' expected.
../../node_modules/@types/babel__traverse/ts4.1/index.d.ts(623,18): error TS1109: Expression expected.
../../node_modules/@types/babel__traverse/ts4.1/index.d.ts(623,34): error TS1005: ';' expected.
../../node_modules/@types/babel__traverse/ts4.1/index.d.ts(623,41): error TS1005: ';' expected.
../../node_modules/@types/babel__traverse/ts4.1/index.d.ts(623,44): error TS1005: ';' expected.
../../node_modules/@types/babel__traverse/ts4.1/index.d.ts(623,60): error TS1005: '(' expected.
../../node_modules/@types/babel__traverse/ts4.1/index.d.ts(624,18): error TS1109: Expression expected.
../../node_modules/@types/babel__traverse/ts4.1/index.d.ts(624,34): error TS1005: ';' expected.
../../node_modules/@types/babel__traverse/ts4.1/index.d.ts(624,41): error TS1005: ';' expected.
../../node_modules/@types/babel__traverse/ts4.1/index.d.ts(624,44): error TS1005: ';' expected.
../../node_modules/@types/babel__traverse/ts4.1/index.d.ts(624,60): error TS1005: '(' expected.
../../node_modules/@types/babel__traverse/ts4.1/index.d.ts(625,32): error TS1109: Expression expected.
../../node_modules/@types/babel__traverse/ts4.1/index.d.ts(625,48): error TS1005: ';' expected.
../../node_modules/@types/babel__traverse/ts4.1/index.d.ts(625,55): error TS1005: ';' expected.
../../node_modules/@types/babel__traverse/ts4.1/index.d.ts(625,58): error TS1005: ';' expected.
../../node_modules/@types/babel__traverse/ts4.1/index.d.ts(625,88): error TS1005: '(' expected.
../../node_modules/@types/babel__traverse/ts4.1/index.d.ts(626,29): error TS1109: Expression expected.
../../node_modules/@types/babel__traverse/ts4.1/index.d.ts(626,45): error TS1005: ';' expected.
../../node_modules/@types/babel__traverse/ts4.1/index.d.ts(626,52): error TS1005: ';' expected.
../../node_modules/@types/babel__traverse/ts4.1/index.d.ts(626,55): error TS1005: ';' expected.
../../node_modules/@types/babel__traverse/ts4.1/index.d.ts(626,82): error TS1005: '(' expected.
../../node_modules/@types/babel__traverse/ts4.1/index.d.ts(627,27): error TS1109: Expression expected.
../../node_modules/@types/babel__traverse/ts4.1/index.d.ts(627,43): error TS1005: ';' expected.
../../node_modules/@types/babel__traverse/ts4.1/index.d.ts(627,50): error TS1005: ';' expected.
../../node_modules/@types/babel__traverse/ts4.1/index.d.ts(627,53): error TS1005: ';' expected.
../../node_modules/@types/babel__traverse/ts4.1/index.d.ts(627,78): error TS1005: '(' expected.
../../node_modules/@types/babel__traverse/ts4.1/index.d.ts(628,22): error TS1109: Expression expected.
../../node_modules/@types/babel__traverse/ts4.1/index.d.ts(628,38): error TS1005: ';' expected.
../../node_modules/@types/babel__traverse/ts4.1/index.d.ts(628,45): error TS1005: ';' expected.
../../node_modules/@types/babel__traverse/ts4.1/index.d.ts(628,48): error TS1005: ';' expected.
../../node_modules/@types/babel__traverse/ts4.1/index.d.ts(628,68): error TS1005: '(' expected.
../../node_modules/@types/babel__traverse/ts4.1/index.d.ts(629,17): error TS1109: Expression expected.
../../node_modules/@types/babel__traverse/ts4.1/index.d.ts(629,33): error TS1005: ';' expected.
../../node_modules/@types/babel__traverse/ts4.1/index.d.ts(629,40): error TS1005: ';' expected.
../../node_modules/@types/babel__traverse/ts4.1/index.d.ts(629,43): error TS1005: ';' expected.
../../node_modules/@types/babel__traverse/ts4.1/index.d.ts(629,58): error TS1005: '(' expected.
../../node_modules/@types/babel__traverse/ts4.1/index.d.ts(630,28): error TS1109: Expression expected.
../../node_modules/@types/babel__traverse/ts4.1/index.d.ts(630,44): error TS1005: ';' expected.
../../node_modules/@types/babel__traverse/ts4.1/index.d.ts(630,51): error TS1005: ';' expected.
../../node_modules/@types/babel__traverse/ts4.1/index.d.ts(630,54): error TS1005: ';' expected.
../../node_modules/@types/babel__traverse/ts4.1/index.d.ts(630,80): error TS1005: '(' expected.
../../node_modules/@types/babel__traverse/ts4.1/index.d.ts(631,28): error TS1109: Expression expected.
../../node_modules/@types/babel__traverse/ts4.1/index.d.ts(631,44): error TS1005: ';' expected.
../../node_modules/@types/babel__traverse/ts4.1/index.d.ts(631,51): error TS1005: ';' expected.
../../node_modules/@types/babel__traverse/ts4.1/index.d.ts(631,54): error TS1005: ';' expected.
../../node_modules/@types/babel__traverse/ts4.1/index.d.ts(631,80): error TS1005: '(' expected.
../../node_modules/@types/babel__traverse/ts4.1/index.d.ts(632,26): error TS1109: Expression expected.
../../node_modules/@types/babel__traverse/ts4.1/index.d.ts(632,42): error TS1005: ';' expected.
../../node_modules/@types/babel__traverse/ts4.1/index.d.ts(632,49): error TS1005: ';' expected.
../../node_modules/@types/babel__traverse/ts4.1/index.d.ts(632,52): error TS1005: ';' expected.
../../node_modules/@types/babel__traverse/ts4.1/index.d.ts(632,76): error TS1005: '(' expected.
../../node_modules/@types/babel__traverse/ts4.1/index.d.ts(633,27): error TS1109: Expression expected.
../../node_modules/@types/babel__traverse/ts4.1/index.d.ts(633,43): error TS1005: ';' expected.
../../node_modules/@types/babel__traverse/ts4.1/index.d.ts(633,50): error TS1005: ';' expected.
../../node_modules/@types/babel__traverse/ts4.1/index.d.ts(633,53): error TS1005: ';' expected.
../../node_modules/@types/babel__traverse/ts4.1/index.d.ts(633,78): error TS1005: '(' expected.
../../node_modules/@types/babel__traverse/ts4.1/index.d.ts(634,22): error TS1109: Expression expected.
../../node_modules/@types/babel__traverse/ts4.1/index.d.ts(634,38): error TS1005: ';' expected.
../../node_modules/@types/babel__traverse/ts4.1/index.d.ts(634,45): error TS1005: ';' expected.
../../node_modules/@types/babel__traverse/ts4.1/index.d.ts(634,48): error TS1005: ';' expected.
../../node_modules/@types/babel__traverse/ts4.1/index.d.ts(634,68): error TS1005: '(' expected.
../../node_modules/@types/babel__traverse/ts4.1/index.d.ts(635,33): error TS1109: Expression expected.
../../node_modules/@types/babel__traverse/ts4.1/index.d.ts(635,49): error TS1005: ';' expected.
../../node_modules/@types/babel__traverse/ts4.1/index.d.ts(635,56): error TS1005: ';' expected.
../../node_modules/@types/babel__traverse/ts4.1/index.d.ts(635,59): error TS1005: ';' expected.
../../node_modules/@types/babel__traverse/ts4.1/index.d.ts(635,90): error TS1005: '(' expected.
../../node_modules/@types/babel__traverse/ts4.1/index.d.ts(636,32): error TS1109: Expression expected.
../../node_modules/@types/babel__traverse/ts4.1/index.d.ts(636,48): error TS1005: ';' expected.
../../node_modules/@types/babel__traverse/ts4.1/index.d.ts(636,55): error TS1005: ';' expected.
../../node_modules/@types/babel__traverse/ts4.1/index.d.ts(636,58): error TS1005: ';' expected.
../../node_modules/@types/babel__traverse/ts4.1/index.d.ts(636,88): error TS1005: '(' expected.
../../node_modules/@types/babel__traverse/ts4.1/index.d.ts(637,28): error TS1109: Expression expected.
../../node_modules/@types/babel__traverse/ts4.1/index.d.ts(637,44): error TS1005: ';' expected.
../../node_modules/@types/babel__traverse/ts4.1/index.d.ts(637,51): error TS1005: ';' expected.
../../node_modules/@types/babel__traverse/ts4.1/index.d.ts(637,54): error TS1005: ';' expected.
../../node_modules/@types/babel__traverse/ts4.1/index.d.ts(637,80): error TS1005: '(' expected.
../../node_modules/@types/babel__traverse/ts4.1/index.d.ts(638,36): error TS1109: Expression expected.
../../node_modules/@types/babel__traverse/ts4.1/index.d.ts(638,52): error TS1005: ';' expected.
../../node_modules/@types/babel__traverse/ts4.1/index.d.ts(638,59): error TS1005: ';' expected.
../../node_modules/@types/babel__traverse/ts4.1/index.d.ts(638,62): error TS1005: ';' expected.
../../node_modules/@types/babel__traverse/ts4.1/index.d.ts(638,96): error TS1005: '(' expected.
../../node_modules/@types/babel__traverse/ts4.1/index.d.ts(639,31): error TS1109: Expression expected.
../../node_modules/@types/babel__traverse/ts4.1/index.d.ts(639,47): error TS1005: ';' expected.
../../node_modules/@types/babel__traverse/ts4.1/index.d.ts(639,54): error TS1005: ';' expected.
../../node_modules/@types/babel__traverse/ts4.1/index.d.ts(639,57): error TS1005: ';' expected.
../../node_modules/@types/babel__traverse/ts4.1/index.d.ts(639,86): error TS1005: '(' expected.
../../node_modules/@types/babel__traverse/ts4.1/index.d.ts(640,35): error TS1109: Expression expected.
../../node_modules/@types/babel__traverse/ts4.1/index.d.ts(640,51): error TS1005: ';' expected.
../../node_modules/@types/babel__traverse/ts4.1/index.d.ts(640,58): error TS1005: ';' expected.
../../node_modules/@types/babel__traverse/ts4.1/index.d.ts(640,61): error TS1005: ';' expected.
../../node_modules/@types/babel__traverse/ts4.1/index.d.ts(640,94): error TS1005: '(' expected.
../../node_modules/@types/babel__traverse/ts4.1/index.d.ts(641,24): error TS1109: Expression expected.
../../node_modules/@types/babel__traverse/ts4.1/index.d.ts(641,40): error TS1005: ';' expected.
../../node_modules/@types/babel__traverse/ts4.1/index.d.ts(641,47): error TS1005: ';' expected.
../../node_modules/@types/babel__traverse/ts4.1/index.d.ts(641,50): error TS1005: ';' expected.
../../node_modules/@types/babel__traverse/ts4.1/index.d.ts(641,72): error TS1005: '(' expected.
../../node_modules/@types/babel__traverse/ts4.1/index.d.ts(642,25): error TS1109: Expression expected.
../../node_modules/@types/babel__traverse/ts4.1/index.d.ts(642,41): error TS1005: ';' expected.
../../node_modules/@types/babel__traverse/ts4.1/index.d.ts(642,48): error TS1005: ';' expected.
../../node_modules/@types/babel__traverse/ts4.1/index.d.ts(642,51): error TS1005: ';' expected.
../../node_modules/@types/babel__traverse/ts4.1/index.d.ts(642,74): error TS1005: '(' expected.
../../node_modules/@types/babel__traverse/ts4.1/index.d.ts(643,23): error TS1109: Expression expected.
../../node_modules/@types/babel__traverse/ts4.1/index.d.ts(643,39): error TS1005: ';' expected.
../../node_modules/@types/babel__traverse/ts4.1/index.d.ts(643,46): error TS1005: ';' expected.
../../node_modules/@types/babel__traverse/ts4.1/index.d.ts(643,49): error TS1005: ';' expected.
../../node_modules/@types/babel__traverse/ts4.1/index.d.ts(643,70): error TS1005: '(' expected.
../../node_modules/@types/babel__traverse/ts4.1/index.d.ts(644,20): error TS1109: Expression expected.
../../node_modules/@types/babel__traverse/ts4.1/index.d.ts(644,36): error TS1005: ';' expected.
../../node_modules/@types/babel__traverse/ts4.1/index.d.ts(644,43): error TS1005: ';' expected.
../../node_modules/@types/babel__traverse/ts4.1/index.d.ts(644,46): error TS1005: ';' expected.
../../node_modules/@types/babel__traverse/ts4.1/index.d.ts(644,64): error TS1005: '(' expected.
../../node_modules/@types/babel__traverse/ts4.1/index.d.ts(645,31): error TS1109: Expression expected.
../../node_modules/@types/babel__traverse/ts4.1/index.d.ts(645,47): error TS1005: ';' expected.
../../node_modules/@types/babel__traverse/ts4.1/index.d.ts(645,54): error TS1005: ';' expected.
../../node_modules/@types/babel__traverse/ts4.1/index.d.ts(645,57): error TS1005: ';' expected.
../../node_modules/@types/babel__traverse/ts4.1/index.d.ts(645,86): error TS1005: '(' expected.
../../node_modules/@types/babel__traverse/ts4.1/index.d.ts(646,36): error TS1109: Expression expected.
../../node_modules/@types/babel__traverse/ts4.1/index.d.ts(646,52): error TS1005: ';' expected.
../../node_modules/@types/babel__traverse/ts4.1/index.d.ts(646,59): error TS1005: ';' expected.
../../node_modules/@types/babel__traverse/ts4.1/index.d.ts(646,62): error TS1005: ';' expected.
../../node_modules/@types/babel__traverse/ts4.1/index.d.ts(646,96): error TS1005: '(' expected.
../../node_modules/@types/babel__traverse/ts4.1/index.d.ts(647,38): error TS1109: Expression expected.
../../node_modules/@types/babel__traverse/ts4.1/index.d.ts(647,54): error TS1005: ';' expected.
../../node_modules/@types/babel__traverse/ts4.1/index.d.ts(647,61): error TS1005: ';' expected.
../../node_modules/@types/babel__traverse/ts4.1/index.d.ts(647,64): error TS1005: ';' expected.
../../node_modules/@types/babel__traverse/ts4.1/index.d.ts(647,100): error TS1005: '(' expected.
../../node_modules/@types/babel__traverse/ts4.1/index.d.ts(648,29): error TS1109: Expression expected.
../../node_modules/@types/babel__traverse/ts4.1/index.d.ts(648,45): error TS1005: ';' expected.
../../node_modules/@types/babel__traverse/ts4.1/index.d.ts(648,52): error TS1005: ';' expected.
../../node_modules/@types/babel__traverse/ts4.1/index.d.ts(648,55): error TS1005: ';' expected.
../../node_modules/@types/babel__traverse/ts4.1/index.d.ts(648,82): error TS1005: '(' expected.
../../node_modules/@types/babel__traverse/ts4.1/index.d.ts(649,31): error TS1109: Expression expected.
../../node_modules/@types/babel__traverse/ts4.1/index.d.ts(649,47): error TS1005: ';' expected.
../../node_modules/@types/babel__traverse/ts4.1/index.d.ts(649,54): error TS1005: ';' expected.
../../node_modules/@types/babel__traverse/ts4.1/index.d.ts(649,57): error TS1005: ';' expected.
../../node_modules/@types/babel__traverse/ts4.1/index.d.ts(649,86): error TS1005: '(' expected.
../../node_modules/@types/babel__traverse/ts4.1/index.d.ts(650,34): error TS1109: Expression expected.
../../node_modules/@types/babel__traverse/ts4.1/index.d.ts(650,50): error TS1005: ';' expected.
../../node_modules/@types/babel__traverse/ts4.1/index.d.ts(650,57): error TS1005: ';' expected.
../../node_modules/@types/babel__traverse/ts4.1/index.d.ts(650,60): error TS1005: ';' expected.
../../node_modules/@types/babel__traverse/ts4.1/index.d.ts(650,92): error TS1005: '(' expected.
../../node_modules/@types/babel__traverse/ts4.1/index.d.ts(651,30): error TS1109: Expression expected.
../../node_modules/@types/babel__traverse/ts4.1/index.d.ts(651,46): error TS1005: ';' expected.
../../node_modules/@types/babel__traverse/ts4.1/index.d.ts(651,53): error TS1005: ';' expected.
../../node_modules/@types/babel__traverse/ts4.1/index.d.ts(651,56): error TS1005: ';' expected.
../../node_modules/@types/babel__traverse/ts4.1/index.d.ts(651,84): error TS1005: '(' expected.
../../node_modules/@types/babel__traverse/ts4.1/index.d.ts(652,37): error TS1109: Expression expected.
../../node_modules/@types/babel__traverse/ts4.1/index.d.ts(652,53): error TS1005: ';' expected.
../../node_modules/@types/babel__traverse/ts4.1/index.d.ts(652,60): error TS1005: ';' expected.
../../node_modules/@types/babel__traverse/ts4.1/index.d.ts(652,63): error TS1005: ';' expected.
../../node_modules/@types/babel__traverse/ts4.1/index.d.ts(652,98): error TS1005: '(' expected.
../../node_modules/@types/babel__traverse/ts4.1/index.d.ts(653,34): error TS1109: Expression expected.
../../node_modules/@types/babel__traverse/ts4.1/index.d.ts(653,50): error TS1005: ';' expected.
../../node_modules/@types/babel__traverse/ts4.1/index.d.ts(653,57): error TS1005: ';' expected.
../../node_modules/@types/babel__traverse/ts4.1/index.d.ts(653,60): error TS1005: ';' expected.
../../node_modules/@types/babel__traverse/ts4.1/index.d.ts(653,92): error TS1005: '(' expected.
../../node_modules/@types/babel__traverse/ts4.1/index.d.ts(654,40): error TS1109: Expression expected.
../../node_modules/@types/babel__traverse/ts4.1/index.d.ts(654,56): error TS1005: ';' expected.
../../node_modules/@types/babel__traverse/ts4.1/index.d.ts(654,63): error TS1005: ';' expected.
../../node_modules/@types/babel__traverse/ts4.1/index.d.ts(654,66): error TS1005: ';' expected.
../../node_modules/@types/babel__traverse/ts4.1/index.d.ts(654,104): error TS1005: '(' expected.
../../node_modules/@types/babel__traverse/ts4.1/index.d.ts(655,17): error TS1109: Expression expected.
../../node_modules/@types/babel__traverse/ts4.1/index.d.ts(655,33): error TS1005: ';' expected.
../../node_modules/@types/babel__traverse/ts4.1/index.d.ts(655,40): error TS1005: ';' expected.
../../node_modules/@types/babel__traverse/ts4.1/index.d.ts(655,43): error TS1005: ';' expected.
../../node_modules/@types/babel__traverse/ts4.1/index.d.ts(655,58): error TS1005: '(' expected.
../../node_modules/@types/babel__traverse/ts4.1/index.d.ts(656,26): error TS1109: Expression expected.
../../node_modules/@types/babel__traverse/ts4.1/index.d.ts(656,42): error TS1005: ';' expected.
../../node_modules/@types/babel__traverse/ts4.1/index.d.ts(656,49): error TS1005: ';' expected.
../../node_modules/@types/babel__traverse/ts4.1/index.d.ts(656,52): error TS1005: ';' expected.
../../node_modules/@types/babel__traverse/ts4.1/index.d.ts(656,76): error TS1005: '(' expected.
../../node_modules/@types/babel__traverse/ts4.1/index.d.ts(657,31): error TS1109: Expression expected.
../../node_modules/@types/babel__traverse/ts4.1/index.d.ts(657,47): error TS1005: ';' expected.
../../node_modules/@types/babel__traverse/ts4.1/index.d.ts(657,54): error TS1005: ';' expected.
../../node_modules/@types/babel__traverse/ts4.1/index.d.ts(657,57): error TS1005: ';' expected.
../../node_modules/@types/babel__traverse/ts4.1/index.d.ts(657,86): error TS1005: '(' expected.
../../node_modules/@types/babel__traverse/ts4.1/index.d.ts(658,32): error TS1109: Expression expected.
../../node_modules/@types/babel__traverse/ts4.1/index.d.ts(658,48): error TS1005: ';' expected.
../../node_modules/@types/babel__traverse/ts4.1/index.d.ts(658,55): error TS1005: ';' expected.
../../node_modules/@types/babel__traverse/ts4.1/index.d.ts(658,58): error TS1005: ';' expected.
../../node_modules/@types/babel__traverse/ts4.1/index.d.ts(658,88): error TS1005: '(' expected.
../../node_modules/@types/babel__traverse/ts4.1/index.d.ts(659,24): error TS1109: Expression expected.
../../node_modules/@types/babel__traverse/ts4.1/index.d.ts(659,40): error TS1005: ';' expected.
../../node_modules/@types/babel__traverse/ts4.1/index.d.ts(659,47): error TS1005: ';' expected.
../../node_modules/@types/babel__traverse/ts4.1/index.d.ts(659,50): error TS1005: ';' expected.
../../node_modules/@types/babel__traverse/ts4.1/index.d.ts(659,72): error TS1005: '(' expected.
../../node_modules/@types/babel__traverse/ts4.1/index.d.ts(660,32): error TS1109: Expression expected.
../../node_modules/@types/babel__traverse/ts4.1/index.d.ts(660,48): error TS1005: ';' expected.
../../node_modules/@types/babel__traverse/ts4.1/index.d.ts(660,55): error TS1005: ';' expected.
../../node_modules/@types/babel__traverse/ts4.1/index.d.ts(660,58): error TS1005: ';' expected.
../../node_modules/@types/babel__traverse/ts4.1/index.d.ts(660,88): error TS1005: '(' expected.
../../node_modules/@types/babel__traverse/ts4.1/index.d.ts(661,36): error TS1109: Expression expected.
../../node_modules/@types/babel__traverse/ts4.1/index.d.ts(661,52): error TS1005: ';' expected.
../../node_modules/@types/babel__traverse/ts4.1/index.d.ts(661,59): error TS1005: ';' expected.
../../node_modules/@types/babel__traverse/ts4.1/index.d.ts(661,62): error TS1005: ';' expected.
../../node_modules/@types/babel__traverse/ts4.1/index.d.ts(661,96): error TS1005: '(' expected.
../../node_modules/@types/babel__traverse/ts4.1/index.d.ts(662,25): error TS1109: Expression expected.
../../node_modules/@types/babel__traverse/ts4.1/index.d.ts(662,41): error TS1005: ';' expected.
../../node_modules/@types/babel__traverse/ts4.1/index.d.ts(662,48): error TS1005: ';' expected.
../../node_modules/@types/babel__traverse/ts4.1/index.d.ts(662,51): error TS1005: ';' expected.
../../node_modules/@types/babel__traverse/ts4.1/index.d.ts(662,74): error TS1005: '(' expected.
../../node_modules/@types/babel__traverse/ts4.1/index.d.ts(663,27): error TS1109: Expression expected.
../../node_modules/@types/babel__traverse/ts4.1/index.d.ts(663,43): error TS1005: ';' expected.
../../node_modules/@types/babel__traverse/ts4.1/index.d.ts(663,50): error TS1005: ';' expected.
../../node_modules/@types/babel__traverse/ts4.1/index.d.ts(663,53): error TS1005: ';' expected.
../../node_modules/@types/babel__traverse/ts4.1/index.d.ts(663,78): error TS1005: '(' expected.
../../node_modules/@types/babel__traverse/ts4.1/index.d.ts(664,33): error TS1109: Expression expected.
../../node_modules/@types/babel__traverse/ts4.1/index.d.ts(664,49): error TS1005: ';' expected.
../../node_modules/@types/babel__traverse/ts4.1/index.d.ts(664,56): error TS1005: ';' expected.
../../node_modules/@types/babel__traverse/ts4.1/index.d.ts(664,59): error TS1005: ';' expected.
../../node_modules/@types/babel__traverse/ts4.1/index.d.ts(664,90): error TS1005: '(' expected.
../../node_modules/@types/babel__traverse/ts4.1/index.d.ts(665,31): error TS1109: Expression expected.
../../node_modules/@types/babel__traverse/ts4.1/index.d.ts(665,47): error TS1005: ';' expected.
../../node_modules/@types/babel__traverse/ts4.1/index.d.ts(665,54): error TS1005: ';' expected.
../../node_modules/@types/babel__traverse/ts4.1/index.d.ts(665,57): error TS1005: ';' expected.
../../node_modules/@types/babel__traverse/ts4.1/index.d.ts(665,86): error TS1005: '(' expected.
../../node_modules/@types/babel__traverse/ts4.1/index.d.ts(666,31): error TS1109: Expression expected.
../../node_modules/@types/babel__traverse/ts4.1/index.d.ts(666,47): error TS1005: ';' expected.
../../node_modules/@types/babel__traverse/ts4.1/index.d.ts(666,54): error TS1005: ';' expected.
../../node_modules/@types/babel__traverse/ts4.1/index.d.ts(666,57): error TS1005: ';' expected.
../../node_modules/@types/babel__traverse/ts4.1/index.d.ts(666,86): error TS1005: '(' expected.
../../node_modules/@types/babel__traverse/ts4.1/index.d.ts(667,32): error TS1109: Expression expected.
../../node_modules/@types/babel__traverse/ts4.1/index.d.ts(667,48): error TS1005: ';' expected.
../../node_modules/@types/babel__traverse/ts4.1/index.d.ts(667,55): error TS1005: ';' expected.
../../node_modules/@types/babel__traverse/ts4.1/index.d.ts(667,58): error TS1005: ';' expected.
../../node_modules/@types/babel__traverse/ts4.1/index.d.ts(667,88): error TS1005: '(' expected.
../../node_modules/@types/babel__traverse/ts4.1/index.d.ts(668,32): error TS1109: Expression expected.
../../node_modules/@types/babel__traverse/ts4.1/index.d.ts(668,48): error TS1005: ';' expected.
../../node_modules/@types/babel__traverse/ts4.1/index.d.ts(668,55): error TS1005: ';' expected.
../../node_modules/@types/babel__traverse/ts4.1/index.d.ts(668,58): error TS1005: ';' expected.
../../node_modules/@types/babel__traverse/ts4.1/index.d.ts(668,88): error TS1005: '(' expected.
../../node_modules/@types/babel__traverse/ts4.1/index.d.ts(669,28): error TS1109: Expression expected.
../../node_modules/@types/babel__traverse/ts4.1/index.d.ts(669,44): error TS1005: ';' expected.
../../node_modules/@types/babel__traverse/ts4.1/index.d.ts(669,51): error TS1005: ';' expected.
../../node_modules/@types/babel__traverse/ts4.1/index.d.ts(669,54): error TS1005: ';' expected.
../../node_modules/@types/babel__traverse/ts4.1/index.d.ts(669,80): error TS1005: '(' expected.
../../node_modules/@types/babel__traverse/ts4.1/index.d.ts(670,21): error TS1109: Expression expected.
../../node_modules/@types/babel__traverse/ts4.1/index.d.ts(670,37): error TS1005: ';' expected.
../../node_modules/@types/babel__traverse/ts4.1/index.d.ts(670,44): error TS1005: ';' expected.
../../node_modules/@types/babel__traverse/ts4.1/index.d.ts(670,47): error TS1005: ';' expected.
../../node_modules/@types/babel__traverse/ts4.1/index.d.ts(670,66): error TS1005: '(' expected.
../../node_modules/@types/babel__traverse/ts4.1/index.d.ts(671,18): error TS1109: Expression expected.
../../node_modules/@types/babel__traverse/ts4.1/index.d.ts(671,34): error TS1005: ';' expected.
../../node_modules/@types/babel__traverse/ts4.1/index.d.ts(671,41): error TS1005: ';' expected.
../../node_modules/@types/babel__traverse/ts4.1/index.d.ts(671,44): error TS1005: ';' expected.
../../node_modules/@types/babel__traverse/ts4.1/index.d.ts(671,60): error TS1005: '(' expected.
../../node_modules/@types/babel__traverse/ts4.1/index.d.ts(672,30): error TS1109: Expression expected.
../../node_modules/@types/babel__traverse/ts4.1/index.d.ts(672,46): error TS1005: ';' expected.
../../node_modules/@types/babel__traverse/ts4.1/index.d.ts(672,53): error TS1005: ';' expected.
../../node_modules/@types/babel__traverse/ts4.1/index.d.ts(672,56): error TS1005: ';' expected.
../../node_modules/@types/babel__traverse/ts4.1/index.d.ts(672,84): error TS1005: '(' expected.
../../node_modules/@types/babel__traverse/ts4.1/index.d.ts(673,21): error TS1109: Expression expected.
../../node_modules/@types/babel__traverse/ts4.1/index.d.ts(673,37): error TS1005: ';' expected.
../../node_modules/@types/babel__traverse/ts4.1/index.d.ts(673,44): error TS1005: ';' expected.
../../node_modules/@types/babel__traverse/ts4.1/index.d.ts(673,47): error TS1005: ';' expected.
../../node_modules/@types/babel__traverse/ts4.1/index.d.ts(673,66): error TS1005: '(' expected.
../../node_modules/@types/babel__traverse/ts4.1/index.d.ts(674,31): error TS1109: Expression expected.
../../node_modules/@types/babel__traverse/ts4.1/index.d.ts(674,47): error TS1005: ';' expected.
../../node_modules/@types/babel__traverse/ts4.1/index.d.ts(674,54): error TS1005: ';' expected.
../../node_modules/@types/babel__traverse/ts4.1/index.d.ts(674,57): error TS1005: ';' expected.
../../node_modules/@types/babel__traverse/ts4.1/index.d.ts(674,86): error TS1005: '(' expected.
../../node_modules/@types/babel__traverse/ts4.1/index.d.ts(675,18): error TS1109: Expression expected.
../../node_modules/@types/babel__traverse/ts4.1/index.d.ts(675,34): error TS1005: ';' expected.
../../node_modules/@types/babel__traverse/ts4.1/index.d.ts(675,41): error TS1005: ';' expected.
../../node_modules/@types/babel__traverse/ts4.1/index.d.ts(675,44): error TS1005: ';' expected.
../../node_modules/@types/babel__traverse/ts4.1/index.d.ts(675,60): error TS1005: '(' expected.
../../node_modules/@types/babel__traverse/ts4.1/index.d.ts(676,30): error TS1109: Expression expected.
../../node_modules/@types/babel__traverse/ts4.1/index.d.ts(676,46): error TS1005: ';' expected.
../../node_modules/@types/babel__traverse/ts4.1/index.d.ts(676,53): error TS1005: ';' expected.
../../node_modules/@types/babel__traverse/ts4.1/index.d.ts(676,56): error TS1005: ';' expected.
../../node_modules/@types/babel__traverse/ts4.1/index.d.ts(676,84): error TS1005: '(' expected.
../../node_modules/@types/babel__traverse/ts4.1/index.d.ts(677,26): error TS1109: Expression expected.
../../node_modules/@types/babel__traverse/ts4.1/index.d.ts(677,42): error TS1005: ';' expected.
../../node_modules/@types/babel__traverse/ts4.1/index.d.ts(677,49): error TS1005: ';' expected.
../../node_modules/@types/babel__traverse/ts4.1/index.d.ts(677,52): error TS1005: ';' expected.
../../node_modules/@types/babel__traverse/ts4.1/index.d.ts(677,76): error TS1005: '(' expected.
../../node_modules/@types/babel__traverse/ts4.1/index.d.ts(678,20): error TS1109: Expression expected.
../../node_modules/@types/babel__traverse/ts4.1/index.d.ts(678,36): error TS1005: ';' expected.
../../node_modules/@types/babel__traverse/ts4.1/index.d.ts(678,43): error TS1005: ';' expected.
../../node_modules/@types/babel__traverse/ts4.1/index.d.ts(678,46): error TS1005: ';' expected.
../../node_modules/@types/babel__traverse/ts4.1/index.d.ts(678,64): error TS1005: '(' expected.
../../node_modules/@types/babel__traverse/ts4.1/index.d.ts(679,33): error TS1109: Expression expected.
../../node_modules/@types/babel__traverse/ts4.1/index.d.ts(679,49): error TS1005: ';' expected.
../../node_modules/@types/babel__traverse/ts4.1/index.d.ts(679,56): error TS1005: ';' expected.
../../node_modules/@types/babel__traverse/ts4.1/index.d.ts(679,59): error TS1005: ';' expected.
../../node_modules/@types/babel__traverse/ts4.1/index.d.ts(679,90): error TS1005: '(' expected.
../../node_modules/@types/babel__traverse/ts4.1/index.d.ts(680,31): error TS1109: Expression expected.
../../node_modules/@types/babel__traverse/ts4.1/index.d.ts(680,47): error TS1005: ';' expected.
../../node_modules/@types/babel__traverse/ts4.1/index.d.ts(680,54): error TS1005: ';' expected.
../../node_modules/@types/babel__traverse/ts4.1/index.d.ts(680,57): error TS1005: ';' expected.
../../node_modules/@types/babel__traverse/ts4.1/index.d.ts(680,86): error TS1005: '(' expected.
../../node_modules/@types/babel__traverse/ts4.1/index.d.ts(681,29): error TS1109: Expression expected.
../../node_modules/@types/babel__traverse/ts4.1/index.d.ts(681,45): error TS1005: ';' expected.
../../node_modules/@types/babel__traverse/ts4.1/index.d.ts(681,52): error TS1005: ';' expected.
../../node_modules/@types/babel__traverse/ts4.1/index.d.ts(681,55): error TS1005: ';' expected.
../../node_modules/@types/babel__traverse/ts4.1/index.d.ts(681,82): error TS1005: '(' expected.
../../node_modules/@types/babel__traverse/ts4.1/index.d.ts(682,27): error TS1109: Expression expected.
../../node_modules/@types/babel__traverse/ts4.1/index.d.ts(682,43): error TS1005: ';' expected.
../../node_modules/@types/babel__traverse/ts4.1/index.d.ts(682,50): error TS1005: ';' expected.
../../node_modules/@types/babel__traverse/ts4.1/index.d.ts(682,53): error TS1005: ';' expected.
../../node_modules/@types/babel__traverse/ts4.1/index.d.ts(682,78): error TS1005: '(' expected.
../../node_modules/@types/babel__traverse/ts4.1/index.d.ts(683,18): error TS1109: Expression expected.
../../node_modules/@types/babel__traverse/ts4.1/index.d.ts(683,34): error TS1005: ';' expected.
../../node_modules/@types/babel__traverse/ts4.1/index.d.ts(683,41): error TS1005: ';' expected.
../../node_modules/@types/babel__traverse/ts4.1/index.d.ts(683,44): error TS1005: ';' expected.
../../node_modules/@types/babel__traverse/ts4.1/index.d.ts(683,60): error TS1005: '(' expected.
../../node_modules/@types/babel__traverse/ts4.1/index.d.ts(684,25): error TS1109: Expression expected.
../../node_modules/@types/babel__traverse/ts4.1/index.d.ts(684,41): error TS1005: ';' expected.
../../node_modules/@types/babel__traverse/ts4.1/index.d.ts(684,48): error TS1005: ';' expected.
../../node_modules/@types/babel__traverse/ts4.1/index.d.ts(684,51): error TS1005: ';' expected.
../../node_modules/@types/babel__traverse/ts4.1/index.d.ts(684,74): error TS1005: '(' expected.
../../node_modules/@types/babel__traverse/ts4.1/index.d.ts(685,39): error TS1109: Expression expected.
../../node_modules/@types/babel__traverse/ts4.1/index.d.ts(685,55): error TS1005: ';' expected.
../../node_modules/@types/babel__traverse/ts4.1/index.d.ts(685,62): error TS1005: ';' expected.
../../node_modules/@types/babel__traverse/ts4.1/index.d.ts(685,65): error TS1005: ';' expected.
../../node_modules/@types/babel__traverse/ts4.1/index.d.ts(685,102): error TS1005: '(' expected.
../../node_modules/@types/babel__traverse/ts4.1/index.d.ts(686,36): error TS1109: Expression expected.
../../node_modules/@types/babel__traverse/ts4.1/index.d.ts(686,52): error TS1005: ';' expected.
../../node_modules/@types/babel__traverse/ts4.1/index.d.ts(686,59): error TS1005: ';' expected.
../../node_modules/@types/babel__traverse/ts4.1/index.d.ts(686,62): error TS1005: ';' expected.
../../node_modules/@types/babel__traverse/ts4.1/index.d.ts(686,96): error TS1005: '(' expected.
../../node_modules/@types/babel__traverse/ts4.1/index.d.ts(689,27): error TS1109: Expression expected.
../../node_modules/@types/babel__traverse/ts4.1/index.d.ts(689,43): error TS1005: ';' expected.
../../node_modules/@types/babel__traverse/ts4.1/index.d.ts(689,50): error TS1005: ';' expected.
../../node_modules/@types/babel__traverse/ts4.1/index.d.ts(689,53): error TS1005: ';' expected.
../../node_modules/@types/babel__traverse/ts4.1/index.d.ts(689,79): error TS1005: '(' expected.
../../node_modules/@types/babel__traverse/ts4.1/index.d.ts(690,41): error TS1109: Expression expected.
../../node_modules/@types/babel__traverse/ts4.1/index.d.ts(690,57): error TS1005: ';' expected.
../../node_modules/@types/babel__traverse/ts4.1/index.d.ts(690,64): error TS1005: ';' expected.
../../node_modules/@types/babel__traverse/ts4.1/index.d.ts(690,67): error TS1005: ';' expected.
../../node_modules/@types/babel__traverse/ts4.1/index.d.ts(690,106): error TS1005: '(' expected.
../../node_modules/@types/babel__traverse/ts4.1/index.d.ts(691,34): error TS1109: Expression expected.
../../node_modules/@types/babel__traverse/ts4.1/index.d.ts(691,50): error TS1005: ';' expected.
../../node_modules/@types/babel__traverse/ts4.1/index.d.ts(691,57): error TS1005: ';' expected.
../../node_modules/@types/babel__traverse/ts4.1/index.d.ts(691,60): error TS1005: ';' expected.
../../node_modules/@types/babel__traverse/ts4.1/index.d.ts(691,92): error TS1005: '(' expected.
../../node_modules/@types/babel__traverse/ts4.1/index.d.ts(692,28): error TS1109: Expression expected.
../../node_modules/@types/babel__traverse/ts4.1/index.d.ts(692,44): error TS1005: ';' expected.
../../node_modules/@types/babel__traverse/ts4.1/index.d.ts(692,51): error TS1005: ';' expected.
../../node_modules/@types/babel__traverse/ts4.1/index.d.ts(692,54): error TS1005: ';' expected.
../../node_modules/@types/babel__traverse/ts4.1/index.d.ts(692,80): error TS1005: '(' expected.
../../node_modules/@types/babel__traverse/ts4.1/index.d.ts(693,30): error TS1109: Expression expected.
../../node_modules/@types/babel__traverse/ts4.1/index.d.ts(693,46): error TS1005: ';' expected.
../../node_modules/@types/babel__traverse/ts4.1/index.d.ts(693,53): error TS1005: ';' expected.
../../node_modules/@types/babel__traverse/ts4.1/index.d.ts(693,56): error TS1005: ';' expected.
../../node_modules/@types/babel__traverse/ts4.1/index.d.ts(693,84): error TS1005: '(' expected.
../../node_modules/@types/babel__traverse/ts4.1/index.d.ts(694,26): error TS1109: Expression expected.
../../node_modules/@types/babel__traverse/ts4.1/index.d.ts(694,42): error TS1005: ';' expected.
../../node_modules/@types/babel__traverse/ts4.1/index.d.ts(694,49): error TS1005: ';' expected.
../../node_modules/@types/babel__traverse/ts4.1/index.d.ts(694,52): error TS1005: ';' expected.
../../node_modules/@types/babel__traverse/ts4.1/index.d.ts(694,76): error TS1005: '(' expected.
../../node_modules/@types/babel__traverse/ts4.1/index.d.ts(695,26): error TS1109: Expression expected.
../../node_modules/@types/babel__traverse/ts4.1/index.d.ts(695,42): error TS1005: ';' expected.
../../node_modules/@types/babel__traverse/ts4.1/index.d.ts(695,49): error TS1005: ';' expected.
../../node_modules/@types/babel__traverse/ts4.1/index.d.ts(695,52): error TS1005: ';' expected.
../../node_modules/@types/babel__traverse/ts4.1/index.d.ts(695,76): error TS1005: '(' expected.
../../node_modules/@types/babel__traverse/ts4.1/index.d.ts(696,27): error TS1109: Expression expected.
../../node_modules/@types/babel__traverse/ts4.1/index.d.ts(696,43): error TS1005: ';' expected.
../../node_modules/@types/babel__traverse/ts4.1/index.d.ts(696,50): error TS1005: ';' expected.
../../node_modules/@types/babel__traverse/ts4.1/index.d.ts(696,53): error TS1005: ';' expected.
../../node_modules/@types/babel__traverse/ts4.1/index.d.ts(696,78): error TS1005: '(' expected.
../../node_modules/@types/babel__traverse/ts4.1/index.d.ts(697,28): error TS1109: Expression expected.
../../node_modules/@types/babel__traverse/ts4.1/index.d.ts(697,44): error TS1005: ';' expected.
../../node_modules/@types/babel__traverse/ts4.1/index.d.ts(697,51): error TS1005: ';' expected.
../../node_modules/@types/babel__traverse/ts4.1/index.d.ts(697,54): error TS1005: ';' expected.
../../node_modules/@types/babel__traverse/ts4.1/index.d.ts(697,80): error TS1005: '(' expected.
../../node_modules/@types/babel__traverse/ts4.1/index.d.ts(698,34): error TS1109: Expression expected.
../../node_modules/@types/babel__traverse/ts4.1/index.d.ts(698,50): error TS1005: ';' expected.
../../node_modules/@types/babel__traverse/ts4.1/index.d.ts(698,57): error TS1005: ';' expected.
../../node_modules/@types/babel__traverse/ts4.1/index.d.ts(698,60): error TS1005: ';' expected.
../../node_modules/@types/babel__traverse/ts4.1/index.d.ts(698,92): error TS1005: '(' expected.
../../node_modules/@types/babel__traverse/ts4.1/index.d.ts(699,36): error TS1109: Expression expected.
../../node_modules/@types/babel__traverse/ts4.1/index.d.ts(699,52): error TS1005: ';' expected.
../../node_modules/@types/babel__traverse/ts4.1/index.d.ts(699,59): error TS1005: ';' expected.
../../node_modules/@types/babel__traverse/ts4.1/index.d.ts(699,62): error TS1005: ';' expected.
../../node_modules/@types/babel__traverse/ts4.1/index.d.ts(699,96): error TS1005: '(' expected.
../../node_modules/@types/babel__traverse/ts4.1/index.d.ts(700,31): error TS1109: Expression expected.
../../node_modules/@types/babel__traverse/ts4.1/index.d.ts(700,47): error TS1005: ';' expected.
../../node_modules/@types/babel__traverse/ts4.1/index.d.ts(700,54): error TS1005: ';' expected.
../../node_modules/@types/babel__traverse/ts4.1/index.d.ts(700,57): error TS1005: ';' expected.
../../node_modules/@types/babel__traverse/ts4.1/index.d.ts(700,86): error TS1005: '(' expected.
../../node_modules/@types/babel__traverse/ts4.1/index.d.ts(701,36): error TS1109: Expression expected.
../../node_modules/@types/babel__traverse/ts4.1/index.d.ts(701,52): error TS1005: ';' expected.
../../node_modules/@types/babel__traverse/ts4.1/index.d.ts(701,59): error TS1005: ';' expected.
../../node_modules/@types/babel__traverse/ts4.1/index.d.ts(701,62): error TS1005: ';' expected.
../../node_modules/@types/babel__traverse/ts4.1/index.d.ts(701,96): error TS1005: '(' expected.
../../node_modules/@types/babel__traverse/ts4.1/index.d.ts(702,32): error TS1109: Expression expected.
../../node_modules/@types/babel__traverse/ts4.1/index.d.ts(702,48): error TS1005: ';' expected.
../../node_modules/@types/babel__traverse/ts4.1/index.d.ts(702,55): error TS1005: ';' expected.
../../node_modules/@types/babel__traverse/ts4.1/index.d.ts(702,58): error TS1005: ';' expected.
../../node_modules/@types/babel__traverse/ts4.1/index.d.ts(702,88): error TS1005: '(' expected.
../../node_modules/@types/babel__traverse/ts4.1/index.d.ts(703,38): error TS1109: Expression expected.
../../node_modules/@types/babel__traverse/ts4.1/index.d.ts(703,54): error TS1005: ';' expected.
../../node_modules/@types/babel__traverse/ts4.1/index.d.ts(703,61): error TS1005: ';' expected.
../../node_modules/@types/babel__traverse/ts4.1/index.d.ts(703,64): error TS1005: ';' expected.
../../node_modules/@types/babel__traverse/ts4.1/index.d.ts(703,100): error TS1005: '(' expected.
../../node_modules/@types/babel__traverse/ts4.1/index.d.ts(704,24): error TS1109: Expression expected.
../../node_modules/@types/babel__traverse/ts4.1/index.d.ts(704,40): error TS1005: ';' expected.
../../node_modules/@types/babel__traverse/ts4.1/index.d.ts(704,47): error TS1005: ';' expected.
../../node_modules/@types/babel__traverse/ts4.1/index.d.ts(704,50): error TS1005: ';' expected.
../../node_modules/@types/babel__traverse/ts4.1/index.d.ts(704,72): error TS1005: '(' expected.
../../node_modules/@types/babel__traverse/ts4.1/index.d.ts(705,36): error TS1109: Expression expected.
../../node_modules/@types/babel__traverse/ts4.1/index.d.ts(705,52): error TS1005: ';' expected.
../../node_modules/@types/babel__traverse/ts4.1/index.d.ts(705,59): error TS1005: ';' expected.
../../node_modules/@types/babel__traverse/ts4.1/index.d.ts(705,62): error TS1005: ';' expected.
../../node_modules/@types/babel__traverse/ts4.1/index.d.ts(705,96): error TS1005: '(' expected.
../../node_modules/@types/babel__traverse/ts4.1/index.d.ts(706,38): error TS1109: Expression expected.
../../node_modules/@types/babel__traverse/ts4.1/index.d.ts(706,54): error TS1005: ';' expected.
../../node_modules/@types/babel__traverse/ts4.1/index.d.ts(706,61): error TS1005: ';' expected.
../../node_modules/@types/babel__traverse/ts4.1/index.d.ts(706,64): error TS1005: ';' expected.
../../node_modules/@types/babel__traverse/ts4.1/index.d.ts(706,100): error TS1005: '(' expected.
../../node_modules/@types/babel__traverse/ts4.1/index.d.ts(707,37): error TS1109: Expression expected.
../../node_modules/@types/babel__traverse/ts4.1/index.d.ts(707,53): error TS1005: ';' expected.
../../node_modules/@types/babel__traverse/ts4.1/index.d.ts(707,60): error TS1005: ';' expected.
../../node_modules/@types/babel__traverse/ts4.1/index.d.ts(707,63): error TS1005: ';' expected.
../../node_modules/@types/babel__traverse/ts4.1/index.d.ts(707,98): error TS1005: '(' expected.
../../node_modules/@types/babel__traverse/ts4.1/index.d.ts(708,21): error TS1109: Expression expected.
../../node_modules/@types/babel__traverse/ts4.1/index.d.ts(708,37): error TS1005: ';' expected.
../../node_modules/@types/babel__traverse/ts4.1/index.d.ts(708,44): error TS1005: ';' expected.
../../node_modules/@types/babel__traverse/ts4.1/index.d.ts(708,47): error TS1005: ';' expected.
../../node_modules/@types/babel__traverse/ts4.1/index.d.ts(708,66): error TS1005: '(' expected.
../../node_modules/@types/babel__traverse/ts4.1/index.d.ts(709,25): error TS1109: Expression expected.
../../node_modules/@types/babel__traverse/ts4.1/index.d.ts(709,41): error TS1005: ';' expected.
../../node_modules/@types/babel__traverse/ts4.1/index.d.ts(709,48): error TS1005: ';' expected.
../../node_modules/@types/babel__traverse/ts4.1/index.d.ts(709,51): error TS1005: ';' expected.
../../node_modules/@types/babel__traverse/ts4.1/index.d.ts(709,74): error TS1005: '(' expected.
../../node_modules/@types/babel__traverse/ts4.1/index.d.ts(710,34): error TS1109: Expression expected.
../../node_modules/@types/babel__traverse/ts4.1/index.d.ts(710,50): error TS1005: ';' expected.
../../node_modules/@types/babel__traverse/ts4.1/index.d.ts(710,57): error TS1005: ';' expected.
../../node_modules/@types/babel__traverse/ts4.1/index.d.ts(710,60): error TS1005: ';' expected.
../../node_modules/@types/babel__traverse/ts4.1/index.d.ts(710,92): error TS1005: '(' expected.
../../node_modules/@types/babel__traverse/ts4.1/index.d.ts(711,43): error TS1109: Expression expected.
../../node_modules/@types/babel__traverse/ts4.1/index.d.ts(711,59): error TS1005: ';' expected.
../../node_modules/@types/babel__traverse/ts4.1/index.d.ts(711,66): error TS1005: ';' expected.
../../node_modules/@types/babel__traverse/ts4.1/index.d.ts(711,69): error TS1005: ';' expected.
../../node_modules/@types/babel__traverse/ts4.1/index.d.ts(711,110): error TS1005: '(' expected.
../../node_modules/@types/babel__traverse/ts4.1/index.d.ts(712,37): error TS1109: Expression expected.
../../node_modules/@types/babel__traverse/ts4.1/index.d.ts(712,53): error TS1005: ';' expected.
../../node_modules/@types/babel__traverse/ts4.1/index.d.ts(712,60): error TS1005: ';' expected.
../../node_modules/@types/babel__traverse/ts4.1/index.d.ts(712,63): error TS1005: ';' expected.
../../node_modules/@types/babel__traverse/ts4.1/index.d.ts(712,98): error TS1005: '(' expected.
../../node_modules/@types/babel__traverse/ts4.1/index.d.ts(713,21): error TS1109: Expression expected.
../../node_modules/@types/babel__traverse/ts4.1/index.d.ts(713,37): error TS1005: ';' expected.
../../node_modules/@types/babel__traverse/ts4.1/index.d.ts(713,44): error TS1005: ';' expected.
../../node_modules/@types/babel__traverse/ts4.1/index.d.ts(713,47): error TS1005: ';' expected.
../../node_modules/@types/babel__traverse/ts4.1/index.d.ts(713,66): error TS1005: '(' expected.
../../node_modules/@types/babel__traverse/ts4.1/index.d.ts(714,25): error TS1109: Expression expected.
../../node_modules/@types/babel__traverse/ts4.1/index.d.ts(714,41): error TS1005: ';' expected.
../../node_modules/@types/babel__traverse/ts4.1/index.d.ts(714,48): error TS1005: ';' expected.
../../node_modules/@types/babel__traverse/ts4.1/index.d.ts(714,51): error TS1005: ';' expected.
../../node_modules/@types/babel__traverse/ts4.1/index.d.ts(714,74): error TS1005: '(' expected.
../../node_modules/@types/babel__traverse/ts4.1/index.d.ts(715,21): error TS1109: Expression expected.
../../node_modules/@types/babel__traverse/ts4.1/index.d.ts(715,37): error TS1005: ';' expected.
../../node_modules/@types/babel__traverse/ts4.1/index.d.ts(715,44): error TS1005: ';' expected.
../../node_modules/@types/babel__traverse/ts4.1/index.d.ts(715,47): error TS1005: ';' expected.
../../node_modules/@types/babel__traverse/ts4.1/index.d.ts(715,66): error TS1005: '(' expected.
../../node_modules/@types/babel__traverse/ts4.1/index.d.ts(716,22): error TS1109: Expression expected.
../../node_modules/@types/babel__traverse/ts4.1/index.d.ts(716,38): error TS1005: ';' expected.
../../node_modules/@types/babel__traverse/ts4.1/index.d.ts(716,45): error TS1005: ';' expected.
../../node_modules/@types/babel__traverse/ts4.1/index.d.ts(716,48): error TS1005: ';' expected.
../../node_modules/@types/babel__traverse/ts4.1/index.d.ts(716,68): error TS1005: '(' expected.
../../node_modules/@types/babel__traverse/ts4.1/index.d.ts(717,21): error TS1109: Expression expected.
../../node_modules/@types/babel__traverse/ts4.1/index.d.ts(717,37): error TS1005: ';' expected.
../../node_modules/@types/babel__traverse/ts4.1/index.d.ts(717,44): error TS1005: ';' expected.
../../node_modules/@types/babel__traverse/ts4.1/index.d.ts(717,47): error TS1005: ';' expected.
../../node_modules/@types/babel__traverse/ts4.1/index.d.ts(717,66): error TS1005: '(' expected.
../../node_modules/@types/babel__traverse/ts4.1/index.d.ts(718,37): error TS1109: Expression expected.
../../node_modules/@types/babel__traverse/ts4.1/index.d.ts(718,53): error TS1005: ';' expected.
../../node_modules/@types/babel__traverse/ts4.1/index.d.ts(718,60): error TS1005: ';' expected.
../../node_modules/@types/babel__traverse/ts4.1/index.d.ts(718,63): error TS1005: ';' expected.
../../node_modules/@types/babel__traverse/ts4.1/index.d.ts(718,98): error TS1005: '(' expected.
../../node_modules/@types/babel__traverse/ts4.1/index.d.ts(719,27): error TS1109: Expression expected.
../../node_modules/@types/babel__traverse/ts4.1/index.d.ts(719,43): error TS1005: ';' expected.
../../node_modules/@types/babel__traverse/ts4.1/index.d.ts(719,50): error TS1005: ';' expected.
../../node_modules/@types/babel__traverse/ts4.1/index.d.ts(719,53): error TS1005: ';' expected.
../../node_modules/@types/babel__traverse/ts4.1/index.d.ts(719,78): error TS1005: '(' expected.
../../node_modules/@types/babel__traverse/ts4.1/index.d.ts(722,26): error TS1109: Expression expected.
../../node_modules/@types/babel__traverse/ts4.1/index.d.ts(722,42): error TS1005: ';' expected.
../../node_modules/@types/babel__traverse/ts4.1/index.d.ts(722,49): error TS1005: ';' expected.
../../node_modules/@types/babel__traverse/ts4.1/index.d.ts(722,52): error TS1005: ';' expected.
../../node_modules/@types/babel__traverse/ts4.1/index.d.ts(722,77): error TS1005: '(' expected.
../../node_modules/@types/babel__traverse/ts4.1/index.d.ts(723,25): error TS1109: Expression expected.
../../node_modules/@types/babel__traverse/ts4.1/index.d.ts(723,41): error TS1005: ';' expected.
../../node_modules/@types/babel__traverse/ts4.1/index.d.ts(723,48): error TS1005: ';' expected.
../../node_modules/@types/babel__traverse/ts4.1/index.d.ts(723,51): error TS1005: ';' expected.
../../node_modules/@types/babel__traverse/ts4.1/index.d.ts(723,74): error TS1005: '(' expected.
../../node_modules/@types/babel__traverse/ts4.1/index.d.ts(726,26): error TS1109: Expression expected.
../../node_modules/@types/babel__traverse/ts4.1/index.d.ts(726,42): error TS1005: ';' expected.
../../node_modules/@types/babel__traverse/ts4.1/index.d.ts(726,49): error TS1005: ';' expected.
../../node_modules/@types/babel__traverse/ts4.1/index.d.ts(726,52): error TS1005: ';' expected.
../../node_modules/@types/babel__traverse/ts4.1/index.d.ts(726,75): error TS1005: '(' expected.
../../node_modules/@types/babel__traverse/ts4.1/index.d.ts(727,29): error TS1109: Expression expected.
../../node_modules/@types/babel__traverse/ts4.1/index.d.ts(727,45): error TS1005: ';' expected.
../../node_modules/@types/babel__traverse/ts4.1/index.d.ts(727,52): error TS1005: ';' expected.
../../node_modules/@types/babel__traverse/ts4.1/index.d.ts(727,55): error TS1005: ';' expected.
../../node_modules/@types/babel__traverse/ts4.1/index.d.ts(727,82): error TS1005: '(' expected.
../../node_modules/@types/babel__traverse/ts4.1/index.d.ts(728,22): error TS1109: Expression expected.
../../node_modules/@types/babel__traverse/ts4.1/index.d.ts(728,38): error TS1005: ';' expected.
../../node_modules/@types/babel__traverse/ts4.1/index.d.ts(728,45): error TS1005: ';' expected.
../../node_modules/@types/babel__traverse/ts4.1/index.d.ts(728,48): error TS1005: ';' expected.
../../node_modules/@types/babel__traverse/ts4.1/index.d.ts(728,68): error TS1005: '(' expected.
../../node_modules/@types/babel__traverse/ts4.1/index.d.ts(729,32): error TS1109: Expression expected.
../../node_modules/@types/babel__traverse/ts4.1/index.d.ts(729,48): error TS1005: ';' expected.
../../node_modules/@types/babel__traverse/ts4.1/index.d.ts(729,55): error TS1005: ';' expected.
../../node_modules/@types/babel__traverse/ts4.1/index.d.ts(729,58): error TS1005: ';' expected.
../../node_modules/@types/babel__traverse/ts4.1/index.d.ts(729,88): error TS1005: '(' expected.
../../node_modules/@types/babel__traverse/ts4.1/index.d.ts(730,27): error TS1109: Expression expected.
../../node_modules/@types/babel__traverse/ts4.1/index.d.ts(730,43): error TS1005: ';' expected.
../../node_modules/@types/babel__traverse/ts4.1/index.d.ts(730,50): error TS1005: ';' expected.
../../node_modules/@types/babel__traverse/ts4.1/index.d.ts(730,53): error TS1005: ';' expected.
../../node_modules/@types/babel__traverse/ts4.1/index.d.ts(730,78): error TS1005: '(' expected.
../../node_modules/@types/babel__traverse/ts4.1/index.d.ts(733,28): error TS1109: Expression expected.
../../node_modules/@types/babel__traverse/ts4.1/index.d.ts(733,44): error TS1005: ';' expected.
../../node_modules/@types/babel__traverse/ts4.1/index.d.ts(733,51): error TS1005: ';' expected.
../../node_modules/@types/babel__traverse/ts4.1/index.d.ts(733,54): error TS1005: ';' expected.
../../node_modules/@types/babel__traverse/ts4.1/index.d.ts(733,79): error TS1005: '(' expected.
../../node_modules/@types/babel__traverse/ts4.1/index.d.ts(734,23): error TS1109: Expression expected.
../../node_modules/@types/babel__traverse/ts4.1/index.d.ts(734,39): error TS1005: ';' expected.
../../node_modules/@types/babel__traverse/ts4.1/index.d.ts(734,46): error TS1005: ';' expected.
../../node_modules/@types/babel__traverse/ts4.1/index.d.ts(734,49): error TS1005: ';' expected.
../../node_modules/@types/babel__traverse/ts4.1/index.d.ts(734,70): error TS1005: '(' expected.
../../node_modules/@types/babel__traverse/ts4.1/index.d.ts(735,27): error TS1109: Expression expected.
../../node_modules/@types/babel__traverse/ts4.1/index.d.ts(735,43): error TS1005: ';' expected.
../../node_modules/@types/babel__traverse/ts4.1/index.d.ts(735,50): error TS1005: ';' expected.
../../node_modules/@types/babel__traverse/ts4.1/index.d.ts(735,53): error TS1005: ';' expected.
../../node_modules/@types/babel__traverse/ts4.1/index.d.ts(735,78): error TS1005: '(' expected.
../../node_modules/@types/babel__traverse/ts4.1/index.d.ts(736,41): error TS1109: Expression expected.
../../node_modules/@types/babel__traverse/ts4.1/index.d.ts(736,57): error TS1005: ';' expected.
../../node_modules/@types/babel__traverse/ts4.1/index.d.ts(736,64): error TS1005: ';' expected.
../../node_modules/@types/babel__traverse/ts4.1/index.d.ts(736,67): error TS1005: ';' expected.
../../node_modules/@types/babel__traverse/ts4.1/index.d.ts(736,106): error TS1005: '(' expected.
../../node_modules/@types/babel__traverse/ts4.1/index.d.ts(737,34): error TS1109: Expression expected.
../../node_modules/@types/babel__traverse/ts4.1/index.d.ts(737,50): error TS1005: ';' expected.
../../node_modules/@types/babel__traverse/ts4.1/index.d.ts(737,57): error TS1005: ';' expected.
../../node_modules/@types/babel__traverse/ts4.1/index.d.ts(737,60): error TS1005: ';' expected.
../../node_modules/@types/babel__traverse/ts4.1/index.d.ts(737,92): error TS1005: '(' expected.
../../node_modules/@types/babel__traverse/ts4.1/index.d.ts(738,19): error TS1109: Expression expected.
../../node_modules/@types/babel__traverse/ts4.1/index.d.ts(738,35): error TS1005: ';' expected.
../../node_modules/@types/babel__traverse/ts4.1/index.d.ts(738,42): error TS1005: ';' expected.
../../node_modules/@types/babel__traverse/ts4.1/index.d.ts(738,45): error TS1005: ';' expected.
../../node_modules/@types/babel__traverse/ts4.1/index.d.ts(738,62): error TS1005: '(' expected.
../../node_modules/@types/babel__traverse/ts4.1/index.d.ts(739,24): error TS1109: Expression expected.
../../node_modules/@types/babel__traverse/ts4.1/index.d.ts(739,40): error TS1005: ';' expected.
../../node_modules/@types/babel__traverse/ts4.1/index.d.ts(739,47): error TS1005: ';' expected.
../../node_modules/@types/babel__traverse/ts4.1/index.d.ts(739,50): error TS1005: ';' expected.
../../node_modules/@types/babel__traverse/ts4.1/index.d.ts(739,72): error TS1005: '(' expected.
../../node_modules/@types/babel__traverse/ts4.1/index.d.ts(740,29): error TS1109: Expression expected.
../../node_modules/@types/babel__traverse/ts4.1/index.d.ts(740,45): error TS1005: ';' expected.
../../node_modules/@types/babel__traverse/ts4.1/index.d.ts(740,52): error TS1005: ';' expected.
../../node_modules/@types/babel__traverse/ts4.1/index.d.ts(740,55): error TS1005: ';' expected.
../../node_modules/@types/babel__traverse/ts4.1/index.d.ts(740,82): error TS1005: '(' expected.
../../node_modules/@types/babel__traverse/ts4.1/index.d.ts(741,26): error TS1109: Expression expected.
../../node_modules/@types/babel__traverse/ts4.1/index.d.ts(741,42): error TS1005: ';' expected.
../../node_modules/@types/babel__traverse/ts4.1/index.d.ts(741,49): error TS1005: ';' expected.
../../node_modules/@types/babel__traverse/ts4.1/index.d.ts(741,52): error TS1005: ';' expected.
../../node_modules/@types/babel__traverse/ts4.1/index.d.ts(741,76): error TS1005: '(' expected.
../../node_modules/@types/babel__traverse/ts4.1/index.d.ts(742,25): error TS1109: Expression expected.
../../node_modules/@types/babel__traverse/ts4.1/index.d.ts(742,41): error TS1005: ';' expected.
../../node_modules/@types/babel__traverse/ts4.1/index.d.ts(742,48): error TS1005: ';' expected.
../../node_modules/@types/babel__traverse/ts4.1/index.d.ts(742,51): error TS1005: ';' expected.
../../node_modules/@types/babel__traverse/ts4.1/index.d.ts(742,74): error TS1005: '(' expected.
../../node_modules/@types/babel__traverse/ts4.1/index.d.ts(743,28): error TS1109: Expression expected.
../../node_modules/@types/babel__traverse/ts4.1/index.d.ts(743,44): error TS1005: ';' expected.
../../node_modules/@types/babel__traverse/ts4.1/index.d.ts(743,51): error TS1005: ';' expected.
../../node_modules/@types/babel__traverse/ts4.1/index.d.ts(743,54): error TS1005: ';' expected.
../../node_modules/@types/babel__traverse/ts4.1/index.d.ts(743,80): error TS1005: '(' expected.
../../node_modules/@types/babel__traverse/ts4.1/index.d.ts(744,30): error TS1109: Expression expected.
../../node_modules/@types/babel__traverse/ts4.1/index.d.ts(744,46): error TS1005: ';' expected.
../../node_modules/@types/babel__traverse/ts4.1/index.d.ts(744,53): error TS1005: ';' expected.
../../node_modules/@types/babel__traverse/ts4.1/index.d.ts(744,56): error TS1005: ';' expected.
../../node_modules/@types/babel__traverse/ts4.1/index.d.ts(744,84): error TS1005: '(' expected.
../../node_modules/@types/babel__traverse/ts4.1/index.d.ts(745,40): error TS1109: Expression expected.
../../node_modules/@types/babel__traverse/ts4.1/index.d.ts(745,56): error TS1005: ';' expected.
../../node_modules/@types/babel__traverse/ts4.1/index.d.ts(745,63): error TS1005: ';' expected.
../../node_modules/@types/babel__traverse/ts4.1/index.d.ts(745,66): error TS1005: ';' expected.
../../node_modules/@types/babel__traverse/ts4.1/index.d.ts(745,104): error TS1005: '(' expected.
../../node_modules/@types/babel__traverse/ts4.1/index.d.ts(746,31): error TS1109: Expression expected.
../../node_modules/@types/babel__traverse/ts4.1/index.d.ts(746,47): error TS1005: ';' expected.
../../node_modules/@types/babel__traverse/ts4.1/index.d.ts(746,54): error TS1005: ';' expected.
../../node_modules/@types/babel__traverse/ts4.1/index.d.ts(746,57): error TS1005: ';' expected.
../../node_modules/@types/babel__traverse/ts4.1/index.d.ts(746,86): error TS1005: '(' expected.
../../node_modules/@types/babel__traverse/ts4.1/index.d.ts(747,45): error TS1109: Expression expected.
../../node_modules/@types/babel__traverse/ts4.1/index.d.ts(747,61): error TS1005: ';' expected.
../../node_modules/@types/babel__traverse/ts4.1/index.d.ts(747,68): error TS1005: ';' expected.
../../node_modules/@types/babel__traverse/ts4.1/index.d.ts(747,71): error TS1005: ';' expected.
../../node_modules/@types/babel__traverse/ts4.1/index.d.ts(747,114): error TS1005: '(' expected.
../../node_modules/@types/babel__traverse/ts4.1/index.d.ts(748,31): error TS1109: Expression expected.
../../node_modules/@types/babel__traverse/ts4.1/index.d.ts(748,47): error TS1005: ';' expected.
../../node_modules/@types/babel__traverse/ts4.1/index.d.ts(748,54): error TS1005: ';' expected.
../../node_modules/@types/babel__traverse/ts4.1/index.d.ts(748,57): error TS1005: ';' expected.
../../node_modules/@types/babel__traverse/ts4.1/index.d.ts(748,86): error TS1005: '(' expected.
../../node_modules/@types/babel__traverse/ts4.1/index.d.ts(749,31): error TS1109: Expression expected.
../../node_modules/@types/babel__traverse/ts4.1/index.d.ts(749,47): error TS1005: ';' expected.
../../node_modules/@types/babel__traverse/ts4.1/index.d.ts(749,54): error TS1005: ';' expected.
../../node_modules/@types/babel__traverse/ts4.1/index.d.ts(749,57): error TS1005: ';' expected.
../../node_modules/@types/babel__traverse/ts4.1/index.d.ts(749,86): error TS1005: '(' expected.
../../node_modules/@types/babel__traverse/ts4.1/index.d.ts(750,29): error TS1109: Expression expected.
../../node_modules/@types/babel__traverse/ts4.1/index.d.ts(750,45): error TS1005: ';' expected.
../../node_modules/@types/babel__traverse/ts4.1/index.d.ts(750,52): error TS1005: ';' expected.
../../node_modules/@types/babel__traverse/ts4.1/index.d.ts(750,55): error TS1005: ';' expected.
../../node_modules/@types/babel__traverse/ts4.1/index.d.ts(750,82): error TS1005: '(' expected.
../../node_modules/@types/babel__traverse/ts4.1/index.d.ts(751,26): error TS1109: Expression expected.
../../node_modules/@types/babel__traverse/ts4.1/index.d.ts(751,42): error TS1005: ';' expected.
../../node_modules/@types/babel__traverse/ts4.1/index.d.ts(751,49): error TS1005: ';' expected.
../../node_modules/@types/babel__traverse/ts4.1/index.d.ts(751,52): error TS1005: ';' expected.
../../node_modules/@types/babel__traverse/ts4.1/index.d.ts(751,76): error TS1005: '(' expected.
../../node_modules/@types/babel__traverse/ts4.1/index.d.ts(752,31): error TS1109: Expression expected.
../../node_modules/@types/babel__traverse/ts4.1/index.d.ts(752,47): error TS1005: ';' expected.
../../node_modules/@types/babel__traverse/ts4.1/index.d.ts(752,54): error TS1005: ';' expected.
../../node_modules/@types/babel__traverse/ts4.1/index.d.ts(752,57): error TS1005: ';' expected.
../../node_modules/@types/babel__traverse/ts4.1/index.d.ts(752,86): error TS1005: '(' expected.
../../node_modules/@types/babel__traverse/ts4.1/index.d.ts(753,26): error TS1109: Expression expected.
../../node_modules/@types/babel__traverse/ts4.1/index.d.ts(753,42): error TS1005: ';' expected.
../../node_modules/@types/babel__traverse/ts4.1/index.d.ts(753,49): error TS1005: ';' expected.
../../node_modules/@types/babel__traverse/ts4.1/index.d.ts(753,52): error TS1005: ';' expected.
../../node_modules/@types/babel__traverse/ts4.1/index.d.ts(753,76): error TS1005: '(' expected.
../../node_modules/@types/babel__traverse/ts4.1/index.d.ts(754,32): error TS1109: Expression expected.
../../node_modules/@types/babel__traverse/ts4.1/index.d.ts(754,48): error TS1005: ';' expected.
../../node_modules/@types/babel__traverse/ts4.1/index.d.ts(754,55): error TS1005: ';' expected.
../../node_modules/@types/babel__traverse/ts4.1/index.d.ts(754,58): error TS1005: ';' expected.
../../node_modules/@types/babel__traverse/ts4.1/index.d.ts(754,88): error TS1005: '(' expected.
../../node_modules/@types/babel__traverse/ts4.1/index.d.ts(755,43): error TS1109: Expression expected.
../../node_modules/@types/babel__traverse/ts4.1/index.d.ts(755,59): error TS1005: ';' expected.
../../node_modules/@types/babel__traverse/ts4.1/index.d.ts(755,66): error TS1005: ';' expected.
../../node_modules/@types/babel__traverse/ts4.1/index.d.ts(755,69): error TS1005: ';' expected.
../../node_modules/@types/babel__traverse/ts4.1/index.d.ts(755,110): error TS1005: '(' expected.
../../node_modules/@types/babel__traverse/ts4.1/index.d.ts(756,39): error TS1109: Expression expected.
../../node_modules/@types/babel__traverse/ts4.1/index.d.ts(756,55): error TS1005: ';' expected.
../../node_modules/@types/babel__traverse/ts4.1/index.d.ts(756,62): error TS1005: ';' expected.
../../node_modules/@types/babel__traverse/ts4.1/index.d.ts(756,65): error TS1005: ';' expected.
../../node_modules/@types/babel__traverse/ts4.1/index.d.ts(756,102): error TS1005: '(' expected.
../../node_modules/@types/babel__traverse/ts4.1/index.d.ts(757,28): error TS1109: Expression expected.
../../node_modules/@types/babel__traverse/ts4.1/index.d.ts(757,44): error TS1005: ';' expected.
../../node_modules/@types/babel__traverse/ts4.1/index.d.ts(757,51): error TS1005: ';' expected.
../../node_modules/@types/babel__traverse/ts4.1/index.d.ts(757,54): error TS1005: ';' expected.
../../node_modules/@types/babel__traverse/ts4.1/index.d.ts(757,80): error TS1005: '(' expected.
../../node_modules/@types/babel__traverse/ts4.1/index.d.ts(758,39): error TS1109: Expression expected.
../../node_modules/@types/babel__traverse/ts4.1/index.d.ts(758,55): error TS1005: ';' expected.
../../node_modules/@types/babel__traverse/ts4.1/index.d.ts(758,62): error TS1005: ';' expected.
../../node_modules/@types/babel__traverse/ts4.1/index.d.ts(758,65): error TS1005: ';' expected.
../../node_modules/@types/babel__traverse/ts4.1/index.d.ts(758,102): error TS1005: '(' expected.
../../node_modules/@types/babel__traverse/ts4.1/index.d.ts(759,26): error TS1109: Expression expected.
../../node_modules/@types/babel__traverse/ts4.1/index.d.ts(759,42): error TS1005: ';' expected.
../../node_modules/@types/babel__traverse/ts4.1/index.d.ts(759,49): error TS1005: ';' expected.
../../node_modules/@types/babel__traverse/ts4.1/index.d.ts(759,52): error TS1005: ';' expected.
../../node_modules/@types/babel__traverse/ts4.1/index.d.ts(759,76): error TS1005: '(' expected.
../../node_modules/@types/babel__traverse/ts4.1/index.d.ts(760,30): error TS1109: Expression expected.
../../node_modules/@types/babel__traverse/ts4.1/index.d.ts(760,46): error TS1005: ';' expected.
../../node_modules/@types/babel__traverse/ts4.1/index.d.ts(760,53): error TS1005: ';' expected.
../../node_modules/@types/babel__traverse/ts4.1/index.d.ts(760,56): error TS1005: ';' expected.
../../node_modules/@types/babel__traverse/ts4.1/index.d.ts(760,84): error TS1005: '(' expected.
../../node_modules/@types/babel__traverse/ts4.1/index.d.ts(761,33): error TS1109: Expression expected.
../../node_modules/@types/babel__traverse/ts4.1/index.d.ts(761,49): error TS1005: ';' expected.
../../node_modules/@types/babel__traverse/ts4.1/index.d.ts(761,56): error TS1005: ';' expected.
../../node_modules/@types/babel__traverse/ts4.1/index.d.ts(761,59): error TS1005: ';' expected.
../../node_modules/@types/babel__traverse/ts4.1/index.d.ts(761,90): error TS1005: '(' expected.
../../node_modules/@types/babel__traverse/ts4.1/index.d.ts(762,25): error TS1109: Expression expected.
../../node_modules/@types/babel__traverse/ts4.1/index.d.ts(762,41): error TS1005: ';' expected.
../../node_modules/@types/babel__traverse/ts4.1/index.d.ts(762,48): error TS1005: ';' expected.
../../node_modules/@types/babel__traverse/ts4.1/index.d.ts(762,51): error TS1005: ';' expected.
../../node_modules/@types/babel__traverse/ts4.1/index.d.ts(762,74): error TS1005: '(' expected.
../../node_modules/@types/babel__traverse/ts4.1/index.d.ts(763,29): error TS1109: Expression expected.
../../node_modules/@types/babel__traverse/ts4.1/index.d.ts(763,45): error TS1005: ';' expected.
../../node_modules/@types/babel__traverse/ts4.1/index.d.ts(763,52): error TS1005: ';' expected.
../../node_modules/@types/babel__traverse/ts4.1/index.d.ts(763,55): error TS1005: ';' expected.
../../node_modules/@types/babel__traverse/ts4.1/index.d.ts(763,82): error TS1005: '(' expected.
../../node_modules/@types/babel__traverse/ts4.1/index.d.ts(764,36): error TS1109: Expression expected.
../../node_modules/@types/babel__traverse/ts4.1/index.d.ts(764,52): error TS1005: ';' expected.
../../node_modules/@types/babel__traverse/ts4.1/index.d.ts(764,59): error TS1005: ';' expected.
../../node_modules/@types/babel__traverse/ts4.1/index.d.ts(764,62): error TS1005: ';' expected.
../../node_modules/@types/babel__traverse/ts4.1/index.d.ts(764,96): error TS1005: '(' expected.
../../node_modules/@types/babel__traverse/ts4.1/index.d.ts(765,32): error TS1109: Expression expected.
../../node_modules/@types/babel__traverse/ts4.1/index.d.ts(765,48): error TS1005: ';' expected.
../../node_modules/@types/babel__traverse/ts4.1/index.d.ts(765,55): error TS1005: ';' expected.
../../node_modules/@types/babel__traverse/ts4.1/index.d.ts(765,58): error TS1005: ';' expected.
../../node_modules/@types/babel__traverse/ts4.1/index.d.ts(765,88): error TS1005: '(' expected.
../../node_modules/@types/babel__traverse/ts4.1/index.d.ts(766,27): error TS1109: Expression expected.
../../node_modules/@types/babel__traverse/ts4.1/index.d.ts(766,43): error TS1005: ';' expected.
../../node_modules/@types/babel__traverse/ts4.1/index.d.ts(766,50): error TS1005: ';' expected.
../../node_modules/@types/babel__traverse/ts4.1/index.d.ts(766,53): error TS1005: ';' expected.
../../node_modules/@types/babel__traverse/ts4.1/index.d.ts(766,78): error TS1005: '(' expected.
../../node_modules/@types/babel__traverse/ts4.1/index.d.ts(767,26): error TS1109: Expression expected.
../../node_modules/@types/babel__traverse/ts4.1/index.d.ts(767,42): error TS1005: ';' expected.
../../node_modules/@types/babel__traverse/ts4.1/index.d.ts(767,49): error TS1005: ';' expected.
../../node_modules/@types/babel__traverse/ts4.1/index.d.ts(767,52): error TS1005: ';' expected.
../../node_modules/@types/babel__traverse/ts4.1/index.d.ts(767,76): error TS1005: '(' expected.
../../node_modules/@types/babel__traverse/ts4.1/index.d.ts(768,31): error TS1109: Expression expected.
../../node_modules/@types/babel__traverse/ts4.1/index.d.ts(768,47): error TS1005: ';' expected.
../../node_modules/@types/babel__traverse/ts4.1/index.d.ts(768,54): error TS1005: ';' expected.
../../node_modules/@types/babel__traverse/ts4.1/index.d.ts(768,57): error TS1005: ';' expected.
../../node_modules/@types/babel__traverse/ts4.1/index.d.ts(768,86): error TS1005: '(' expected.
../../node_modules/@types/babel__traverse/ts4.1/index.d.ts(769,27): error TS1109: Expression expected.
../../node_modules/@types/babel__traverse/ts4.1/index.d.ts(769,43): error TS1005: ';' expected.
../../node_modules/@types/babel__traverse/ts4.1/index.d.ts(769,50): error TS1005: ';' expected.
../../node_modules/@types/babel__traverse/ts4.1/index.d.ts(769,53): error TS1005: ';' expected.
../../node_modules/@types/babel__traverse/ts4.1/index.d.ts(769,78): error TS1005: '(' expected.
../../node_modules/@types/babel__traverse/ts4.1/index.d.ts(770,33): error TS1109: Expression expected.
../../node_modules/@types/babel__traverse/ts4.1/index.d.ts(770,49): error TS1005: ';' expected.
../../node_modules/@types/babel__traverse/ts4.1/index.d.ts(770,56): error TS1005: ';' expected.
../../node_modules/@types/babel__traverse/ts4.1/index.d.ts(770,59): error TS1005: ';' expected.
../../node_modules/@types/babel__traverse/ts4.1/index.d.ts(770,90): error TS1005: '(' expected.
../../node_modules/@types/babel__traverse/ts4.1/index.d.ts(771,42): error TS1109: Expression expected.
../../node_modules/@types/babel__traverse/ts4.1/index.d.ts(771,58): error TS1005: ';' expected.
../../node_modules/@types/babel__traverse/ts4.1/index.d.ts(771,65): error TS1005: ';' expected.
../../node_modules/@types/babel__traverse/ts4.1/index.d.ts(771,68): error TS1005: ';' expected.
../../node_modules/@types/babel__traverse/ts4.1/index.d.ts(771,108): error TS1005: '(' expected.
../../node_modules/@types/babel__traverse/ts4.1/index.d.ts(772,28): error TS1109: Expression expected.
../../node_modules/@types/babel__traverse/ts4.1/index.d.ts(772,44): error TS1005: ';' expected.
../../node_modules/@types/babel__traverse/ts4.1/index.d.ts(772,51): error TS1005: ';' expected.
../../node_modules/@types/babel__traverse/ts4.1/index.d.ts(772,54): error TS1005: ';' expected.
../../node_modules/@types/babel__traverse/ts4.1/index.d.ts(772,80): error TS1005: '(' expected.
../../node_modules/@types/babel__traverse/ts4.1/index.d.ts(773,33): error TS1109: Expression expected.
../../node_modules/@types/babel__traverse/ts4.1/index.d.ts(773,49): error TS1005: ';' expected.
../../node_modules/@types/babel__traverse/ts4.1/index.d.ts(773,56): error TS1005: ';' expected.
../../node_modules/@types/babel__traverse/ts4.1/index.d.ts(773,59): error TS1005: ';' expected.
../../node_modules/@types/babel__traverse/ts4.1/index.d.ts(773,90): error TS1005: '(' expected.
../../node_modules/@types/babel__traverse/ts4.1/index.d.ts(774,27): error TS1109: Expression expected.
../../node_modules/@types/babel__traverse/ts4.1/index.d.ts(774,43): error TS1005: ';' expected.
../../node_modules/@types/babel__traverse/ts4.1/index.d.ts(774,50): error TS1005: ';' expected.
../../node_modules/@types/babel__traverse/ts4.1/index.d.ts(774,53): error TS1005: ';' expected.
../../node_modules/@types/babel__traverse/ts4.1/index.d.ts(774,78): error TS1005: '(' expected.
../../node_modules/@types/babel__traverse/ts4.1/index.d.ts(775,29): error TS1109: Expression expected.
../../node_modules/@types/babel__traverse/ts4.1/index.d.ts(775,45): error TS1005: ';' expected.
../../node_modules/@types/babel__traverse/ts4.1/index.d.ts(775,52): error TS1005: ';' expected.
../../node_modules/@types/babel__traverse/ts4.1/index.d.ts(775,55): error TS1005: ';' expected.
../../node_modules/@types/babel__traverse/ts4.1/index.d.ts(775,82): error TS1005: '(' expected.
../../node_modules/@types/babel__traverse/ts4.1/index.d.ts(776,29): error TS1109: Expression expected.
../../node_modules/@types/babel__traverse/ts4.1/index.d.ts(776,45): error TS1005: ';' expected.
../../node_modules/@types/babel__traverse/ts4.1/index.d.ts(776,52): error TS1005: ';' expected.
../../node_modules/@types/babel__traverse/ts4.1/index.d.ts(776,55): error TS1005: ';' expected.
../../node_modules/@types/babel__traverse/ts4.1/index.d.ts(776,82): error TS1005: '(' expected.
../../node_modules/@types/babel__traverse/ts4.1/index.d.ts(777,28): error TS1109: Expression expected.
../../node_modules/@types/babel__traverse/ts4.1/index.d.ts(777,44): error TS1005: ';' expected.
../../node_modules/@types/babel__traverse/ts4.1/index.d.ts(777,51): error TS1005: ';' expected.
../../node_modules/@types/babel__traverse/ts4.1/index.d.ts(777,54): error TS1005: ';' expected.
../../node_modules/@types/babel__traverse/ts4.1/index.d.ts(777,80): error TS1005: '(' expected.
../../node_modules/@types/babel__traverse/ts4.1/index.d.ts(778,33): error TS1109: Expression expected.
../../node_modules/@types/babel__traverse/ts4.1/index.d.ts(778,49): error TS1005: ';' expected.
../../node_modules/@types/babel__traverse/ts4.1/index.d.ts(778,56): error TS1005: ';' expected.
../../node_modules/@types/babel__traverse/ts4.1/index.d.ts(778,59): error TS1005: ';' expected.
../../node_modules/@types/babel__traverse/ts4.1/index.d.ts(778,90): error TS1005: '(' expected.
../../node_modules/@types/babel__traverse/ts4.1/index.d.ts(779,33): error TS1109: Expression expected.
../../node_modules/@types/babel__traverse/ts4.1/index.d.ts(779,49): error TS1005: ';' expected.
../../node_modules/@types/babel__traverse/ts4.1/index.d.ts(779,56): error TS1005: ';' expected.
../../node_modules/@types/babel__traverse/ts4.1/index.d.ts(779,59): error TS1005: ';' expected.
../../node_modules/@types/babel__traverse/ts4.1/index.d.ts(779,90): error TS1005: '(' expected.
../../node_modules/@types/babel__traverse/ts4.1/index.d.ts(780,33): error TS1109: Expression expected.
../../node_modules/@types/babel__traverse/ts4.1/index.d.ts(780,49): error TS1005: ';' expected.
../../node_modules/@types/babel__traverse/ts4.1/index.d.ts(780,56): error TS1005: ';' expected.
../../node_modules/@types/babel__traverse/ts4.1/index.d.ts(780,59): error TS1005: ';' expected.
../../node_modules/@types/babel__traverse/ts4.1/index.d.ts(780,90): error TS1005: '(' expected.
../../node_modules/@types/babel__traverse/ts4.1/index.d.ts(781,29): error TS1109: Expression expected.
../../node_modules/@types/babel__traverse/ts4.1/index.d.ts(781,45): error TS1005: ';' expected.
../../node_modules/@types/babel__traverse/ts4.1/index.d.ts(781,52): error TS1005: ';' expected.
../../node_modules/@types/babel__traverse/ts4.1/index.d.ts(781,55): error TS1005: ';' expected.
../../node_modules/@types/babel__traverse/ts4.1/index.d.ts(781,82): error TS1005: '(' expected.
../../node_modules/@types/babel__traverse/ts4.1/index.d.ts(782,24): error TS1109: Expression expected.
../../node_modules/@types/babel__traverse/ts4.1/index.d.ts(782,40): error TS1005: ';' expected.
../../node_modules/@types/babel__traverse/ts4.1/index.d.ts(782,47): error TS1005: ';' expected.
../../node_modules/@types/babel__traverse/ts4.1/index.d.ts(782,50): error TS1005: ';' expected.
../../node_modules/@types/babel__traverse/ts4.1/index.d.ts(782,72): error TS1005: '(' expected.
../../node_modules/@types/babel__traverse/ts4.1/index.d.ts(783,29): error TS1109: Expression expected.
../../node_modules/@types/babel__traverse/ts4.1/index.d.ts(783,45): error TS1005: ';' expected.
../../node_modules/@types/babel__traverse/ts4.1/index.d.ts(783,52): error TS1005: ';' expected.
../../node_modules/@types/babel__traverse/ts4.1/index.d.ts(783,55): error TS1005: ';' expected.
../../node_modules/@types/babel__traverse/ts4.1/index.d.ts(783,82): error TS1005: '(' expected.
../../node_modules/@types/babel__traverse/ts4.1/index.d.ts(784,29): error TS1109: Expression expected.
../../node_modules/@types/babel__traverse/ts4.1/index.d.ts(784,45): error TS1005: ';' expected.
../../node_modules/@types/babel__traverse/ts4.1/index.d.ts(784,52): error TS1005: ';' expected.
../../node_modules/@types/babel__traverse/ts4.1/index.d.ts(784,55): error TS1005: ';' expected.
../../node_modules/@types/babel__traverse/ts4.1/index.d.ts(784,82): error TS1005: '(' expected.
../../node_modules/@types/babel__traverse/ts4.1/index.d.ts(785,24): error TS1109: Expression expected.
../../node_modules/@types/babel__traverse/ts4.1/index.d.ts(785,40): error TS1005: ';' expected.
../../node_modules/@types/babel__traverse/ts4.1/index.d.ts(785,47): error TS1005: ';' expected.
../../node_modules/@types/babel__traverse/ts4.1/index.d.ts(785,50): error TS1005: ';' expected.
../../node_modules/@types/babel__traverse/ts4.1/index.d.ts(785,72): error TS1005: '(' expected.
../../node_modules/@types/babel__traverse/ts4.1/index.d.ts(786,25): error TS1109: Expression expected.
../../node_modules/@types/babel__traverse/ts4.1/index.d.ts(786,41): error TS1005: ';' expected.
../../node_modules/@types/babel__traverse/ts4.1/index.d.ts(786,48): error TS1005: ';' expected.
../../node_modules/@types/babel__traverse/ts4.1/index.d.ts(786,51): error TS1005: ';' expected.
../../node_modules/@types/babel__traverse/ts4.1/index.d.ts(786,74): error TS1005: '(' expected.
../../node_modules/@types/babel__traverse/ts4.1/index.d.ts(787,20): error TS1109: Expression expected.
../../node_modules/@types/babel__traverse/ts4.1/index.d.ts(787,36): error TS1005: ';' expected.
../../node_modules/@types/babel__traverse/ts4.1/index.d.ts(787,43): error TS1005: ';' expected.
../../node_modules/@types/babel__traverse/ts4.1/index.d.ts(787,46): error TS1005: ';' expected.
../../node_modules/@types/babel__traverse/ts4.1/index.d.ts(787,64): error TS1005: '(' expected.
../../node_modules/@types/babel__traverse/ts4.1/index.d.ts(788,36): error TS1109: Expression expected.
../../node_modules/@types/babel__traverse/ts4.1/index.d.ts(788,52): error TS1005: ';' expected.
../../node_modules/@types/babel__traverse/ts4.1/index.d.ts(788,59): error TS1005: ';' expected.
../../node_modules/@types/babel__traverse/ts4.1/index.d.ts(788,62): error TS1005: ';' expected.
../../node_modules/@types/babel__traverse/ts4.1/index.d.ts(788,96): error TS1005: '(' expected.
../../node_modules/@types/babel__traverse/ts4.1/index.d.ts(789,30): error TS1109: Expression expected.
../../node_modules/@types/babel__traverse/ts4.1/index.d.ts(789,46): error TS1005: ';' expected.
../../node_modules/@types/babel__traverse/ts4.1/index.d.ts(789,53): error TS1005: ';' expected.
../../node_modules/@types/babel__traverse/ts4.1/index.d.ts(789,56): error TS1005: ';' expected.
../../node_modules/@types/babel__traverse/ts4.1/index.d.ts(789,84): error TS1005: '(' expected.
../../node_modules/@types/babel__traverse/ts4.1/index.d.ts(790,29): error TS1109: Expression expected.
../../node_modules/@types/babel__traverse/ts4.1/index.d.ts(790,45): error TS1005: ';' expected.
../../node_modules/@types/babel__traverse/ts4.1/index.d.ts(790,52): error TS1005: ';' expected.
../../node_modules/@types/babel__traverse/ts4.1/index.d.ts(790,55): error TS1005: ';' expected.
../../node_modules/@types/babel__traverse/ts4.1/index.d.ts(790,82): error TS1005: '(' expected.
../../node_modules/@types/babel__traverse/ts4.1/index.d.ts(791,27): error TS1109: Expression expected.
../../node_modules/@types/babel__traverse/ts4.1/index.d.ts(791,43): error TS1005: ';' expected.
../../node_modules/@types/babel__traverse/ts4.1/index.d.ts(791,50): error TS1005: ';' expected.
../../node_modules/@types/babel__traverse/ts4.1/index.d.ts(791,53): error TS1005: ';' expected.
../../node_modules/@types/babel__traverse/ts4.1/index.d.ts(791,78): error TS1005: '(' expected.
../../node_modules/@types/babel__traverse/ts4.1/index.d.ts(792,27): error TS1109: Expression expected.
../../node_modules/@types/babel__traverse/ts4.1/index.d.ts(792,43): error TS1005: ';' expected.
../../node_modules/@types/babel__traverse/ts4.1/index.d.ts(792,50): error TS1005: ';' expected.
../../node_modules/@types/babel__traverse/ts4.1/index.d.ts(792,53): error TS1005: ';' expected.
../../node_modules/@types/babel__traverse/ts4.1/index.d.ts(792,78): error TS1005: '(' expected.
../../node_modules/@types/babel__traverse/ts4.1/index.d.ts(793,28): error TS1109: Expression expected.
../../node_modules/@types/babel__traverse/ts4.1/index.d.ts(793,44): error TS1005: ';' expected.
../../node_modules/@types/babel__traverse/ts4.1/index.d.ts(793,51): error TS1005: ';' expected.
../../node_modules/@types/babel__traverse/ts4.1/index.d.ts(793,54): error TS1005: ';' expected.
../../node_modules/@types/babel__traverse/ts4.1/index.d.ts(793,80): error TS1005: '(' expected.
../../node_modules/@types/babel__traverse/ts4.1/index.d.ts(794,29): error TS1109: Expression expected.
../../node_modules/@types/babel__traverse/ts4.1/index.d.ts(794,45): error TS1005: ';' expected.
../../node_modules/@types/babel__traverse/ts4.1/index.d.ts(794,52): error TS1005: ';' expected.
../../node_modules/@types/babel__traverse/ts4.1/index.d.ts(794,55): error TS1005: ';' expected.
../../node_modules/@types/babel__traverse/ts4.1/index.d.ts(794,82): error TS1005: '(' expected.
../../node_modules/@types/babel__traverse/ts4.1/index.d.ts(795,40): error TS1109: Expression expected.
../../node_modules/@types/babel__traverse/ts4.1/index.d.ts(795,56): error TS1005: ';' expected.
../../node_modules/@types/babel__traverse/ts4.1/index.d.ts(795,63): error TS1005: ';' expected.
../../node_modules/@types/babel__traverse/ts4.1/index.d.ts(795,66): error TS1005: ';' expected.
../../node_modules/@types/babel__traverse/ts4.1/index.d.ts(795,104): error TS1005: '(' expected.
../../node_modules/@types/babel__traverse/ts4.1/index.d.ts(796,42): error TS1109: Expression expected.
../../node_modules/@types/babel__traverse/ts4.1/index.d.ts(796,58): error TS1005: ';' expected.
../../node_modules/@types/babel__traverse/ts4.1/index.d.ts(796,65): error TS1005: ';' expected.
../../node_modules/@types/babel__traverse/ts4.1/index.d.ts(796,68): error TS1005: ';' expected.
../../node_modules/@types/babel__traverse/ts4.1/index.d.ts(796,108): error TS1005: '(' expected.
../../node_modules/@types/babel__traverse/ts4.1/index.d.ts(797,29): error TS1109: Expression expected.
../../node_modules/@types/babel__traverse/ts4.1/index.d.ts(797,45): error TS1005: ';' expected.
../../node_modules/@types/babel__traverse/ts4.1/index.d.ts(797,52): error TS1005: ';' expected.
../../node_modules/@types/babel__traverse/ts4.1/index.d.ts(797,55): error TS1005: ';' expected.
../../node_modules/@types/babel__traverse/ts4.1/index.d.ts(797,82): error TS1005: '(' expected.
../../node_modules/@types/babel__traverse/ts4.1/index.d.ts(798,25): error TS1109: Expression expected.
../../node_modules/@types/babel__traverse/ts4.1/index.d.ts(798,41): error TS1005: ';' expected.
../../node_modules/@types/babel__traverse/ts4.1/index.d.ts(798,48): error TS1005: ';' expected.
../../node_modules/@types/babel__traverse/ts4.1/index.d.ts(798,51): error TS1005: ';' expected.
../../node_modules/@types/babel__traverse/ts4.1/index.d.ts(798,74): error TS1005: '(' expected.
../../node_modules/@types/babel__traverse/ts4.1/index.d.ts(799,29): error TS1109: Expression expected.
../../node_modules/@types/babel__traverse/ts4.1/index.d.ts(799,45): error TS1005: ';' expected.
../../node_modules/@types/babel__traverse/ts4.1/index.d.ts(799,52): error TS1005: ';' expected.
../../node_modules/@types/babel__traverse/ts4.1/index.d.ts(799,55): error TS1005: ';' expected.
../../node_modules/@types/babel__traverse/ts4.1/index.d.ts(799,82): error TS1005: '(' expected.
../../node_modules/@types/babel__traverse/ts4.1/index.d.ts(800,32): error TS1109: Expression expected.
../../node_modules/@types/babel__traverse/ts4.1/index.d.ts(800,48): error TS1005: ';' expected.
../../node_modules/@types/babel__traverse/ts4.1/index.d.ts(800,55): error TS1005: ';' expected.
../../node_modules/@types/babel__traverse/ts4.1/index.d.ts(800,58): error TS1005: ';' expected.
../../node_modules/@types/babel__traverse/ts4.1/index.d.ts(800,88): error TS1005: '(' expected.
../../node_modules/@types/babel__traverse/ts4.1/index.d.ts(801,25): error TS1109: Expression expected.
../../node_modules/@types/babel__traverse/ts4.1/index.d.ts(801,41): error TS1005: ';' expected.
../../node_modules/@types/babel__traverse/ts4.1/index.d.ts(801,48): error TS1005: ';' expected.
../../node_modules/@types/babel__traverse/ts4.1/index.d.ts(801,51): error TS1005: ';' expected.
../../node_modules/@types/babel__traverse/ts4.1/index.d.ts(801,74): error TS1005: '(' expected.
../../node_modules/@types/babel__traverse/ts4.1/index.d.ts(802,30): error TS1109: Expression expected.
../../node_modules/@types/babel__traverse/ts4.1/index.d.ts(802,46): error TS1005: ';' expected.
../../node_modules/@types/babel__traverse/ts4.1/index.d.ts(802,53): error TS1005: ';' expected.
../../node_modules/@types/babel__traverse/ts4.1/index.d.ts(802,56): error TS1005: ';' expected.
../../node_modules/@types/babel__traverse/ts4.1/index.d.ts(802,84): error TS1005: '(' expected.
../../node_modules/@types/babel__traverse/ts4.1/index.d.ts(803,27): error TS1109: Expression expected.
../../node_modules/@types/babel__traverse/ts4.1/index.d.ts(803,43): error TS1005: ';' expected.
../../node_modules/@types/babel__traverse/ts4.1/index.d.ts(803,50): error TS1005: ';' expected.
../../node_modules/@types/babel__traverse/ts4.1/index.d.ts(803,53): error TS1005: ';' expected.
../../node_modules/@types/babel__traverse/ts4.1/index.d.ts(803,78): error TS1005: '(' expected.
../../node_modules/@types/babel__traverse/ts4.1/index.d.ts(804,38): error TS1109: Expression expected.
../../node_modules/@types/babel__traverse/ts4.1/index.d.ts(804,54): error TS1005: ';' expected.
../../node_modules/@types/babel__traverse/ts4.1/index.d.ts(804,61): error TS1005: ';' expected.
../../node_modules/@types/babel__traverse/ts4.1/index.d.ts(804,64): error TS1005: ';' expected.
../../node_modules/@types/babel__traverse/ts4.1/index.d.ts(804,100): error TS1005: '(' expected.
../../node_modules/@types/babel__traverse/ts4.1/index.d.ts(805,29): error TS1109: Expression expected.
../../node_modules/@types/babel__traverse/ts4.1/index.d.ts(805,45): error TS1005: ';' expected.
../../node_modules/@types/babel__traverse/ts4.1/index.d.ts(805,52): error TS1005: ';' expected.
../../node_modules/@types/babel__traverse/ts4.1/index.d.ts(805,55): error TS1005: ';' expected.
../../node_modules/@types/babel__traverse/ts4.1/index.d.ts(805,82): error TS1005: '(' expected.
../../node_modules/@types/babel__traverse/ts4.1/index.d.ts(806,29): error TS1109: Expression expected.
../../node_modules/@types/babel__traverse/ts4.1/index.d.ts(806,45): error TS1005: ';' expected.
../../node_modules/@types/babel__traverse/ts4.1/index.d.ts(806,52): error TS1005: ';' expected.
../../node_modules/@types/babel__traverse/ts4.1/index.d.ts(806,55): error TS1005: ';' expected.
../../node_modules/@types/babel__traverse/ts4.1/index.d.ts(806,82): error TS1005: '(' expected.
../../node_modules/@types/babel__traverse/ts4.1/index.d.ts(807,28): error TS1109: Expression expected.
../../node_modules/@types/babel__traverse/ts4.1/index.d.ts(807,44): error TS1005: ';' expected.
../../node_modules/@types/babel__traverse/ts4.1/index.d.ts(807,51): error TS1005: ';' expected.
../../node_modules/@types/babel__traverse/ts4.1/index.d.ts(807,54): error TS1005: ';' expected.
../../node_modules/@types/babel__traverse/ts4.1/index.d.ts(807,80): error TS1005: '(' expected.
../../node_modules/@types/babel__traverse/ts4.1/index.d.ts(808,28): error TS1109: Expression expected.
../../node_modules/@types/babel__traverse/ts4.1/index.d.ts(808,44): error TS1005: ';' expected.
../../node_modules/@types/babel__traverse/ts4.1/index.d.ts(808,51): error TS1005: ';' expected.
../../node_modules/@types/babel__traverse/ts4.1/index.d.ts(808,54): error TS1005: ';' expected.
../../node_modules/@types/babel__traverse/ts4.1/index.d.ts(808,80): error TS1005: '(' expected.
../../node_modules/@types/babel__traverse/ts4.1/index.d.ts(809,32): error TS1109: Expression expected.
../../node_modules/@types/babel__traverse/ts4.1/index.d.ts(809,48): error TS1005: ';' expected.
../../node_modules/@types/babel__traverse/ts4.1/index.d.ts(809,55): error TS1005: ';' expected.
../../node_modules/@types/babel__traverse/ts4.1/index.d.ts(809,58): error TS1005: ';' expected.
../../node_modules/@types/babel__traverse/ts4.1/index.d.ts(809,88): error TS1005: '(' expected.
../../node_modules/@types/babel__traverse/ts4.1/index.d.ts(810,28): error TS1109: Expression expected.
../../node_modules/@types/babel__traverse/ts4.1/index.d.ts(810,44): error TS1005: ';' expected.
../../node_modules/@types/babel__traverse/ts4.1/index.d.ts(810,51): error TS1005: ';' expected.
../../node_modules/@types/babel__traverse/ts4.1/index.d.ts(810,54): error TS1005: ';' expected.
../../node_modules/@types/babel__traverse/ts4.1/index.d.ts(810,80): error TS1005: '(' expected.
../../node_modules/@types/babel__traverse/ts4.1/index.d.ts(811,26): error TS1109: Expression expected.
../../node_modules/@types/babel__traverse/ts4.1/index.d.ts(811,42): error TS1005: ';' expected.
../../node_modules/@types/babel__traverse/ts4.1/index.d.ts(811,49): error TS1005: ';' expected.
../../node_modules/@types/babel__traverse/ts4.1/index.d.ts(811,52): error TS1005: ';' expected.
../../node_modules/@types/babel__traverse/ts4.1/index.d.ts(811,76): error TS1005: '(' expected.
../../node_modules/@types/babel__traverse/ts4.1/index.d.ts(812,33): error TS1109: Expression expected.
../../node_modules/@types/babel__traverse/ts4.1/index.d.ts(812,49): error TS1005: ';' expected.
../../node_modules/@types/babel__traverse/ts4.1/index.d.ts(812,56): error TS1005: ';' expected.
../../node_modules/@types/babel__traverse/ts4.1/index.d.ts(812,59): error TS1005: ';' expected.
../../node_modules/@types/babel__traverse/ts4.1/index.d.ts(812,90): error TS1005: '(' expected.
../../node_modules/@types/babel__traverse/ts4.1/index.d.ts(813,23): error TS1109: Expression expected.
../../node_modules/@types/babel__traverse/ts4.1/index.d.ts(813,39): error TS1005: ';' expected.
../../node_modules/@types/babel__traverse/ts4.1/index.d.ts(813,46): error TS1005: ';' expected.
../../node_modules/@types/babel__traverse/ts4.1/index.d.ts(813,49): error TS1005: ';' expected.
../../node_modules/@types/babel__traverse/ts4.1/index.d.ts(813,70): error TS1005: '(' expected.
../../node_modules/@types/babel__traverse/ts4.1/index.d.ts(814,28): error TS1109: Expression expected.
../../node_modules/@types/babel__traverse/ts4.1/index.d.ts(814,44): error TS1005: ';' expected.
../../node_modules/@types/babel__traverse/ts4.1/index.d.ts(814,51): error TS1005: ';' expected.
../../node_modules/@types/babel__traverse/ts4.1/index.d.ts(814,54): error TS1005: ';' expected.
../../node_modules/@types/babel__traverse/ts4.1/index.d.ts(814,80): error TS1005: '(' expected.
../../node_modules/@types/babel__traverse/ts4.1/index.d.ts(815,32): error TS1109: Expression expected.
../../node_modules/@types/babel__traverse/ts4.1/index.d.ts(815,48): error TS1005: ';' expected.
../../node_modules/@types/babel__traverse/ts4.1/index.d.ts(815,55): error TS1005: ';' expected.
../../node_modules/@types/babel__traverse/ts4.1/index.d.ts(815,58): error TS1005: ';' expected.
../../node_modules/@types/babel__traverse/ts4.1/index.d.ts(815,88): error TS1005: '(' expected.
../../node_modules/@types/babel__traverse/ts4.1/index.d.ts(816,27): error TS1109: Expression expected.
../../node_modules/@types/babel__traverse/ts4.1/index.d.ts(816,43): error TS1005: ';' expected.
../../node_modules/@types/babel__traverse/ts4.1/index.d.ts(816,50): error TS1005: ';' expected.
../../node_modules/@types/babel__traverse/ts4.1/index.d.ts(816,53): error TS1005: ';' expected.
../../node_modules/@types/babel__traverse/ts4.1/index.d.ts(816,78): error TS1005: '(' expected.
../../node_modules/@types/babel__traverse/ts4.1/index.d.ts(817,38): error TS1109: Expression expected.
../../node_modules/@types/babel__traverse/ts4.1/index.d.ts(817,54): error TS1005: ';' expected.
../../node_modules/@types/babel__traverse/ts4.1/index.d.ts(817,61): error TS1005: ';' expected.
../../node_modules/@types/babel__traverse/ts4.1/index.d.ts(817,64): error TS1005: ';' expected.
../../node_modules/@types/babel__traverse/ts4.1/index.d.ts(817,100): error TS1005: '(' expected.
../../node_modules/@types/babel__traverse/ts4.1/index.d.ts(818,40): error TS1109: Expression expected.
../../node_modules/@types/babel__traverse/ts4.1/index.d.ts(818,56): error TS1005: ';' expected.
../../node_modules/@types/babel__traverse/ts4.1/index.d.ts(818,63): error TS1005: ';' expected.
../../node_modules/@types/babel__traverse/ts4.1/index.d.ts(818,66): error TS1005: ';' expected.
../../node_modules/@types/babel__traverse/ts4.1/index.d.ts(818,104): error TS1005: '(' expected.
../../node_modules/@types/babel__traverse/ts4.1/index.d.ts(819,34): error TS1109: Expression expected.
../../node_modules/@types/babel__traverse/ts4.1/index.d.ts(819,50): error TS1005: ';' expected.
../../node_modules/@types/babel__traverse/ts4.1/index.d.ts(819,57): error TS1005: ';' expected.
../../node_modules/@types/babel__traverse/ts4.1/index.d.ts(819,60): error TS1005: ';' expected.
../../node_modules/@types/babel__traverse/ts4.1/index.d.ts(819,92): error TS1005: '(' expected.
../../node_modules/@types/babel__traverse/ts4.1/index.d.ts(820,29): error TS1109: Expression expected.
../../node_modules/@types/babel__traverse/ts4.1/index.d.ts(820,45): error TS1005: ';' expected.
../../node_modules/@types/babel__traverse/ts4.1/index.d.ts(820,52): error TS1005: ';' expected.
../../node_modules/@types/babel__traverse/ts4.1/index.d.ts(820,55): error TS1005: ';' expected.
../../node_modules/@types/babel__traverse/ts4.1/index.d.ts(820,82): error TS1005: '(' expected.
../../node_modules/@types/babel__traverse/ts4.1/index.d.ts(821,23): error TS1109: Expression expected.
../../node_modules/@types/babel__traverse/ts4.1/index.d.ts(821,39): error TS1005: ';' expected.
../../node_modules/@types/babel__traverse/ts4.1/index.d.ts(821,46): error TS1005: ';' expected.
../../node_modules/@types/babel__traverse/ts4.1/index.d.ts(821,49): error TS1005: ';' expected.
../../node_modules/@types/babel__traverse/ts4.1/index.d.ts(821,70): error TS1005: '(' expected.
../../node_modules/@types/babel__traverse/ts4.1/index.d.ts(822,33): error TS1109: Expression expected.
../../node_modules/@types/babel__traverse/ts4.1/index.d.ts(822,49): error TS1005: ';' expected.
../../node_modules/@types/babel__traverse/ts4.1/index.d.ts(822,56): error TS1005: ';' expected.
../../node_modules/@types/babel__traverse/ts4.1/index.d.ts(822,59): error TS1005: ';' expected.
../../node_modules/@types/babel__traverse/ts4.1/index.d.ts(822,90): error TS1005: '(' expected.
../../node_modules/@types/babel__traverse/ts4.1/index.d.ts(823,30): error TS1109: Expression expected.
../../node_modules/@types/babel__traverse/ts4.1/index.d.ts(823,46): error TS1005: ';' expected.
../../node_modules/@types/babel__traverse/ts4.1/index.d.ts(823,53): error TS1005: ';' expected.
../../node_modules/@types/babel__traverse/ts4.1/index.d.ts(823,56): error TS1005: ';' expected.
../../node_modules/@types/babel__traverse/ts4.1/index.d.ts(823,84): error TS1005: '(' expected.
../../node_modules/@types/babel__traverse/ts4.1/index.d.ts(824,31): error TS1109: Expression expected.
../../node_modules/@types/babel__traverse/ts4.1/index.d.ts(824,47): error TS1005: ';' expected.
../../node_modules/@types/babel__traverse/ts4.1/index.d.ts(824,54): error TS1005: ';' expected.
../../node_modules/@types/babel__traverse/ts4.1/index.d.ts(824,57): error TS1005: ';' expected.
../../node_modules/@types/babel__traverse/ts4.1/index.d.ts(824,86): error TS1005: '(' expected.
../../node_modules/@types/babel__traverse/ts4.1/index.d.ts(825,33): error TS1109: Expression expected.
../../node_modules/@types/babel__traverse/ts4.1/index.d.ts(825,49): error TS1005: ';' expected.
../../node_modules/@types/babel__traverse/ts4.1/index.d.ts(825,56): error TS1005: ';' expected.
../../node_modules/@types/babel__traverse/ts4.1/index.d.ts(825,59): error TS1005: ';' expected.
../../node_modules/@types/babel__traverse/ts4.1/index.d.ts(825,90): error TS1005: '(' expected.
../../node_modules/@types/babel__traverse/ts4.1/index.d.ts(826,32): error TS1109: Expression expected.
../../node_modules/@types/babel__traverse/ts4.1/index.d.ts(826,48): error TS1005: ';' expected.
../../node_modules/@types/babel__traverse/ts4.1/index.d.ts(826,55): error TS1005: ';' expected.
../../node_modules/@types/babel__traverse/ts4.1/index.d.ts(826,58): error TS1005: ';' expected.
../../node_modules/@types/babel__traverse/ts4.1/index.d.ts(826,88): error TS1005: '(' expected.
../../node_modules/@types/babel__traverse/ts4.1/index.d.ts(827,22): error TS1109: Expression expected.
../../node_modules/@types/babel__traverse/ts4.1/index.d.ts(827,38): error TS1005: ';' expected.
../../node_modules/@types/babel__traverse/ts4.1/index.d.ts(827,45): error TS1005: ';' expected.
../../node_modules/@types/babel__traverse/ts4.1/index.d.ts(827,48): error TS1005: ';' expected.
../../node_modules/@types/babel__traverse/ts4.1/index.d.ts(827,68): error TS1005: '(' expected.
../../node_modules/@types/babel__traverse/ts4.1/index.d.ts(828,32): error TS1109: Expression expected.
../../node_modules/@types/babel__traverse/ts4.1/index.d.ts(828,48): error TS1005: ';' expected.
../../node_modules/@types/babel__traverse/ts4.1/index.d.ts(828,55): error TS1005: ';' expected.
../../node_modules/@types/babel__traverse/ts4.1/index.d.ts(828,58): error TS1005: ';' expected.
../../node_modules/@types/babel__traverse/ts4.1/index.d.ts(828,88): error TS1005: '(' expected.
../../node_modules/@types/babel__traverse/ts4.1/index.d.ts(829,19): error TS1109: Expression expected.
../../node_modules/@types/babel__traverse/ts4.1/index.d.ts(829,35): error TS1005: ';' expected.
../../node_modules/@types/babel__traverse/ts4.1/index.d.ts(829,42): error TS1005: ';' expected.
../../node_modules/@types/babel__traverse/ts4.1/index.d.ts(829,45): error TS1005: ';' expected.
../../node_modules/@types/babel__traverse/ts4.1/index.d.ts(829,62): error TS1005: '(' expected.
../../node_modules/@types/babel__traverse/ts4.1/index.d.ts(830,28): error TS1109: Expression expected.
../../node_modules/@types/babel__traverse/ts4.1/index.d.ts(830,44): error TS1005: ';' expected.
../../node_modules/@types/babel__traverse/ts4.1/index.d.ts(830,51): error TS1005: ';' expected.
../../node_modules/@types/babel__traverse/ts4.1/index.d.ts(830,54): error TS1005: ';' expected.
../../node_modules/@types/babel__traverse/ts4.1/index.d.ts(830,80): error TS1005: '(' expected.
../../node_modules/@types/babel__traverse/ts4.1/index.d.ts(831,27): error TS1109: Expression expected.
../../node_modules/@types/babel__traverse/ts4.1/index.d.ts(831,43): error TS1005: ';' expected.
../../node_modules/@types/babel__traverse/ts4.1/index.d.ts(831,50): error TS1005: ';' expected.
../../node_modules/@types/babel__traverse/ts4.1/index.d.ts(831,53): error TS1005: ';' expected.
../../node_modules/@types/babel__traverse/ts4.1/index.d.ts(831,78): error TS1005: '(' expected.
../../node_modules/@types/babel__traverse/ts4.1/index.d.ts(832,29): error TS1109: Expression expected.
../../node_modules/@types/babel__traverse/ts4.1/index.d.ts(832,45): error TS1005: ';' expected.
../../node_modules/@types/babel__traverse/ts4.1/index.d.ts(832,52): error TS1005: ';' expected.
../../node_modules/@types/babel__traverse/ts4.1/index.d.ts(832,55): error TS1005: ';' expected.
../../node_modules/@types/babel__traverse/ts4.1/index.d.ts(832,82): error TS1005: '(' expected.
../../node_modules/@types/babel__traverse/ts4.1/index.d.ts(834,31): error TS1109: Expression expected.
../../node_modules/@types/babel__traverse/ts4.1/index.d.ts(834,47): error TS1005: ';' expected.
../../node_modules/@types/babel__traverse/ts4.1/index.d.ts(834,54): error TS1005: ';' expected.
../../node_modules/@types/babel__traverse/ts4.1/index.d.ts(834,57): error TS1005: ';' expected.
../../node_modules/@types/babel__traverse/ts4.1/index.d.ts(834,79): error TS1005: '(' expected.
../../node_modules/@types/babel__traverse/ts4.1/index.d.ts(836,15): error TS1109: Expression expected.
../../node_modules/@types/babel__traverse/ts4.1/index.d.ts(837,6): error TS1005: ';' expected.
../../node_modules/@types/babel__traverse/ts4.1/index.d.ts(837,13): error TS1005: ';' expected.
../../node_modules/@types/babel__traverse/ts4.1/index.d.ts(837,16): error TS1005: ';' expected.
../../node_modules/@types/babel__traverse/ts4.1/index.d.ts(837,92): error TS1005: '(' expected.
../../node_modules/@types/babel__traverse/ts4.1/index.d.ts(838,23): error TS1109: Expression expected.
../../node_modules/@types/babel__traverse/ts4.1/index.d.ts(838,39): error TS1005: ';' expected.
../../node_modules/@types/babel__traverse/ts4.1/index.d.ts(839,18): error TS1109: Expression expected.
../../node_modules/@types/babel__traverse/ts4.1/index.d.ts(839,34): error TS1005: ';' expected.
../../node_modules/@types/babel__traverse/ts4.1/index.d.ts(840,24): error TS1109: Expression expected.
../../node_modules/@types/babel__traverse/ts4.1/index.d.ts(840,40): error TS1005: ';' expected.
../../node_modules/@types/babel__traverse/ts4.1/index.d.ts(841,34): error TS1109: Expression expected.
../../node_modules/@types/babel__traverse/ts4.1/index.d.ts(841,50): error TS1005: ';' expected.
../../node_modules/@types/babel__traverse/ts4.1/index.d.ts(841,57): error TS1005: ';' expected.
../../node_modules/@types/babel__traverse/ts4.1/index.d.ts(841,60): error TS1005: ';' expected.
../../node_modules/@types/babel__traverse/ts4.1/index.d.ts(841,100): error TS1005: '(' expected.
../../node_modules/@types/babel__traverse/ts4.1/index.d.ts(842,40): error TS1109: Expression expected.
../../node_modules/@types/babel__traverse/ts4.1/index.d.ts(842,56): error TS1005: ';' expected.
../../node_modules/@types/babel__traverse/ts4.1/index.d.ts(842,63): error TS1005: ';' expected.
../../node_modules/@types/babel__traverse/ts4.1/index.d.ts(842,66): error TS1005: ';' expected.
../../node_modules/@types/babel__traverse/ts4.1/index.d.ts(842,94): error TS1005: '(' expected.
../../node_modules/@types/babel__traverse/ts4.1/index.d.ts(843,19): error TS1109: Expression expected.
../../node_modules/@types/babel__traverse/ts4.1/index.d.ts(843,35): error TS1005: ';' expected.
../../node_modules/@types/babel__traverse/ts4.1/index.d.ts(843,42): error TS1005: ';' expected.
../../node_modules/@types/babel__traverse/ts4.1/index.d.ts(843,45): error TS1005: ';' expected.
../../node_modules/@types/babel__traverse/ts4.1/index.d.ts(843,65): error TS1005: '(' expected.
../../node_modules/@types/babel__traverse/ts4.1/index.d.ts(844,18): error TS1109: Expression expected.
../../node_modules/@types/babel__traverse/ts4.1/index.d.ts(844,34): error TS1005: ';' expected.
../../node_modules/@types/babel__traverse/ts4.1/index.d.ts(845,17): error TS1109: Expression expected.
../../node_modules/@types/babel__traverse/ts4.1/index.d.ts(845,33): error TS1005: ';' expected.
../../node_modules/@types/babel__traverse/ts4.1/index.d.ts(845,40): error TS1005: ';' expected.
../../node_modules/@types/babel__traverse/ts4.1/index.d.ts(845,43): error TS1005: ';' expected.
../../node_modules/@types/babel__traverse/ts4.1/index.d.ts(845,74): error TS1005: '(' expected.
../../node_modules/@types/babel__traverse/ts4.1/index.d.ts(849,35): error TS1109: Expression expected.
../../node_modules/@types/babel__traverse/ts4.1/index.d.ts(849,51): error TS1005: ';' expected.
../../node_modules/@types/babel__traverse/ts4.1/index.d.ts(849,57): error TS1109: Expression expected.
../../node_modules/@types/babel__traverse/ts4.1/index.d.ts(850,33): error TS1109: Expression expected.
../../node_modules/@types/babel__traverse/ts4.1/index.d.ts(850,49): error TS1005: ';' expected.
../../node_modules/@types/babel__traverse/ts4.1/index.d.ts(850,55): error TS1109: Expression expected.
../../node_modules/@types/babel__traverse/ts4.1/index.d.ts(851,30): error TS1109: Expression expected.
../../node_modules/@types/babel__traverse/ts4.1/index.d.ts(851,46): error TS1005: ';' expected.
../../node_modules/@types/babel__traverse/ts4.1/index.d.ts(851,52): error TS1109: Expression expected.
../../node_modules/@types/babel__traverse/ts4.1/index.d.ts(852,37): error TS1109: Expression expected.
../../node_modules/@types/babel__traverse/ts4.1/index.d.ts(852,53): error TS1005: ';' expected.
../../node_modules/@types/babel__traverse/ts4.1/index.d.ts(852,59): error TS1109: Expression expected.
../../node_modules/@types/babel__traverse/ts4.1/index.d.ts(853,41): error TS1109: Expression expected.
../../node_modules/@types/babel__traverse/ts4.1/index.d.ts(853,57): error TS1005: ';' expected.
../../node_modules/@types/babel__traverse/ts4.1/index.d.ts(853,63): error TS1109: Expression expected.
../../node_modules/@types/babel__traverse/ts4.1/index.d.ts(854,38): error TS1109: Expression expected.
../../node_modules/@types/babel__traverse/ts4.1/index.d.ts(854,54): error TS1005: ';' expected.
../../node_modules/@types/babel__traverse/ts4.1/index.d.ts(854,60): error TS1109: Expression expected.
../../node_modules/@types/babel__traverse/ts4.1/index.d.ts(855,35): error TS1109: Expression expected.
../../node_modules/@types/babel__traverse/ts4.1/index.d.ts(855,51): error TS1005: ';' expected.
../../node_modules/@types/babel__traverse/ts4.1/index.d.ts(855,57): error TS1109: Expression expected.
../../node_modules/@types/babel__traverse/ts4.1/index.d.ts(856,33): error TS1109: Expression expected.
../../node_modules/@types/babel__traverse/ts4.1/index.d.ts(856,49): error TS1005: ';' expected.
../../node_modules/@types/babel__traverse/ts4.1/index.d.ts(856,55): error TS1109: Expression expected.
../../node_modules/@types/babel__traverse/ts4.1/index.d.ts(857,31): error TS1109: Expression expected.
../../node_modules/@types/babel__traverse/ts4.1/index.d.ts(857,47): error TS1005: ';' expected.
../../node_modules/@types/babel__traverse/ts4.1/index.d.ts(857,53): error TS1109: Expression expected.
../../node_modules/@types/babel__traverse/ts4.1/index.d.ts(858,24): error TS1109: Expression expected.
../../node_modules/@types/babel__traverse/ts4.1/index.d.ts(858,40): error TS1005: ';' expected.
../../node_modules/@types/babel__traverse/ts4.1/index.d.ts(858,46): error TS1109: Expression expected.
../../node_modules/@types/babel__traverse/ts4.1/index.d.ts(859,34): error TS1109: Expression expected.
../../node_modules/@types/babel__traverse/ts4.1/index.d.ts(859,50): error TS1005: ';' expected.
../../node_modules/@types/babel__traverse/ts4.1/index.d.ts(859,56): error TS1109: Expression expected.
../../node_modules/@types/babel__traverse/ts4.1/index.d.ts(860,32): error TS1109: Expression expected.
../../node_modules/@types/babel__traverse/ts4.1/index.d.ts(860,48): error TS1005: ';' expected.
../../node_modules/@types/babel__traverse/ts4.1/index.d.ts(860,54): error TS1109: Expression expected.
../../node_modules/@types/babel__traverse/ts4.1/index.d.ts(861,23): error TS1109: Expression expected.
../../node_modules/@types/babel__traverse/ts4.1/index.d.ts(861,39): error TS1005: ';' expected.
../../node_modules/@types/babel__traverse/ts4.1/index.d.ts(861,45): error TS1109: Expression expected.
../../node_modules/@types/babel__traverse/ts4.1/index.d.ts(862,29): error TS1109: Expression expected.
../../node_modules/@types/babel__traverse/ts4.1/index.d.ts(862,45): error TS1005: ';' expected.
../../node_modules/@types/babel__traverse/ts4.1/index.d.ts(862,51): error TS1109: Expression expected.
../../node_modules/@types/babel__traverse/ts4.1/index.d.ts(863,32): error TS1109: Expression expected.
../../node_modules/@types/babel__traverse/ts4.1/index.d.ts(863,48): error TS1005: ';' expected.
../../node_modules/@types/babel__traverse/ts4.1/index.d.ts(863,54): error TS1109: Expression expected.
../../node_modules/@types/babel__traverse/ts4.1/index.d.ts(864,32): error TS1109: Expression expected.
../../node_modules/@types/babel__traverse/ts4.1/index.d.ts(864,48): error TS1005: ';' expected.
../../node_modules/@types/babel__traverse/ts4.1/index.d.ts(864,54): error TS1109: Expression expected.
../../node_modules/@types/babel__traverse/ts4.1/index.d.ts(865,46): error TS1109: Expression expected.
../../node_modules/@types/babel__traverse/ts4.1/index.d.ts(865,62): error TS1005: ';' expected.
../../node_modules/@types/babel__traverse/ts4.1/index.d.ts(865,68): error TS1109: Expression expected.
../../node_modules/@types/babel__traverse/ts4.1/index.d.ts(866,39): error TS1109: Expression expected.
../../node_modules/@types/babel__traverse/ts4.1/index.d.ts(866,55): error TS1005: ';' expected.
../../node_modules/@types/babel__traverse/ts4.1/index.d.ts(866,61): error TS1109: Expression expected.
../../node_modules/@types/babel__traverse/ts4.1/index.d.ts(867,32): error TS1109: Expression expected.
../../node_modules/@types/babel__traverse/ts4.1/index.d.ts(867,48): error TS1005: ';' expected.
../../node_modules/@types/babel__traverse/ts4.1/index.d.ts(867,54): error TS1109: Expression expected.
../../node_modules/@types/babel__traverse/ts4.1/index.d.ts(868,32): error TS1109: Expression expected.
../../node_modules/@types/babel__traverse/ts4.1/index.d.ts(868,48): error TS1005: ';' expected.
../../node_modules/@types/babel__traverse/ts4.1/index.d.ts(868,54): error TS1109: Expression expected.
../../node_modules/@types/babel__traverse/ts4.1/index.d.ts(869,29): error TS1109: Expression expected.
../../node_modules/@types/babel__traverse/ts4.1/index.d.ts(869,45): error TS1005: ';' expected.
../../node_modules/@types/babel__traverse/ts4.1/index.d.ts(869,51): error TS1109: Expression expected.
../../node_modules/@types/babel__traverse/ts4.1/index.d.ts(870,23): error TS1109: Expression expected.
../../node_modules/@types/babel__traverse/ts4.1/index.d.ts(870,39): error TS1005: ';' expected.
../../node_modules/@types/babel__traverse/ts4.1/index.d.ts(870,45): error TS1109: Expression expected.
../../node_modules/@types/babel__traverse/ts4.1/index.d.ts(871,27): error TS1109: Expression expected.
../../node_modules/@types/babel__traverse/ts4.1/index.d.ts(871,43): error TS1005: ';' expected.
../../node_modules/@types/babel__traverse/ts4.1/index.d.ts(871,49): error TS1109: Expression expected.
../../node_modules/@types/babel__traverse/ts4.1/index.d.ts(872,34): error TS1109: Expression expected.
../../node_modules/@types/babel__traverse/ts4.1/index.d.ts(872,50): error TS1005: ';' expected.
../../node_modules/@types/babel__traverse/ts4.1/index.d.ts(872,56): error TS1109: Expression expected.
../../node_modules/@types/babel__traverse/ts4.1/index.d.ts(873,33): error TS1109: Expression expected.
../../node_modules/@types/babel__traverse/ts4.1/index.d.ts(873,49): error TS1005: ';' expected.
../../node_modules/@types/babel__traverse/ts4.1/index.d.ts(873,55): error TS1109: Expression expected.
../../node_modules/@types/babel__traverse/ts4.1/index.d.ts(874,33): error TS1109: Expression expected.
../../node_modules/@types/babel__traverse/ts4.1/index.d.ts(874,49): error TS1005: ';' expected.
../../node_modules/@types/babel__traverse/ts4.1/index.d.ts(874,55): error TS1109: Expression expected.
../../node_modules/@types/babel__traverse/ts4.1/index.d.ts(875,29): error TS1109: Expression expected.
../../node_modules/@types/babel__traverse/ts4.1/index.d.ts(875,45): error TS1005: ';' expected.
../../node_modules/@types/babel__traverse/ts4.1/index.d.ts(875,51): error TS1109: Expression expected.
../../node_modules/@types/babel__traverse/ts4.1/index.d.ts(876,36): error TS1109: Expression expected.
../../node_modules/@types/babel__traverse/ts4.1/index.d.ts(876,52): error TS1005: ';' expected.
../../node_modules/@types/babel__traverse/ts4.1/index.d.ts(876,58): error TS1109: Expression expected.
../../node_modules/@types/babel__traverse/ts4.1/index.d.ts(877,38): error TS1109: Expression expected.
../../node_modules/@types/babel__traverse/ts4.1/index.d.ts(877,54): error TS1005: ';' expected.
../../node_modules/@types/babel__traverse/ts4.1/index.d.ts(877,60): error TS1109: Expression expected.
../../node_modules/@types/babel__traverse/ts4.1/index.d.ts(878,31): error TS1109: Expression expected.
../../node_modules/@types/babel__traverse/ts4.1/index.d.ts(878,47): error TS1005: ';' expected.
../../node_modules/@types/babel__traverse/ts4.1/index.d.ts(878,53): error TS1109: Expression expected.
../../node_modules/@types/babel__traverse/ts4.1/index.d.ts(879,37): error TS1109: Expression expected.
../../node_modules/@types/babel__traverse/ts4.1/index.d.ts(879,53): error TS1005: ';' expected.
../../node_modules/@types/babel__traverse/ts4.1/index.d.ts(879,59): error TS1109: Expression expected.
../../node_modules/@types/babel__traverse/ts4.1/index.d.ts(880,29): error TS1109: Expression expected.
../../node_modules/@types/babel__traverse/ts4.1/index.d.ts(880,45): error TS1005: ';' expected.
../../node_modules/@types/babel__traverse/ts4.1/index.d.ts(880,51): error TS1109: Expression expected.
../../node_modules/@types/babel__traverse/ts4.1/index.d.ts(881,39): error TS1109: Expression expected.
../../node_modules/@types/babel__traverse/ts4.1/index.d.ts(881,55): error TS1005: ';' expected.
../../node_modules/@types/babel__traverse/ts4.1/index.d.ts(881,61): error TS1109: Expression expected.
../../node_modules/@types/babel__traverse/ts4.1/index.d.ts(882,35): error TS1109: Expression expected.
../../node_modules/@types/babel__traverse/ts4.1/index.d.ts(882,51): error TS1005: ';' expected.
../../node_modules/@types/babel__traverse/ts4.1/index.d.ts(882,57): error TS1109: Expression expected.
../../node_modules/@types/babel__traverse/ts4.1/index.d.ts(883,35): error TS1109: Expression expected.
../../node_modules/@types/babel__traverse/ts4.1/index.d.ts(883,51): error TS1005: ';' expected.
../../node_modules/@types/babel__traverse/ts4.1/index.d.ts(883,57): error TS1109: Expression expected.
../../node_modules/@types/babel__traverse/ts4.1/index.d.ts(884,29): error TS1109: Expression expected.
../../node_modules/@types/babel__traverse/ts4.1/index.d.ts(884,45): error TS1005: ';' expected.
../../node_modules/@types/babel__traverse/ts4.1/index.d.ts(884,51): error TS1109: Expression expected.
../../node_modules/@types/babel__traverse/ts4.1/index.d.ts(885,30): error TS1109: Expression expected.
../../node_modules/@types/babel__traverse/ts4.1/index.d.ts(885,46): error TS1005: ';' expected.
../../node_modules/@types/babel__traverse/ts4.1/index.d.ts(885,52): error TS1109: Expression expected.
../../node_modules/@types/babel__traverse/ts4.1/index.d.ts(886,45): error TS1109: Expression expected.
../../node_modules/@types/babel__traverse/ts4.1/index.d.ts(886,61): error TS1005: ';' expected.
../../node_modules/@types/babel__traverse/ts4.1/index.d.ts(886,67): error TS1109: Expression expected.
../../node_modules/@types/babel__traverse/ts4.1/index.d.ts(887,42): error TS1109: Expression expected.
../../node_modules/@types/babel__traverse/ts4.1/index.d.ts(887,58): error TS1005: ';' expected.
../../node_modules/@types/babel__traverse/ts4.1/index.d.ts(887,64): error TS1109: Expression expected.
../../node_modules/@types/babel__traverse/ts4.1/index.d.ts(888,33): error TS1109: Expression expected.
../../node_modules/@types/babel__traverse/ts4.1/index.d.ts(888,49): error TS1005: ';' expected.
../../node_modules/@types/babel__traverse/ts4.1/index.d.ts(888,55): error TS1109: Expression expected.
../../node_modules/@types/babel__traverse/ts4.1/index.d.ts(889,34): error TS1109: Expression expected.
../../node_modules/@types/babel__traverse/ts4.1/index.d.ts(889,50): error TS1005: ';' expected.
../../node_modules/@types/babel__traverse/ts4.1/index.d.ts(889,56): error TS1109: Expression expected.
../../node_modules/@types/babel__traverse/ts4.1/index.d.ts(890,31): error TS1109: Expression expected.
../../node_modules/@types/babel__traverse/ts4.1/index.d.ts(890,47): error TS1005: ';' expected.
../../node_modules/@types/babel__traverse/ts4.1/index.d.ts(890,53): error TS1109: Expression expected.
../../node_modules/@types/babel__traverse/ts4.1/index.d.ts(891,38): error TS1109: Expression expected.
../../node_modules/@types/babel__traverse/ts4.1/index.d.ts(891,54): error TS1005: ';' expected.
../../node_modules/@types/babel__traverse/ts4.1/index.d.ts(891,60): error TS1109: Expression expected.
../../node_modules/@types/babel__traverse/ts4.1/index.d.ts(892,35): error TS1109: Expression expected.
../../node_modules/@types/babel__traverse/ts4.1/index.d.ts(892,51): error TS1005: ';' expected.
../../node_modules/@types/babel__traverse/ts4.1/index.d.ts(892,57): error TS1109: Expression expected.
../../node_modules/@types/babel__traverse/ts4.1/index.d.ts(893,34): error TS1109: Expression expected.
../../node_modules/@types/babel__traverse/ts4.1/index.d.ts(893,50): error TS1005: ';' expected.
../../node_modules/@types/babel__traverse/ts4.1/index.d.ts(893,56): error TS1109: Expression expected.
../../node_modules/@types/babel__traverse/ts4.1/index.d.ts(894,33): error TS1109: Expression expected.
../../node_modules/@types/babel__traverse/ts4.1/index.d.ts(894,49): error TS1005: ';' expected.
../../node_modules/@types/babel__traverse/ts4.1/index.d.ts(894,55): error TS1109: Expression expected.
../../node_modules/@types/babel__traverse/ts4.1/index.d.ts(895,35): error TS1109: Expression expected.
../../node_modules/@types/babel__traverse/ts4.1/index.d.ts(895,51): error TS1005: ';' expected.
../../node_modules/@types/babel__traverse/ts4.1/index.d.ts(895,57): error TS1109: Expression expected.
../../node_modules/@types/babel__traverse/ts4.1/index.d.ts(896,27): error TS1109: Expression expected.
../../node_modules/@types/babel__traverse/ts4.1/index.d.ts(896,43): error TS1005: ';' expected.
../../node_modules/@types/babel__traverse/ts4.1/index.d.ts(896,49): error TS1109: Expression expected.
../../node_modules/@types/babel__traverse/ts4.1/index.d.ts(897,27): error TS1109: Expression expected.
../../node_modules/@types/babel__traverse/ts4.1/index.d.ts(897,43): error TS1005: ';' expected.
../../node_modules/@types/babel__traverse/ts4.1/index.d.ts(897,49): error TS1109: Expression expected.
../../node_modules/@types/babel__traverse/ts4.1/index.d.ts(898,34): error TS1109: Expression expected.
../../node_modules/@types/babel__traverse/ts4.1/index.d.ts(898,50): error TS1005: ';' expected.
../../node_modules/@types/babel__traverse/ts4.1/index.d.ts(898,56): error TS1109: Expression expected.
../../node_modules/@types/babel__traverse/ts4.1/index.d.ts(899,30): error TS1109: Expression expected.
../../node_modules/@types/babel__traverse/ts4.1/index.d.ts(899,46): error TS1005: ';' expected.
../../node_modules/@types/babel__traverse/ts4.1/index.d.ts(899,52): error TS1109: Expression expected.
../../node_modules/@types/babel__traverse/ts4.1/index.d.ts(900,34): error TS1109: Expression expected.
../../node_modules/@types/babel__traverse/ts4.1/index.d.ts(900,50): error TS1005: ';' expected.
../../node_modules/@types/babel__traverse/ts4.1/index.d.ts(900,56): error TS1109: Expression expected.
../../node_modules/@types/babel__traverse/ts4.1/index.d.ts(901,32): error TS1109: Expression expected.
../../node_modules/@types/babel__traverse/ts4.1/index.d.ts(901,48): error TS1005: ';' expected.
../../node_modules/@types/babel__traverse/ts4.1/index.d.ts(901,54): error TS1109: Expression expected.
../../node_modules/@types/babel__traverse/ts4.1/index.d.ts(902,37): error TS1109: Expression expected.
../../node_modules/@types/babel__traverse/ts4.1/index.d.ts(902,53): error TS1005: ';' expected.
../../node_modules/@types/babel__traverse/ts4.1/index.d.ts(902,59): error TS1109: Expression expected.
../../node_modules/@types/babel__traverse/ts4.1/index.d.ts(903,38): error TS1109: Expression expected.
../../node_modules/@types/babel__traverse/ts4.1/index.d.ts(903,54): error TS1005: ';' expected.
../../node_modules/@types/babel__traverse/ts4.1/index.d.ts(903,60): error TS1109: Expression expected.
../../node_modules/@types/babel__traverse/ts4.1/index.d.ts(904,38): error TS1109: Expression expected.
../../node_modules/@types/babel__traverse/ts4.1/index.d.ts(904,54): error TS1005: ';' expected.
../../node_modules/@types/babel__traverse/ts4.1/index.d.ts(904,60): error TS1109: Expression expected.
../../node_modules/@types/babel__traverse/ts4.1/index.d.ts(905,35): error TS1109: Expression expected.
../../node_modules/@types/babel__traverse/ts4.1/index.d.ts(905,51): error TS1005: ';' expected.
../../node_modules/@types/babel__traverse/ts4.1/index.d.ts(905,57): error TS1109: Expression expected.
../../node_modules/@types/babel__traverse/ts4.1/index.d.ts(906,42): error TS1109: Expression expected.
../../node_modules/@types/babel__traverse/ts4.1/index.d.ts(906,58): error TS1005: ';' expected.
../../node_modules/@types/babel__traverse/ts4.1/index.d.ts(906,64): error TS1109: Expression expected.
../../node_modules/@types/babel__traverse/ts4.1/index.d.ts(907,40): error TS1109: Expression expected.
../../node_modules/@types/babel__traverse/ts4.1/index.d.ts(907,56): error TS1005: ';' expected.
../../node_modules/@types/babel__traverse/ts4.1/index.d.ts(907,62): error TS1109: Expression expected.
../../node_modules/@types/babel__traverse/ts4.1/index.d.ts(908,40): error TS1109: Expression expected.
../../node_modules/@types/babel__traverse/ts4.1/index.d.ts(908,56): error TS1005: ';' expected.
../../node_modules/@types/babel__traverse/ts4.1/index.d.ts(908,62): error TS1109: Expression expected.
../../node_modules/@types/babel__traverse/ts4.1/index.d.ts(909,42): error TS1109: Expression expected.
../../node_modules/@types/babel__traverse/ts4.1/index.d.ts(909,58): error TS1005: ';' expected.
../../node_modules/@types/babel__traverse/ts4.1/index.d.ts(909,64): error TS1109: Expression expected.
../../node_modules/@types/babel__traverse/ts4.1/index.d.ts(910,33): error TS1109: Expression expected.
../../node_modules/@types/babel__traverse/ts4.1/index.d.ts(910,49): error TS1005: ';' expected.
../../node_modules/@types/babel__traverse/ts4.1/index.d.ts(910,55): error TS1109: Expression expected.
../../node_modules/@types/babel__traverse/ts4.1/index.d.ts(911,28): error TS1109: Expression expected.
../../node_modules/@types/babel__traverse/ts4.1/index.d.ts(911,44): error TS1005: ';' expected.
../../node_modules/@types/babel__traverse/ts4.1/index.d.ts(911,50): error TS1109: Expression expected.
../../node_modules/@types/babel__traverse/ts4.1/index.d.ts(912,37): error TS1109: Expression expected.
../../node_modules/@types/babel__traverse/ts4.1/index.d.ts(912,53): error TS1005: ';' expected.
../../node_modules/@types/babel__traverse/ts4.1/index.d.ts(912,59): error TS1109: Expression expected.
../../node_modules/@types/babel__traverse/ts4.1/index.d.ts(913,35): error TS1109: Expression expected.
../../node_modules/@types/babel__traverse/ts4.1/index.d.ts(913,51): error TS1005: ';' expected.
../../node_modules/@types/babel__traverse/ts4.1/index.d.ts(913,57): error TS1109: Expression expected.
../../node_modules/@types/babel__traverse/ts4.1/index.d.ts(914,22): error TS1109: Expression expected.
../../node_modules/@types/babel__traverse/ts4.1/index.d.ts(914,38): error TS1005: ';' expected.
../../node_modules/@types/babel__traverse/ts4.1/index.d.ts(914,44): error TS1109: Expression expected.
../../node_modules/@types/babel__traverse/ts4.1/index.d.ts(915,22): error TS1109: Expression expected.
../../node_modules/@types/babel__traverse/ts4.1/index.d.ts(915,38): error TS1005: ';' expected.
../../node_modules/@types/babel__traverse/ts4.1/index.d.ts(915,44): error TS1109: Expression expected.
../../node_modules/@types/babel__traverse/ts4.1/index.d.ts(916,36): error TS1109: Expression expected.
../../node_modules/@types/babel__traverse/ts4.1/index.d.ts(916,52): error TS1005: ';' expected.
../../node_modules/@types/babel__traverse/ts4.1/index.d.ts(916,58): error TS1109: Expression expected.
../../node_modules/@types/babel__traverse/ts4.1/index.d.ts(917,33): error TS1109: Expression expected.
../../node_modules/@types/babel__traverse/ts4.1/index.d.ts(917,49): error TS1005: ';' expected.
../../node_modules/@types/babel__traverse/ts4.1/index.d.ts(917,55): error TS1109: Expression expected.
../../node_modules/@types/babel__traverse/ts4.1/index.d.ts(918,31): error TS1109: Expression expected.
../../node_modules/@types/babel__traverse/ts4.1/index.d.ts(918,47): error TS1005: ';' expected.
../../node_modules/@types/babel__traverse/ts4.1/index.d.ts(918,53): error TS1109: Expression expected.
../../node_modules/@types/babel__traverse/ts4.1/index.d.ts(919,26): error TS1109: Expression expected.
../../node_modules/@types/babel__traverse/ts4.1/index.d.ts(919,42): error TS1005: ';' expected.
../../node_modules/@types/babel__traverse/ts4.1/index.d.ts(919,48): error TS1109: Expression expected.
../../node_modules/@types/babel__traverse/ts4.1/index.d.ts(920,21): error TS1109: Expression expected.
../../node_modules/@types/babel__traverse/ts4.1/index.d.ts(920,37): error TS1005: ';' expected.
../../node_modules/@types/babel__traverse/ts4.1/index.d.ts(920,43): error TS1109: Expression expected.
../../node_modules/@types/babel__traverse/ts4.1/index.d.ts(921,32): error TS1109: Expression expected.
../../node_modules/@types/babel__traverse/ts4.1/index.d.ts(921,48): error TS1005: ';' expected.
../../node_modules/@types/babel__traverse/ts4.1/index.d.ts(921,54): error TS1109: Expression expected.
../../node_modules/@types/babel__traverse/ts4.1/index.d.ts(922,32): error TS1109: Expression expected.
../../node_modules/@types/babel__traverse/ts4.1/index.d.ts(922,48): error TS1005: ';' expected.
../../node_modules/@types/babel__traverse/ts4.1/index.d.ts(922,54): error TS1109: Expression expected.
../../node_modules/@types/babel__traverse/ts4.1/index.d.ts(923,30): error TS1109: Expression expected.
../../node_modules/@types/babel__traverse/ts4.1/index.d.ts(923,46): error TS1005: ';' expected.
../../node_modules/@types/babel__traverse/ts4.1/index.d.ts(923,52): error TS1109: Expression expected.
../../node_modules/@types/babel__traverse/ts4.1/index.d.ts(924,31): error TS1109: Expression expected.
../../node_modules/@types/babel__traverse/ts4.1/index.d.ts(924,47): error TS1005: ';' expected.
../../node_modules/@types/babel__traverse/ts4.1/index.d.ts(924,53): error TS1109: Expression expected.
../../node_modules/@types/babel__traverse/ts4.1/index.d.ts(925,26): error TS1109: Expression expected.
../../node_modules/@types/babel__traverse/ts4.1/index.d.ts(925,42): error TS1005: ';' expected.
../../node_modules/@types/babel__traverse/ts4.1/index.d.ts(925,48): error TS1109: Expression expected.
../../node_modules/@types/babel__traverse/ts4.1/index.d.ts(926,37): error TS1109: Expression expected.
../../node_modules/@types/babel__traverse/ts4.1/index.d.ts(926,53): error TS1005: ';' expected.
../../node_modules/@types/babel__traverse/ts4.1/index.d.ts(926,59): error TS1109: Expression expected.
../../node_modules/@types/babel__traverse/ts4.1/index.d.ts(927,36): error TS1109: Expression expected.
../../node_modules/@types/babel__traverse/ts4.1/index.d.ts(927,52): error TS1005: ';' expected.
../../node_modules/@types/babel__traverse/ts4.1/index.d.ts(927,58): error TS1109: Expression expected.
../../node_modules/@types/babel__traverse/ts4.1/index.d.ts(928,32): error TS1109: Expression expected.
../../node_modules/@types/babel__traverse/ts4.1/index.d.ts(928,48): error TS1005: ';' expected.
../../node_modules/@types/babel__traverse/ts4.1/index.d.ts(928,54): error TS1109: Expression expected.
../../node_modules/@types/babel__traverse/ts4.1/index.d.ts(929,40): error TS1109: Expression expected.
../../node_modules/@types/babel__traverse/ts4.1/index.d.ts(929,56): error TS1005: ';' expected.
../../node_modules/@types/babel__traverse/ts4.1/index.d.ts(929,62): error TS1109: Expression expected.
../../node_modules/@types/babel__traverse/ts4.1/index.d.ts(930,35): error TS1109: Expression expected.
../../node_modules/@types/babel__traverse/ts4.1/index.d.ts(930,51): error TS1005: ';' expected.
../../node_modules/@types/babel__traverse/ts4.1/index.d.ts(930,57): error TS1109: Expression expected.
../../node_modules/@types/babel__traverse/ts4.1/index.d.ts(931,39): error TS1109: Expression expected.
../../node_modules/@types/babel__traverse/ts4.1/index.d.ts(931,55): error TS1005: ';' expected.
../../node_modules/@types/babel__traverse/ts4.1/index.d.ts(931,61): error TS1109: Expression expected.
../../node_modules/@types/babel__traverse/ts4.1/index.d.ts(932,28): error TS1109: Expression expected.
../../node_modules/@types/babel__traverse/ts4.1/index.d.ts(932,44): error TS1005: ';' expected.
../../node_modules/@types/babel__traverse/ts4.1/index.d.ts(932,50): error TS1109: Expression expected.
../../node_modules/@types/babel__traverse/ts4.1/index.d.ts(933,29): error TS1109: Expression expected.
../../node_modules/@types/babel__traverse/ts4.1/index.d.ts(933,45): error TS1005: ';' expected.
../../node_modules/@types/babel__traverse/ts4.1/index.d.ts(933,51): error TS1109: Expression expected.
../../node_modules/@types/babel__traverse/ts4.1/index.d.ts(934,27): error TS1109: Expression expected.
../../node_modules/@types/babel__traverse/ts4.1/index.d.ts(934,43): error TS1005: ';' expected.
../../node_modules/@types/babel__traverse/ts4.1/index.d.ts(934,49): error TS1109: Expression expected.
../../node_modules/@types/babel__traverse/ts4.1/index.d.ts(935,24): error TS1109: Expression expected.
../../node_modules/@types/babel__traverse/ts4.1/index.d.ts(935,40): error TS1005: ';' expected.
../../node_modules/@types/babel__traverse/ts4.1/index.d.ts(935,46): error TS1109: Expression expected.
../../node_modules/@types/babel__traverse/ts4.1/index.d.ts(936,35): error TS1109: Expression expected.
../../node_modules/@types/babel__traverse/ts4.1/index.d.ts(936,51): error TS1005: ';' expected.
../../node_modules/@types/babel__traverse/ts4.1/index.d.ts(936,57): error TS1109: Expression expected.
../../node_modules/@types/babel__traverse/ts4.1/index.d.ts(937,40): error TS1109: Expression expected.
../../node_modules/@types/babel__traverse/ts4.1/index.d.ts(937,56): error TS1005: ';' expected.
../../node_modules/@types/babel__traverse/ts4.1/index.d.ts(937,62): error TS1109: Expression expected.
../../node_modules/@types/babel__traverse/ts4.1/index.d.ts(938,42): error TS1109: Expression expected.
../../node_modules/@types/babel__traverse/ts4.1/index.d.ts(938,58): error TS1005: ';' expected.
../../node_modules/@types/babel__traverse/ts4.1/index.d.ts(938,64): error TS1109: Expression expected.
../../node_modules/@types/babel__traverse/ts4.1/index.d.ts(939,33): error TS1109: Expression expected.
../../node_modules/@types/babel__traverse/ts4.1/index.d.ts(939,49): error TS1005: ';' expected.
../../node_modules/@types/babel__traverse/ts4.1/index.d.ts(939,55): error TS1109: Expression expected.
../../node_modules/@types/babel__traverse/ts4.1/index.d.ts(940,35): error TS1109: Expression expected.
../../node_modules/@types/babel__traverse/ts4.1/index.d.ts(940,51): error TS1005: ';' expected.
../../node_modules/@types/babel__traverse/ts4.1/index.d.ts(940,57): error TS1109: Expression expected.
../../node_modules/@types/babel__traverse/ts4.1/index.d.ts(941,38): error TS1109: Expression expected.
../../node_modules/@types/babel__traverse/ts4.1/index.d.ts(941,54): error TS1005: ';' expected.
../../node_modules/@types/babel__traverse/ts4.1/index.d.ts(941,60): error TS1109: Expression expected.
../../node_modules/@types/babel__traverse/ts4.1/index.d.ts(942,34): error TS1109: Expression expected.
../../node_modules/@types/babel__traverse/ts4.1/index.d.ts(942,50): error TS1005: ';' expected.
../../node_modules/@types/babel__traverse/ts4.1/index.d.ts(942,56): error TS1109: Expression expected.
../../node_modules/@types/babel__traverse/ts4.1/index.d.ts(943,41): error TS1109: Expression expected.
../../node_modules/@types/babel__traverse/ts4.1/index.d.ts(943,57): error TS1005: ';' expected.
../../node_modules/@types/babel__traverse/ts4.1/index.d.ts(943,63): error TS1109: Expression expected.
../../node_modules/@types/babel__traverse/ts4.1/index.d.ts(944,38): error TS1109: Expression expected.
../../node_modules/@types/babel__traverse/ts4.1/index.d.ts(944,54): error TS1005: ';' expected.
../../node_modules/@types/babel__traverse/ts4.1/index.d.ts(944,60): error TS1109: Expression expected.
../../node_modules/@types/babel__traverse/ts4.1/index.d.ts(945,44): error TS1109: Expression expected.
../../node_modules/@types/babel__traverse/ts4.1/index.d.ts(945,60): error TS1005: ';' expected.
../../node_modules/@types/babel__traverse/ts4.1/index.d.ts(945,66): error TS1109: Expression expected.
../../node_modules/@types/babel__traverse/ts4.1/index.d.ts(946,21): error TS1109: Expression expected.
../../node_modules/@types/babel__traverse/ts4.1/index.d.ts(946,37): error TS1005: ';' expected.
../../node_modules/@types/babel__traverse/ts4.1/index.d.ts(946,43): error TS1109: Expression expected.
../../node_modules/@types/babel__traverse/ts4.1/index.d.ts(947,30): error TS1109: Expression expected.
../../node_modules/@types/babel__traverse/ts4.1/index.d.ts(947,46): error TS1005: ';' expected.
../../node_modules/@types/babel__traverse/ts4.1/index.d.ts(947,52): error TS1109: Expression expected.
../../node_modules/@types/babel__traverse/ts4.1/index.d.ts(948,35): error TS1109: Expression expected.
../../node_modules/@types/babel__traverse/ts4.1/index.d.ts(948,51): error TS1005: ';' expected.
../../node_modules/@types/babel__traverse/ts4.1/index.d.ts(948,57): error TS1109: Expression expected.
../../node_modules/@types/babel__traverse/ts4.1/index.d.ts(949,36): error TS1109: Expression expected.
../../node_modules/@types/babel__traverse/ts4.1/index.d.ts(949,52): error TS1005: ';' expected.
../../node_modules/@types/babel__traverse/ts4.1/index.d.ts(949,58): error TS1109: Expression expected.
../../node_modules/@types/babel__traverse/ts4.1/index.d.ts(950,28): error TS1109: Expression expected.
../../node_modules/@types/babel__traverse/ts4.1/index.d.ts(950,44): error TS1005: ';' expected.
../../node_modules/@types/babel__traverse/ts4.1/index.d.ts(950,50): error TS1109: Expression expected.
../../node_modules/@types/babel__traverse/ts4.1/index.d.ts(951,36): error TS1109: Expression expected.
../../node_modules/@types/babel__traverse/ts4.1/index.d.ts(951,52): error TS1005: ';' expected.
../../node_modules/@types/babel__traverse/ts4.1/index.d.ts(951,58): error TS1109: Expression expected.
../../node_modules/@types/babel__traverse/ts4.1/index.d.ts(952,40): error TS1109: Expression expected.
../../node_modules/@types/babel__traverse/ts4.1/index.d.ts(952,56): error TS1005: ';' expected.
../../node_modules/@types/babel__traverse/ts4.1/index.d.ts(952,62): error TS1109: Expression expected.
../../node_modules/@types/babel__traverse/ts4.1/index.d.ts(953,29): error TS1109: Expression expected.
../../node_modules/@types/babel__traverse/ts4.1/index.d.ts(953,45): error TS1005: ';' expected.
../../node_modules/@types/babel__traverse/ts4.1/index.d.ts(953,51): error TS1109: Expression expected.
../../node_modules/@types/babel__traverse/ts4.1/index.d.ts(954,31): error TS1109: Expression expected.
../../node_modules/@types/babel__traverse/ts4.1/index.d.ts(954,47): error TS1005: ';' expected.
../../node_modules/@types/babel__traverse/ts4.1/index.d.ts(954,53): error TS1109: Expression expected.
../../node_modules/@types/babel__traverse/ts4.1/index.d.ts(955,37): error TS1109: Expression expected.
../../node_modules/@types/babel__traverse/ts4.1/index.d.ts(955,53): error TS1005: ';' expected.
../../node_modules/@types/babel__traverse/ts4.1/index.d.ts(955,59): error TS1109: Expression expected.
../../node_modules/@types/babel__traverse/ts4.1/index.d.ts(956,35): error TS1109: Expression expected.
../../node_modules/@types/babel__traverse/ts4.1/index.d.ts(956,51): error TS1005: ';' expected.
../../node_modules/@types/babel__traverse/ts4.1/index.d.ts(956,57): error TS1109: Expression expected.
../../node_modules/@types/babel__traverse/ts4.1/index.d.ts(957,35): error TS1109: Expression expected.
../../node_modules/@types/babel__traverse/ts4.1/index.d.ts(957,51): error TS1005: ';' expected.
../../node_modules/@types/babel__traverse/ts4.1/index.d.ts(957,57): error TS1109: Expression expected.
../../node_modules/@types/babel__traverse/ts4.1/index.d.ts(958,36): error TS1109: Expression expected.
../../node_modules/@types/babel__traverse/ts4.1/index.d.ts(958,52): error TS1005: ';' expected.
../../node_modules/@types/babel__traverse/ts4.1/index.d.ts(958,58): error TS1109: Expression expected.
../../node_modules/@types/babel__traverse/ts4.1/index.d.ts(959,36): error TS1109: Expression expected.
../../node_modules/@types/babel__traverse/ts4.1/index.d.ts(959,52): error TS1005: ';' expected.
../../node_modules/@types/babel__traverse/ts4.1/index.d.ts(959,58): error TS1109: Expression expected.
../../node_modules/@types/babel__traverse/ts4.1/index.d.ts(960,32): error TS1109: Expression expected.
../../node_modules/@types/babel__traverse/ts4.1/index.d.ts(960,48): error TS1005: ';' expected.
../../node_modules/@types/babel__traverse/ts4.1/index.d.ts(960,54): error TS1109: Expression expected.
../../node_modules/@types/babel__traverse/ts4.1/index.d.ts(961,25): error TS1109: Expression expected.
../../node_modules/@types/babel__traverse/ts4.1/index.d.ts(961,41): error TS1005: ';' expected.
../../node_modules/@types/babel__traverse/ts4.1/index.d.ts(961,47): error TS1109: Expression expected.
../../node_modules/@types/babel__traverse/ts4.1/index.d.ts(962,22): error TS1109: Expression expected.
../../node_modules/@types/babel__traverse/ts4.1/index.d.ts(962,38): error TS1005: ';' expected.
../../node_modules/@types/babel__traverse/ts4.1/index.d.ts(962,44): error TS1109: Expression expected.
../../node_modules/@types/babel__traverse/ts4.1/index.d.ts(963,34): error TS1109: Expression expected.
../../node_modules/@types/babel__traverse/ts4.1/index.d.ts(963,50): error TS1005: ';' expected.
../../node_modules/@types/babel__traverse/ts4.1/index.d.ts(963,56): error TS1109: Expression expected.
../../node_modules/@types/babel__traverse/ts4.1/index.d.ts(964,25): error TS1109: Expression expected.
../../node_modules/@types/babel__traverse/ts4.1/index.d.ts(964,41): error TS1005: ';' expected.
../../node_modules/@types/babel__traverse/ts4.1/index.d.ts(964,47): error TS1109: Expression expected.
../../node_modules/@types/babel__traverse/ts4.1/index.d.ts(965,35): error TS1109: Expression expected.
../../node_modules/@types/babel__traverse/ts4.1/index.d.ts(965,51): error TS1005: ';' expected.
../../node_modules/@types/babel__traverse/ts4.1/index.d.ts(965,57): error TS1109: Expression expected.
../../node_modules/@types/babel__traverse/ts4.1/index.d.ts(966,22): error TS1109: Expression expected.
../../node_modules/@types/babel__traverse/ts4.1/index.d.ts(966,38): error TS1005: ';' expected.
../../node_modules/@types/babel__traverse/ts4.1/index.d.ts(966,44): error TS1109: Expression expected.
../../node_modules/@types/babel__traverse/ts4.1/index.d.ts(967,34): error TS1109: Expression expected.
../../node_modules/@types/babel__traverse/ts4.1/index.d.ts(967,50): error TS1005: ';' expected.
../../node_modules/@types/babel__traverse/ts4.1/index.d.ts(967,56): error TS1109: Expression expected.
../../node_modules/@types/babel__traverse/ts4.1/index.d.ts(968,30): error TS1109: Expression expected.
../../node_modules/@types/babel__traverse/ts4.1/index.d.ts(968,46): error TS1005: ';' expected.
../../node_modules/@types/babel__traverse/ts4.1/index.d.ts(968,52): error TS1109: Expression expected.
../../node_modules/@types/babel__traverse/ts4.1/index.d.ts(969,24): error TS1109: Expression expected.
../../node_modules/@types/babel__traverse/ts4.1/index.d.ts(969,40): error TS1005: ';' expected.
../../node_modules/@types/babel__traverse/ts4.1/index.d.ts(969,46): error TS1109: Expression expected.
../../node_modules/@types/babel__traverse/ts4.1/index.d.ts(970,37): error TS1109: Expression expected.
../../node_modules/@types/babel__traverse/ts4.1/index.d.ts(970,53): error TS1005: ';' expected.
../../node_modules/@types/babel__traverse/ts4.1/index.d.ts(970,59): error TS1109: Expression expected.
../../node_modules/@types/babel__traverse/ts4.1/index.d.ts(971,35): error TS1109: Expression expected.
../../node_modules/@types/babel__traverse/ts4.1/index.d.ts(971,51): error TS1005: ';' expected.
../../node_modules/@types/babel__traverse/ts4.1/index.d.ts(971,57): error TS1109: Expression expected.
../../node_modules/@types/babel__traverse/ts4.1/index.d.ts(972,33): error TS1109: Expression expected.
../../node_modules/@types/babel__traverse/ts4.1/index.d.ts(972,49): error TS1005: ';' expected.
../../node_modules/@types/babel__traverse/ts4.1/index.d.ts(972,55): error TS1109: Expression expected.
../../node_modules/@types/babel__traverse/ts4.1/index.d.ts(973,31): error TS1109: Expression expected.
../../node_modules/@types/babel__traverse/ts4.1/index.d.ts(973,47): error TS1005: ';' expected.
../../node_modules/@types/babel__traverse/ts4.1/index.d.ts(973,53): error TS1109: Expression expected.
../../node_modules/@types/babel__traverse/ts4.1/index.d.ts(974,22): error TS1109: Expression expected.
../../node_modules/@types/babel__traverse/ts4.1/index.d.ts(974,38): error TS1005: ';' expected.
../../node_modules/@types/babel__traverse/ts4.1/index.d.ts(974,44): error TS1109: Expression expected.
../../node_modules/@types/babel__traverse/ts4.1/index.d.ts(975,29): error TS1109: Expression expected.
../../node_modules/@types/babel__traverse/ts4.1/index.d.ts(975,45): error TS1005: ';' expected.
../../node_modules/@types/babel__traverse/ts4.1/index.d.ts(975,51): error TS1109: Expression expected.
../../node_modules/@types/babel__traverse/ts4.1/index.d.ts(976,43): error TS1109: Expression expected.
../../node_modules/@types/babel__traverse/ts4.1/index.d.ts(976,59): error TS1005: ';' expected.
../../node_modules/@types/babel__traverse/ts4.1/index.d.ts(976,65): error TS1109: Expression expected.
../../node_modules/@types/babel__traverse/ts4.1/index.d.ts(977,40): error TS1109: Expression expected.
../../node_modules/@types/babel__traverse/ts4.1/index.d.ts(977,56): error TS1005: ';' expected.
../../node_modules/@types/babel__traverse/ts4.1/index.d.ts(977,62): error TS1109: Expression expected.
../../node_modules/@types/babel__traverse/ts4.1/index.d.ts(980,31): error TS1109: Expression expected.
../../node_modules/@types/babel__traverse/ts4.1/index.d.ts(980,47): error TS1005: ';' expected.
../../node_modules/@types/babel__traverse/ts4.1/index.d.ts(980,53): error TS1109: Expression expected.
../../node_modules/@types/babel__traverse/ts4.1/index.d.ts(981,45): error TS1109: Expression expected.
../../node_modules/@types/babel__traverse/ts4.1/index.d.ts(981,61): error TS1005: ';' expected.
../../node_modules/@types/babel__traverse/ts4.1/index.d.ts(981,67): error TS1109: Expression expected.
../../node_modules/@types/babel__traverse/ts4.1/index.d.ts(982,38): error TS1109: Expression expected.
../../node_modules/@types/babel__traverse/ts4.1/index.d.ts(982,54): error TS1005: ';' expected.
../../node_modules/@types/babel__traverse/ts4.1/index.d.ts(982,60): error TS1109: Expression expected.
../../node_modules/@types/babel__traverse/ts4.1/index.d.ts(983,32): error TS1109: Expression expected.
../../node_modules/@types/babel__traverse/ts4.1/index.d.ts(983,48): error TS1005: ';' expected.
../../node_modules/@types/babel__traverse/ts4.1/index.d.ts(983,54): error TS1109: Expression expected.
../../node_modules/@types/babel__traverse/ts4.1/index.d.ts(984,34): error TS1109: Expression expected.
../../node_modules/@types/babel__traverse/ts4.1/index.d.ts(984,50): error TS1005: ';' expected.
../../node_modules/@types/babel__traverse/ts4.1/index.d.ts(984,56): error TS1109: Expression expected.
../../node_modules/@types/babel__traverse/ts4.1/index.d.ts(985,30): error TS1109: Expression expected.
../../node_modules/@types/babel__traverse/ts4.1/index.d.ts(985,46): error TS1005: ';' expected.
../../node_modules/@types/babel__traverse/ts4.1/index.d.ts(985,52): error TS1109: Expression expected.
../../node_modules/@types/babel__traverse/ts4.1/index.d.ts(986,30): error TS1109: Expression expected.
../../node_modules/@types/babel__traverse/ts4.1/index.d.ts(986,46): error TS1005: ';' expected.
../../node_modules/@types/babel__traverse/ts4.1/index.d.ts(986,52): error TS1109: Expression expected.
../../node_modules/@types/babel__traverse/ts4.1/index.d.ts(987,31): error TS1109: Expression expected.
../../node_modules/@types/babel__traverse/ts4.1/index.d.ts(987,47): error TS1005: ';' expected.
../../node_modules/@types/babel__traverse/ts4.1/index.d.ts(987,53): error TS1109: Expression expected.
../../node_modules/@types/babel__traverse/ts4.1/index.d.ts(988,32): error TS1109: Expression expected.
../../node_modules/@types/babel__traverse/ts4.1/index.d.ts(988,48): error TS1005: ';' expected.
../../node_modules/@types/babel__traverse/ts4.1/index.d.ts(988,54): error TS1109: Expression expected.
../../node_modules/@types/babel__traverse/ts4.1/index.d.ts(989,38): error TS1109: Expression expected.
../../node_modules/@types/babel__traverse/ts4.1/index.d.ts(989,54): error TS1005: ';' expected.
../../node_modules/@types/babel__traverse/ts4.1/index.d.ts(989,60): error TS1109: Expression expected.
../../node_modules/@types/babel__traverse/ts4.1/index.d.ts(990,40): error TS1109: Expression expected.
../../node_modules/@types/babel__traverse/ts4.1/index.d.ts(990,56): error TS1005: ';' expected.
../../node_modules/@types/babel__traverse/ts4.1/index.d.ts(990,62): error TS1109: Expression expected.
../../node_modules/@types/babel__traverse/ts4.1/index.d.ts(991,35): error TS1109: Expression expected.
../../node_modules/@types/babel__traverse/ts4.1/index.d.ts(991,51): error TS1005: ';' expected.
../../node_modules/@types/babel__traverse/ts4.1/index.d.ts(991,57): error TS1109: Expression expected.
../../node_modules/@types/babel__traverse/ts4.1/index.d.ts(992,40): error TS1109: Expression expected.
../../node_modules/@types/babel__traverse/ts4.1/index.d.ts(992,56): error TS1005: ';' expected.
../../node_modules/@types/babel__traverse/ts4.1/index.d.ts(992,62): error TS1109: Expression expected.
../../node_modules/@types/babel__traverse/ts4.1/index.d.ts(993,36): error TS1109: Expression expected.
../../node_modules/@types/babel__traverse/ts4.1/index.d.ts(993,52): error TS1005: ';' expected.
../../node_modules/@types/babel__traverse/ts4.1/index.d.ts(993,58): error TS1109: Expression expected.
../../node_modules/@types/babel__traverse/ts4.1/index.d.ts(994,42): error TS1109: Expression expected.
../../node_modules/@types/babel__traverse/ts4.1/index.d.ts(994,58): error TS1005: ';' expected.
../../node_modules/@types/babel__traverse/ts4.1/index.d.ts(994,64): error TS1109: Expression expected.
../../node_modules/@types/babel__traverse/ts4.1/index.d.ts(995,28): error TS1109: Expression expected.
../../node_modules/@types/babel__traverse/ts4.1/index.d.ts(995,44): error TS1005: ';' expected.
../../node_modules/@types/babel__traverse/ts4.1/index.d.ts(995,50): error TS1109: Expression expected.
../../node_modules/@types/babel__traverse/ts4.1/index.d.ts(996,40): error TS1109: Expression expected.
../../node_modules/@types/babel__traverse/ts4.1/index.d.ts(996,56): error TS1005: ';' expected.
../../node_modules/@types/babel__traverse/ts4.1/index.d.ts(996,62): error TS1109: Expression expected.
../../node_modules/@types/babel__traverse/ts4.1/index.d.ts(997,42): error TS1109: Expression expected.
../../node_modules/@types/babel__traverse/ts4.1/index.d.ts(997,58): error TS1005: ';' expected.
../../node_modules/@types/babel__traverse/ts4.1/index.d.ts(997,64): error TS1109: Expression expected.
../../node_modules/@types/babel__traverse/ts4.1/index.d.ts(998,41): error TS1109: Expression expected.
../../node_modules/@types/babel__traverse/ts4.1/index.d.ts(998,57): error TS1005: ';' expected.
../../node_modules/@types/babel__traverse/ts4.1/index.d.ts(998,63): error TS1109: Expression expected.
../../node_modules/@types/babel__traverse/ts4.1/index.d.ts(999,25): error TS1109: Expression expected.
../../node_modules/@types/babel__traverse/ts4.1/index.d.ts(999,41): error TS1005: ';' expected.
../../node_modules/@types/babel__traverse/ts4.1/index.d.ts(999,47): error TS1109: Expression expected.
../../node_modules/@types/babel__traverse/ts4.1/index.d.ts(1000,29): error TS1109: Expression expected.
../../node_modules/@types/babel__traverse/ts4.1/index.d.ts(1000,45): error TS1005: ';' expected.
../../node_modules/@types/babel__traverse/ts4.1/index.d.ts(1000,51): error TS1109: Expression expected.
../../node_modules/@types/babel__traverse/ts4.1/index.d.ts(1001,38): error TS1109: Expression expected.
../../node_modules/@types/babel__traverse/ts4.1/index.d.ts(1001,54): error TS1005: ';' expected.
../../node_modules/@types/babel__traverse/ts4.1/index.d.ts(1001,60): error TS1109: Expression expected.
../../node_modules/@types/babel__traverse/ts4.1/index.d.ts(1002,47): error TS1109: Expression expected.
../../node_modules/@types/babel__traverse/ts4.1/index.d.ts(1002,63): error TS1005: ';' expected.
../../node_modules/@types/babel__traverse/ts4.1/index.d.ts(1002,69): error TS1109: Expression expected.
../../node_modules/@types/babel__traverse/ts4.1/index.d.ts(1003,41): error TS1109: Expression expected.
../../node_modules/@types/babel__traverse/ts4.1/index.d.ts(1003,57): error TS1005: ';' expected.
../../node_modules/@types/babel__traverse/ts4.1/index.d.ts(1003,63): error TS1109: Expression expected.
../../node_modules/@types/babel__traverse/ts4.1/index.d.ts(1004,25): error TS1109: Expression expected.
../../node_modules/@types/babel__traverse/ts4.1/index.d.ts(1004,41): error TS1005: ';' expected.
../../node_modules/@types/babel__traverse/ts4.1/index.d.ts(1004,47): error TS1109: Expression expected.
../../node_modules/@types/babel__traverse/ts4.1/index.d.ts(1005,29): error TS1109: Expression expected.
../../node_modules/@types/babel__traverse/ts4.1/index.d.ts(1005,45): error TS1005: ';' expected.
../../node_modules/@types/babel__traverse/ts4.1/index.d.ts(1005,51): error TS1109: Expression expected.
../../node_modules/@types/babel__traverse/ts4.1/index.d.ts(1006,25): error TS1109: Expression expected.
../../node_modules/@types/babel__traverse/ts4.1/index.d.ts(1006,41): error TS1005: ';' expected.
../../node_modules/@types/babel__traverse/ts4.1/index.d.ts(1006,47): error TS1109: Expression expected.
../../node_modules/@types/babel__traverse/ts4.1/index.d.ts(1007,26): error TS1109: Expression expected.
../../node_modules/@types/babel__traverse/ts4.1/index.d.ts(1007,42): error TS1005: ';' expected.
../../node_modules/@types/babel__traverse/ts4.1/index.d.ts(1007,48): error TS1109: Expression expected.
../../node_modules/@types/babel__traverse/ts4.1/index.d.ts(1008,25): error TS1109: Expression expected.
../../node_modules/@types/babel__traverse/ts4.1/index.d.ts(1008,41): error TS1005: ';' expected.
../../node_modules/@types/babel__traverse/ts4.1/index.d.ts(1008,47): error TS1109: Expression expected.
../../node_modules/@types/babel__traverse/ts4.1/index.d.ts(1009,41): error TS1109: Expression expected.
../../node_modules/@types/babel__traverse/ts4.1/index.d.ts(1009,57): error TS1005: ';' expected.
../../node_modules/@types/babel__traverse/ts4.1/index.d.ts(1009,63): error TS1109: Expression expected.
../../node_modules/@types/babel__traverse/ts4.1/index.d.ts(1010,31): error TS1109: Expression expected.
../../node_modules/@types/babel__traverse/ts4.1/index.d.ts(1010,47): error TS1005: ';' expected.
../../node_modules/@types/babel__traverse/ts4.1/index.d.ts(1010,53): error TS1109: Expression expected.
../../node_modules/@types/babel__traverse/ts4.1/index.d.ts(1013,30): error TS1109: Expression expected.
../../node_modules/@types/babel__traverse/ts4.1/index.d.ts(1013,46): error TS1005: ';' expected.
../../node_modules/@types/babel__traverse/ts4.1/index.d.ts(1013,52): error TS1109: Expression expected.
../../node_modules/@types/babel__traverse/ts4.1/index.d.ts(1014,29): error TS1109: Expression expected.
../../node_modules/@types/babel__traverse/ts4.1/index.d.ts(1014,45): error TS1005: ';' expected.
../../node_modules/@types/babel__traverse/ts4.1/index.d.ts(1014,51): error TS1109: Expression expected.
../../node_modules/@types/babel__traverse/ts4.1/index.d.ts(1017,30): error TS1109: Expression expected.
../../node_modules/@types/babel__traverse/ts4.1/index.d.ts(1017,46): error TS1005: ';' expected.
../../node_modules/@types/babel__traverse/ts4.1/index.d.ts(1017,52): error TS1109: Expression expected.
../../node_modules/@types/babel__traverse/ts4.1/index.d.ts(1018,33): error TS1109: Expression expected.
../../node_modules/@types/babel__traverse/ts4.1/index.d.ts(1018,49): error TS1005: ';' expected.
../../node_modules/@types/babel__traverse/ts4.1/index.d.ts(1018,55): error TS1109: Expression expected.
../../node_modules/@types/babel__traverse/ts4.1/index.d.ts(1019,26): error TS1109: Expression expected.
../../node_modules/@types/babel__traverse/ts4.1/index.d.ts(1019,42): error TS1005: ';' expected.
../../node_modules/@types/babel__traverse/ts4.1/index.d.ts(1019,48): error TS1109: Expression expected.
../../node_modules/@types/babel__traverse/ts4.1/index.d.ts(1020,36): error TS1109: Expression expected.
../../node_modules/@types/babel__traverse/ts4.1/index.d.ts(1020,52): error TS1005: ';' expected.
../../node_modules/@types/babel__traverse/ts4.1/index.d.ts(1020,58): error TS1109: Expression expected.
../../node_modules/@types/babel__traverse/ts4.1/index.d.ts(1021,31): error TS1109: Expression expected.
../../node_modules/@types/babel__traverse/ts4.1/index.d.ts(1021,47): error TS1005: ';' expected.
../../node_modules/@types/babel__traverse/ts4.1/index.d.ts(1021,53): error TS1109: Expression expected.
../../node_modules/@types/babel__traverse/ts4.1/index.d.ts(1024,32): error TS1109: Expression expected.
../../node_modules/@types/babel__traverse/ts4.1/index.d.ts(1024,48): error TS1005: ';' expected.
../../node_modules/@types/babel__traverse/ts4.1/index.d.ts(1024,54): error TS1109: Expression expected.
../../node_modules/@types/babel__traverse/ts4.1/index.d.ts(1025,27): error TS1109: Expression expected.
../../node_modules/@types/babel__traverse/ts4.1/index.d.ts(1025,43): error TS1005: ';' expected.
../../node_modules/@types/babel__traverse/ts4.1/index.d.ts(1025,49): error TS1109: Expression expected.
../../node_modules/@types/babel__traverse/ts4.1/index.d.ts(1026,31): error TS1109: Expression expected.
../../node_modules/@types/babel__traverse/ts4.1/index.d.ts(1026,47): error TS1005: ';' expected.
../../node_modules/@types/babel__traverse/ts4.1/index.d.ts(1026,53): error TS1109: Expression expected.
../../node_modules/@types/babel__traverse/ts4.1/index.d.ts(1027,45): error TS1109: Expression expected.
../../node_modules/@types/babel__traverse/ts4.1/index.d.ts(1027,61): error TS1005: ';' expected.
../../node_modules/@types/babel__traverse/ts4.1/index.d.ts(1027,67): error TS1109: Expression expected.
../../node_modules/@types/babel__traverse/ts4.1/index.d.ts(1028,38): error TS1109: Expression expected.
../../node_modules/@types/babel__traverse/ts4.1/index.d.ts(1028,54): error TS1005: ';' expected.
../../node_modules/@types/babel__traverse/ts4.1/index.d.ts(1028,60): error TS1109: Expression expected.
../../node_modules/@types/babel__traverse/ts4.1/index.d.ts(1029,23): error TS1109: Expression expected.
../../node_modules/@types/babel__traverse/ts4.1/index.d.ts(1029,39): error TS1005: ';' expected.
../../node_modules/@types/babel__traverse/ts4.1/index.d.ts(1029,45): error TS1109: Expression expected.
../../node_modules/@types/babel__traverse/ts4.1/index.d.ts(1030,28): error TS1109: Expression expected.
../../node_modules/@types/babel__traverse/ts4.1/index.d.ts(1030,44): error TS1005: ';' expected.
../../node_modules/@types/babel__traverse/ts4.1/index.d.ts(1030,50): error TS1109: Expression expected.
../../node_modules/@types/babel__traverse/ts4.1/index.d.ts(1031,33): error TS1109: Expression expected.
../../node_modules/@types/babel__traverse/ts4.1/index.d.ts(1031,49): error TS1005: ';' expected.
../../node_modules/@types/babel__traverse/ts4.1/index.d.ts(1031,55): error TS1109: Expression expected.
../../node_modules/@types/babel__traverse/ts4.1/index.d.ts(1032,30): error TS1109: Expression expected.
../../node_modules/@types/babel__traverse/ts4.1/index.d.ts(1032,46): error TS1005: ';' expected.
../../node_modules/@types/babel__traverse/ts4.1/index.d.ts(1032,52): error TS1109: Expression expected.
../../node_modules/@types/babel__traverse/ts4.1/index.d.ts(1033,29): error TS1109: Expression expected.
../../node_modules/@types/babel__traverse/ts4.1/index.d.ts(1033,45): error TS1005: ';' expected.
../../node_modules/@types/babel__traverse/ts4.1/index.d.ts(1033,51): error TS1109: Expression expected.
../../node_modules/@types/babel__traverse/ts4.1/index.d.ts(1034,32): error TS1109: Expression expected.
../../node_modules/@types/babel__traverse/ts4.1/index.d.ts(1034,48): error TS1005: ';' expected.
../../node_modules/@types/babel__traverse/ts4.1/index.d.ts(1034,54): error TS1109: Expression expected.
../../node_modules/@types/babel__traverse/ts4.1/index.d.ts(1035,34): error TS1109: Expression expected.
../../node_modules/@types/babel__traverse/ts4.1/index.d.ts(1035,50): error TS1005: ';' expected.
../../node_modules/@types/babel__traverse/ts4.1/index.d.ts(1035,56): error TS1109: Expression expected.
../../node_modules/@types/babel__traverse/ts4.1/index.d.ts(1036,44): error TS1109: Expression expected.
../../node_modules/@types/babel__traverse/ts4.1/index.d.ts(1036,60): error TS1005: ';' expected.
../../node_modules/@types/babel__traverse/ts4.1/index.d.ts(1036,66): error TS1109: Expression expected.
../../node_modules/@types/babel__traverse/ts4.1/index.d.ts(1037,35): error TS1109: Expression expected.
../../node_modules/@types/babel__traverse/ts4.1/index.d.ts(1037,51): error TS1005: ';' expected.
../../node_modules/@types/babel__traverse/ts4.1/index.d.ts(1037,57): error TS1109: Expression expected.
../../node_modules/@types/babel__traverse/ts4.1/index.d.ts(1038,49): error TS1109: Expression expected.
../../node_modules/@types/babel__traverse/ts4.1/index.d.ts(1038,65): error TS1005: ';' expected.
../../node_modules/@types/babel__traverse/ts4.1/index.d.ts(1038,71): error TS1109: Expression expected.
../../node_modules/@types/babel__traverse/ts4.1/index.d.ts(1039,35): error TS1109: Expression expected.
../../node_modules/@types/babel__traverse/ts4.1/index.d.ts(1039,51): error TS1005: ';' expected.
../../node_modules/@types/babel__traverse/ts4.1/index.d.ts(1039,57): error TS1109: Expression expected.
../../node_modules/@types/babel__traverse/ts4.1/index.d.ts(1040,35): error TS1109: Expression expected.
../../node_modules/@types/babel__traverse/ts4.1/index.d.ts(1040,51): error TS1005: ';' expected.
../../node_modules/@types/babel__traverse/ts4.1/index.d.ts(1040,57): error TS1109: Expression expected.
../../node_modules/@types/babel__traverse/ts4.1/index.d.ts(1041,33): error TS1109: Expression expected.
../../node_modules/@types/babel__traverse/ts4.1/index.d.ts(1041,49): error TS1005: ';' expected.
../../node_modules/@types/babel__traverse/ts4.1/index.d.ts(1041,55): error TS1109: Expression expected.
../../node_modules/@types/babel__traverse/ts4.1/index.d.ts(1042,30): error TS1109: Expression expected.
../../node_modules/@types/babel__traverse/ts4.1/index.d.ts(1042,46): error TS1005: ';' expected.
../../node_modules/@types/babel__traverse/ts4.1/index.d.ts(1042,52): error TS1109: Expression expected.
../../node_modules/@types/babel__traverse/ts4.1/index.d.ts(1043,35): error TS1109: Expression expected.
../../node_modules/@types/babel__traverse/ts4.1/index.d.ts(1043,51): error TS1005: ';' expected.
../../node_modules/@types/babel__traverse/ts4.1/index.d.ts(1043,57): error TS1109: Expression expected.
../../node_modules/@types/babel__traverse/ts4.1/index.d.ts(1044,30): error TS1109: Expression expected.
../../node_modules/@types/babel__traverse/ts4.1/index.d.ts(1044,46): error TS1005: ';' expected.
../../node_modules/@types/babel__traverse/ts4.1/index.d.ts(1044,52): error TS1109: Expression expected.
../../node_modules/@types/babel__traverse/ts4.1/index.d.ts(1045,36): error TS1109: Expression expected.
../../node_modules/@types/babel__traverse/ts4.1/index.d.ts(1045,52): error TS1005: ';' expected.
../../node_modules/@types/babel__traverse/ts4.1/index.d.ts(1045,58): error TS1109: Expression expected.
../../node_modules/@types/babel__traverse/ts4.1/index.d.ts(1046,47): error TS1109: Expression expected.
../../node_modules/@types/babel__traverse/ts4.1/index.d.ts(1046,63): error TS1005: ';' expected.
../../node_modules/@types/babel__traverse/ts4.1/index.d.ts(1046,69): error TS1109: Expression expected.
../../node_modules/@types/babel__traverse/ts4.1/index.d.ts(1047,43): error TS1109: Expression expected.
../../node_modules/@types/babel__traverse/ts4.1/index.d.ts(1047,59): error TS1005: ';' expected.
../../node_modules/@types/babel__traverse/ts4.1/index.d.ts(1047,65): error TS1109: Expression expected.
../../node_modules/@types/babel__traverse/ts4.1/index.d.ts(1048,32): error TS1109: Expression expected.
../../node_modules/@types/babel__traverse/ts4.1/index.d.ts(1048,48): error TS1005: ';' expected.
../../node_modules/@types/babel__traverse/ts4.1/index.d.ts(1048,54): error TS1109: Expression expected.
../../node_modules/@types/babel__traverse/ts4.1/index.d.ts(1049,43): error TS1109: Expression expected.
../../node_modules/@types/babel__traverse/ts4.1/index.d.ts(1049,59): error TS1005: ';' expected.
../../node_modules/@types/babel__traverse/ts4.1/index.d.ts(1049,65): error TS1109: Expression expected.
../../node_modules/@types/babel__traverse/ts4.1/index.d.ts(1050,30): error TS1109: Expression expected.
../../node_modules/@types/babel__traverse/ts4.1/index.d.ts(1050,46): error TS1005: ';' expected.
../../node_modules/@types/babel__traverse/ts4.1/index.d.ts(1050,52): error TS1109: Expression expected.
../../node_modules/@types/babel__traverse/ts4.1/index.d.ts(1051,34): error TS1109: Expression expected.
../../node_modules/@types/babel__traverse/ts4.1/index.d.ts(1051,50): error TS1005: ';' expected.
../../node_modules/@types/babel__traverse/ts4.1/index.d.ts(1051,56): error TS1109: Expression expected.
../../node_modules/@types/babel__traverse/ts4.1/index.d.ts(1052,37): error TS1109: Expression expected.
../../node_modules/@types/babel__traverse/ts4.1/index.d.ts(1052,53): error TS1005: ';' expected.
../../node_modules/@types/babel__traverse/ts4.1/index.d.ts(1052,59): error TS1109: Expression expected.
../../node_modules/@types/babel__traverse/ts4.1/index.d.ts(1053,29): error TS1109: Expression expected.
../../node_modules/@types/babel__traverse/ts4.1/index.d.ts(1053,45): error TS1005: ';' expected.
../../node_modules/@types/babel__traverse/ts4.1/index.d.ts(1053,51): error TS1109: Expression expected.
../../node_modules/@types/babel__traverse/ts4.1/index.d.ts(1054,33): error TS1109: Expression expected.
../../node_modules/@types/babel__traverse/ts4.1/index.d.ts(1054,49): error TS1005: ';' expected.
../../node_modules/@types/babel__traverse/ts4.1/index.d.ts(1054,55): error TS1109: Expression expected.
../../node_modules/@types/babel__traverse/ts4.1/index.d.ts(1055,40): error TS1109: Expression expected.
../../node_modules/@types/babel__traverse/ts4.1/index.d.ts(1055,56): error TS1005: ';' expected.
../../node_modules/@types/babel__traverse/ts4.1/index.d.ts(1055,62): error TS1109: Expression expected.
../../node_modules/@types/babel__traverse/ts4.1/index.d.ts(1056,36): error TS1109: Expression expected.
../../node_modules/@types/babel__traverse/ts4.1/index.d.ts(1056,52): error TS1005: ';' expected.
../../node_modules/@types/babel__traverse/ts4.1/index.d.ts(1056,58): error TS1109: Expression expected.
../../node_modules/@types/babel__traverse/ts4.1/index.d.ts(1057,31): error TS1109: Expression expected.
../../node_modules/@types/babel__traverse/ts4.1/index.d.ts(1057,47): error TS1005: ';' expected.
../../node_modules/@types/babel__traverse/ts4.1/index.d.ts(1057,53): error TS1109: Expression expected.
../../node_modules/@types/babel__traverse/ts4.1/index.d.ts(1058,30): error TS1109: Expression expected.
../../node_modules/@types/babel__traverse/ts4.1/index.d.ts(1058,46): error TS1005: ';' expected.
../../node_modules/@types/babel__traverse/ts4.1/index.d.ts(1058,52): error TS1109: Expression expected.
../../node_modules/@types/babel__traverse/ts4.1/index.d.ts(1059,35): error TS1109: Expression expected.
../../node_modules/@types/babel__traverse/ts4.1/index.d.ts(1059,51): error TS1005: ';' expected.
../../node_modules/@types/babel__traverse/ts4.1/index.d.ts(1059,57): error TS1109: Expression expected.
../../node_modules/@types/babel__traverse/ts4.1/index.d.ts(1060,31): error TS1109: Expression expected.
../../node_modules/@types/babel__traverse/ts4.1/index.d.ts(1060,47): error TS1005: ';' expected.
../../node_modules/@types/babel__traverse/ts4.1/index.d.ts(1060,53): error TS1109: Expression expected.
../../node_modules/@types/babel__traverse/ts4.1/index.d.ts(1061,37): error TS1109: Expression expected.
../../node_modules/@types/babel__traverse/ts4.1/index.d.ts(1061,53): error TS1005: ';' expected.
../../node_modules/@types/babel__traverse/ts4.1/index.d.ts(1061,59): error TS1109: Expression expected.
../../node_modules/@types/babel__traverse/ts4.1/index.d.ts(1062,46): error TS1109: Expression expected.
../../node_modules/@types/babel__traverse/ts4.1/index.d.ts(1062,62): error TS1005: ';' expected.
../../node_modules/@types/babel__traverse/ts4.1/index.d.ts(1062,68): error TS1109: Expression expected.
../../node_modules/@types/babel__traverse/ts4.1/index.d.ts(1063,32): error TS1109: Expression expected.
../../node_modules/@types/babel__traverse/ts4.1/index.d.ts(1063,48): error TS1005: ';' expected.
../../node_modules/@types/babel__traverse/ts4.1/index.d.ts(1063,54): error TS1109: Expression expected.
../../node_modules/@types/babel__traverse/ts4.1/index.d.ts(1064,37): error TS1109: Expression expected.
../../node_modules/@types/babel__traverse/ts4.1/index.d.ts(1064,53): error TS1005: ';' expected.
../../node_modules/@types/babel__traverse/ts4.1/index.d.ts(1064,59): error TS1109: Expression expected.
../../node_modules/@types/babel__traverse/ts4.1/index.d.ts(1065,31): error TS1109: Expression expected.
../../node_modules/@types/babel__traverse/ts4.1/index.d.ts(1065,47): error TS1005: ';' expected.
../../node_modules/@types/babel__traverse/ts4.1/index.d.ts(1065,53): error TS1109: Expression expected.
../../node_modules/@types/babel__traverse/ts4.1/index.d.ts(1066,33): error TS1109: Expression expected.
../../node_modules/@types/babel__traverse/ts4.1/index.d.ts(1066,49): error TS1005: ';' expected.
../../node_modules/@types/babel__traverse/ts4.1/index.d.ts(1066,55): error TS1109: Expression expected.
../../node_modules/@types/babel__traverse/ts4.1/index.d.ts(1067,33): error TS1109: Expression expected.
../../node_modules/@types/babel__traverse/ts4.1/index.d.ts(1067,49): error TS1005: ';' expected.
../../node_modules/@types/babel__traverse/ts4.1/index.d.ts(1067,55): error TS1109: Expression expected.
../../node_modules/@types/babel__traverse/ts4.1/index.d.ts(1068,32): error TS1109: Expression expected.
../../node_modules/@types/babel__traverse/ts4.1/index.d.ts(1068,48): error TS1005: ';' expected.
../../node_modules/@types/babel__traverse/ts4.1/index.d.ts(1068,54): error TS1109: Expression expected.
../../node_modules/@types/babel__traverse/ts4.1/index.d.ts(1069,37): error TS1109: Expression expected.
../../node_modules/@types/babel__traverse/ts4.1/index.d.ts(1069,53): error TS1005: ';' expected.
../../node_modules/@types/babel__traverse/ts4.1/index.d.ts(1069,59): error TS1109: Expression expected.
../../node_modules/@types/babel__traverse/ts4.1/index.d.ts(1070,37): error TS1109: Expression expected.
../../node_modules/@types/babel__traverse/ts4.1/index.d.ts(1070,53): error TS1005: ';' expected.
../../node_modules/@types/babel__traverse/ts4.1/index.d.ts(1070,59): error TS1109: Expression expected.
../../node_modules/@types/babel__traverse/ts4.1/index.d.ts(1071,37): error TS1109: Expression expected.
../../node_modules/@types/babel__traverse/ts4.1/index.d.ts(1071,53): error TS1005: ';' expected.
../../node_modules/@types/babel__traverse/ts4.1/index.d.ts(1071,59): error TS1109: Expression expected.
../../node_modules/@types/babel__traverse/ts4.1/index.d.ts(1072,33): error TS1109: Expression expected.
../../node_modules/@types/babel__traverse/ts4.1/index.d.ts(1072,49): error TS1005: ';' expected.
../../node_modules/@types/babel__traverse/ts4.1/index.d.ts(1072,55): error TS1109: Expression expected.
../../node_modules/@types/babel__traverse/ts4.1/index.d.ts(1073,28): error TS1109: Expression expected.
../../node_modules/@types/babel__traverse/ts4.1/index.d.ts(1073,44): error TS1005: ';' expected.
../../node_modules/@types/babel__traverse/ts4.1/index.d.ts(1073,50): error TS1109: Expression expected.
../../node_modules/@types/babel__traverse/ts4.1/index.d.ts(1074,33): error TS1109: Expression expected.
../../node_modules/@types/babel__traverse/ts4.1/index.d.ts(1074,49): error TS1005: ';' expected.
../../node_modules/@types/babel__traverse/ts4.1/index.d.ts(1074,55): error TS1109: Expression expected.
../../node_modules/@types/babel__traverse/ts4.1/index.d.ts(1075,33): error TS1109: Expression expected.
../../node_modules/@types/babel__traverse/ts4.1/index.d.ts(1075,49): error TS1005: ';' expected.
../../node_modules/@types/babel__traverse/ts4.1/index.d.ts(1075,55): error TS1109: Expression expected.
../../node_modules/@types/babel__traverse/ts4.1/index.d.ts(1076,28): error TS1109: Expression expected.
../../node_modules/@types/babel__traverse/ts4.1/index.d.ts(1076,44): error TS1005: ';' expected.
../../node_modules/@types/babel__traverse/ts4.1/index.d.ts(1076,50): error TS1109: Expression expected.
../../node_modules/@types/babel__traverse/ts4.1/index.d.ts(1077,29): error TS1109: Expression expected.
../../node_modules/@types/babel__traverse/ts4.1/index.d.ts(1077,45): error TS1005: ';' expected.
../../node_modules/@types/babel__traverse/ts4.1/index.d.ts(1077,51): error TS1109: Expression expected.
../../node_modules/@types/babel__traverse/ts4.1/index.d.ts(1078,24): error TS1109: Expression expected.
../../node_modules/@types/babel__traverse/ts4.1/index.d.ts(1078,40): error TS1005: ';' expected.
../../node_modules/@types/babel__traverse/ts4.1/index.d.ts(1078,46): error TS1109: Expression expected.
../../node_modules/@types/babel__traverse/ts4.1/index.d.ts(1079,40): error TS1109: Expression expected.
../../node_modules/@types/babel__traverse/ts4.1/index.d.ts(1079,56): error TS1005: ';' expected.
../../node_modules/@types/babel__traverse/ts4.1/index.d.ts(1079,62): error TS1109: Expression expected.
../../node_modules/@types/babel__traverse/ts4.1/index.d.ts(1080,34): error TS1109: Expression expected.
../../node_modules/@types/babel__traverse/ts4.1/index.d.ts(1080,50): error TS1005: ';' expected.
../../node_modules/@types/babel__traverse/ts4.1/index.d.ts(1080,56): error TS1109: Expression expected.
../../node_modules/@types/babel__traverse/ts4.1/index.d.ts(1081,33): error TS1109: Expression expected.
../../node_modules/@types/babel__traverse/ts4.1/index.d.ts(1081,49): error TS1005: ';' expected.
../../node_modules/@types/babel__traverse/ts4.1/index.d.ts(1081,55): error TS1109: Expression expected.
../../node_modules/@types/babel__traverse/ts4.1/index.d.ts(1082,31): error TS1109: Expression expected.
../../node_modules/@types/babel__traverse/ts4.1/index.d.ts(1082,47): error TS1005: ';' expected.
../../node_modules/@types/babel__traverse/ts4.1/index.d.ts(1082,53): error TS1109: Expression expected.
../../node_modules/@types/babel__traverse/ts4.1/index.d.ts(1083,31): error TS1109: Expression expected.
../../node_modules/@types/babel__traverse/ts4.1/index.d.ts(1083,47): error TS1005: ';' expected.
../../node_modules/@types/babel__traverse/ts4.1/index.d.ts(1083,53): error TS1109: Expression expected.
../../node_modules/@types/babel__traverse/ts4.1/index.d.ts(1084,32): error TS1109: Expression expected.
../../node_modules/@types/babel__traverse/ts4.1/index.d.ts(1084,48): error TS1005: ';' expected.
../../node_modules/@types/babel__traverse/ts4.1/index.d.ts(1084,54): error TS1109: Expression expected.
../../node_modules/@types/babel__traverse/ts4.1/index.d.ts(1085,33): error TS1109: Expression expected.
../../node_modules/@types/babel__traverse/ts4.1/index.d.ts(1085,49): error TS1005: ';' expected.
../../node_modules/@types/babel__traverse/ts4.1/index.d.ts(1085,55): error TS1109: Expression expected.
../../node_modules/@types/babel__traverse/ts4.1/index.d.ts(1086,44): error TS1109: Expression expected.
../../node_modules/@types/babel__traverse/ts4.1/index.d.ts(1086,60): error TS1005: ';' expected.
../../node_modules/@types/babel__traverse/ts4.1/index.d.ts(1086,66): error TS1109: Expression expected.
../../node_modules/@types/babel__traverse/ts4.1/index.d.ts(1087,46): error TS1109: Expression expected.
../../node_modules/@types/babel__traverse/ts4.1/index.d.ts(1087,62): error TS1005: ';' expected.
../../node_modules/@types/babel__traverse/ts4.1/index.d.ts(1087,68): error TS1109: Expression expected.
../../node_modules/@types/babel__traverse/ts4.1/index.d.ts(1088,33): error TS1109: Expression expected.
../../node_modules/@types/babel__traverse/ts4.1/index.d.ts(1088,49): error TS1005: ';' expected.
../../node_modules/@types/babel__traverse/ts4.1/index.d.ts(1088,55): error TS1109: Expression expected.
../../node_modules/@types/babel__traverse/ts4.1/index.d.ts(1089,29): error TS1109: Expression expected.
../../node_modules/@types/babel__traverse/ts4.1/index.d.ts(1089,45): error TS1005: ';' expected.
../../node_modules/@types/babel__traverse/ts4.1/index.d.ts(1089,51): error TS1109: Expression expected.
../../node_modules/@types/babel__traverse/ts4.1/index.d.ts(1090,33): error TS1109: Expression expected.
../../node_modules/@types/babel__traverse/ts4.1/index.d.ts(1090,49): error TS1005: ';' expected.
../../node_modules/@types/babel__traverse/ts4.1/index.d.ts(1090,55): error TS1109: Expression expected.
../../node_modules/@types/babel__traverse/ts4.1/index.d.ts(1091,36): error TS1109: Expression expected.
../../node_modules/@types/babel__traverse/ts4.1/index.d.ts(1091,52): error TS1005: ';' expected.
../../node_modules/@types/babel__traverse/ts4.1/index.d.ts(1091,58): error TS1109: Expression expected.
../../node_modules/@types/babel__traverse/ts4.1/index.d.ts(1092,29): error TS1109: Expression expected.
../../node_modules/@types/babel__traverse/ts4.1/index.d.ts(1092,45): error TS1005: ';' expected.
../../node_modules/@types/babel__traverse/ts4.1/index.d.ts(1092,51): error TS1109: Expression expected.
../../node_modules/@types/babel__traverse/ts4.1/index.d.ts(1093,34): error TS1109: Expression expected.
../../node_modules/@types/babel__traverse/ts4.1/index.d.ts(1093,50): error TS1005: ';' expected.
../../node_modules/@types/babel__traverse/ts4.1/index.d.ts(1093,56): error TS1109: Expression expected.
../../node_modules/@types/babel__traverse/ts4.1/index.d.ts(1094,31): error TS1109: Expression expected.
../../node_modules/@types/babel__traverse/ts4.1/index.d.ts(1094,47): error TS1005: ';' expected.
../../node_modules/@types/babel__traverse/ts4.1/index.d.ts(1094,53): error TS1109: Expression expected.
../../node_modules/@types/babel__traverse/ts4.1/index.d.ts(1095,42): error TS1109: Expression expected.
../../node_modules/@types/babel__traverse/ts4.1/index.d.ts(1095,58): error TS1005: ';' expected.
../../node_modules/@types/babel__traverse/ts4.1/index.d.ts(1095,64): error TS1109: Expression expected.
../../node_modules/@types/babel__traverse/ts4.1/index.d.ts(1096,33): error TS1109: Expression expected.
../../node_modules/@types/babel__traverse/ts4.1/index.d.ts(1096,49): error TS1005: ';' expected.
../../node_modules/@types/babel__traverse/ts4.1/index.d.ts(1096,55): error TS1109: Expression expected.
../../node_modules/@types/babel__traverse/ts4.1/index.d.ts(1097,33): error TS1109: Expression expected.
../../node_modules/@types/babel__traverse/ts4.1/index.d.ts(1097,49): error TS1005: ';' expected.
../../node_modules/@types/babel__traverse/ts4.1/index.d.ts(1097,55): error TS1109: Expression expected.
../../node_modules/@types/babel__traverse/ts4.1/index.d.ts(1098,32): error TS1109: Expression expected.
../../node_modules/@types/babel__traverse/ts4.1/index.d.ts(1098,48): error TS1005: ';' expected.
../../node_modules/@types/babel__traverse/ts4.1/index.d.ts(1098,54): error TS1109: Expression expected.
../../node_modules/@types/babel__traverse/ts4.1/index.d.ts(1099,32): error TS1109: Expression expected.
../../node_modules/@types/babel__traverse/ts4.1/index.d.ts(1099,48): error TS1005: ';' expected.
../../node_modules/@types/babel__traverse/ts4.1/index.d.ts(1099,54): error TS1109: Expression expected.
../../node_modules/@types/babel__traverse/ts4.1/index.d.ts(1100,36): error TS1109: Expression expected.
../../node_modules/@types/babel__traverse/ts4.1/index.d.ts(1100,52): error TS1005: ';' expected.
../../node_modules/@types/babel__traverse/ts4.1/index.d.ts(1100,58): error TS1109: Expression expected.
../../node_modules/@types/babel__traverse/ts4.1/index.d.ts(1101,32): error TS1109: Expression expected.
../../node_modules/@types/babel__traverse/ts4.1/index.d.ts(1101,48): error TS1005: ';' expected.
../../node_modules/@types/babel__traverse/ts4.1/index.d.ts(1101,54): error TS1109: Expression expected.
../../node_modules/@types/babel__traverse/ts4.1/index.d.ts(1102,30): error TS1109: Expression expected.
../../node_modules/@types/babel__traverse/ts4.1/index.d.ts(1102,46): error TS1005: ';' expected.
../../node_modules/@types/babel__traverse/ts4.1/index.d.ts(1102,52): error TS1109: Expression expected.
../../node_modules/@types/babel__traverse/ts4.1/index.d.ts(1103,37): error TS1109: Expression expected.
../../node_modules/@types/babel__traverse/ts4.1/index.d.ts(1103,53): error TS1005: ';' expected.
../../node_modules/@types/babel__traverse/ts4.1/index.d.ts(1103,59): error TS1109: Expression expected.
../../node_modules/@types/babel__traverse/ts4.1/index.d.ts(1104,27): error TS1109: Expression expected.
../../node_modules/@types/babel__traverse/ts4.1/index.d.ts(1104,43): error TS1005: ';' expected.
../../node_modules/@types/babel__traverse/ts4.1/index.d.ts(1104,49): error TS1109: Expression expected.
../../node_modules/@types/babel__traverse/ts4.1/index.d.ts(1105,32): error TS1109: Expression expected.
../../node_modules/@types/babel__traverse/ts4.1/index.d.ts(1105,48): error TS1005: ';' expected.
../../node_modules/@types/babel__traverse/ts4.1/index.d.ts(1105,54): error TS1109: Expression expected.
../../node_modules/@types/babel__traverse/ts4.1/index.d.ts(1106,36): error TS1109: Expression expected.
../../node_modules/@types/babel__traverse/ts4.1/index.d.ts(1106,52): error TS1005: ';' expected.
../../node_modules/@types/babel__traverse/ts4.1/index.d.ts(1106,58): error TS1109: Expression expected.
../../node_modules/@types/babel__traverse/ts4.1/index.d.ts(1107,31): error TS1109: Expression expected.
../../node_modules/@types/babel__traverse/ts4.1/index.d.ts(1107,47): error TS1005: ';' expected.
../../node_modules/@types/babel__traverse/ts4.1/index.d.ts(1107,53): error TS1109: Expression expected.
../../node_modules/@types/babel__traverse/ts4.1/index.d.ts(1108,42): error TS1109: Expression expected.
../../node_modules/@types/babel__traverse/ts4.1/index.d.ts(1108,58): error TS1005: ';' expected.
../../node_modules/@types/babel__traverse/ts4.1/index.d.ts(1108,64): error TS1109: Expression expected.
../../node_modules/@types/babel__traverse/ts4.1/index.d.ts(1109,44): error TS1109: Expression expected.
../../node_modules/@types/babel__traverse/ts4.1/index.d.ts(1109,60): error TS1005: ';' expected.
../../node_modules/@types/babel__traverse/ts4.1/index.d.ts(1109,66): error TS1109: Expression expected.
../../node_modules/@types/babel__traverse/ts4.1/index.d.ts(1110,38): error TS1109: Expression expected.
../../node_modules/@types/babel__traverse/ts4.1/index.d.ts(1110,54): error TS1005: ';' expected.
../../node_modules/@types/babel__traverse/ts4.1/index.d.ts(1110,60): error TS1109: Expression expected.
../../node_modules/@types/babel__traverse/ts4.1/index.d.ts(1111,33): error TS1109: Expression expected.
../../node_modules/@types/babel__traverse/ts4.1/index.d.ts(1111,49): error TS1005: ';' expected.
../../node_modules/@types/babel__traverse/ts4.1/index.d.ts(1111,55): error TS1109: Expression expected.
../../node_modules/@types/babel__traverse/ts4.1/index.d.ts(1112,27): error TS1109: Expression expected.
../../node_modules/@types/babel__traverse/ts4.1/index.d.ts(1112,43): error TS1005: ';' expected.
../../node_modules/@types/babel__traverse/ts4.1/index.d.ts(1112,49): error TS1109: Expression expected.
../../node_modules/@types/babel__traverse/ts4.1/index.d.ts(1113,37): error TS1109: Expression expected.
../../node_modules/@types/babel__traverse/ts4.1/index.d.ts(1113,53): error TS1005: ';' expected.
../../node_modules/@types/babel__traverse/ts4.1/index.d.ts(1113,59): error TS1109: Expression expected.
../../node_modules/@types/babel__traverse/ts4.1/index.d.ts(1114,34): error TS1109: Expression expected.
../../node_modules/@types/babel__traverse/ts4.1/index.d.ts(1114,50): error TS1005: ';' expected.
../../node_modules/@types/babel__traverse/ts4.1/index.d.ts(1114,56): error TS1109: Expression expected.
../../node_modules/@types/babel__traverse/ts4.1/index.d.ts(1115,35): error TS1109: Expression expected.
../../node_modules/@types/babel__traverse/ts4.1/index.d.ts(1115,51): error TS1005: ';' expected.
../../node_modules/@types/babel__traverse/ts4.1/index.d.ts(1115,57): error TS1109: Expression expected.
../../node_modules/@types/babel__traverse/ts4.1/index.d.ts(1116,37): error TS1109: Expression expected.
../../node_modules/@types/babel__traverse/ts4.1/index.d.ts(1116,53): error TS1005: ';' expected.
../../node_modules/@types/babel__traverse/ts4.1/index.d.ts(1116,59): error TS1109: Expression expected.
../../node_modules/@types/babel__traverse/ts4.1/index.d.ts(1117,36): error TS1109: Expression expected.
../../node_modules/@types/babel__traverse/ts4.1/index.d.ts(1117,52): error TS1005: ';' expected.
../../node_modules/@types/babel__traverse/ts4.1/index.d.ts(1117,58): error TS1109: Expression expected.
../../node_modules/@types/babel__traverse/ts4.1/index.d.ts(1118,26): error TS1109: Expression expected.
../../node_modules/@types/babel__traverse/ts4.1/index.d.ts(1118,42): error TS1005: ';' expected.
../../node_modules/@types/babel__traverse/ts4.1/index.d.ts(1118,48): error TS1109: Expression expected.
../../node_modules/@types/babel__traverse/ts4.1/index.d.ts(1119,36): error TS1109: Expression expected.
../../node_modules/@types/babel__traverse/ts4.1/index.d.ts(1119,52): error TS1005: ';' expected.
../../node_modules/@types/babel__traverse/ts4.1/index.d.ts(1119,58): error TS1109: Expression expected.
../../node_modules/@types/babel__traverse/ts4.1/index.d.ts(1120,23): error TS1109: Expression expected.
../../node_modules/@types/babel__traverse/ts4.1/index.d.ts(1120,39): error TS1005: ';' expected.
../../node_modules/@types/babel__traverse/ts4.1/index.d.ts(1120,45): error TS1109: Expression expected.
../../node_modules/@types/babel__traverse/ts4.1/index.d.ts(1121,32): error TS1109: Expression expected.
../../node_modules/@types/babel__traverse/ts4.1/index.d.ts(1121,48): error TS1005: ';' expected.
../../node_modules/@types/babel__traverse/ts4.1/index.d.ts(1121,54): error TS1109: Expression expected.
../../node_modules/@types/babel__traverse/ts4.1/index.d.ts(1122,31): error TS1109: Expression expected.
../../node_modules/@types/babel__traverse/ts4.1/index.d.ts(1122,47): error TS1005: ';' expected.
../../node_modules/@types/babel__traverse/ts4.1/index.d.ts(1122,53): error TS1109: Expression expected.
../../node_modules/@types/babel__traverse/ts4.1/index.d.ts(1123,33): error TS1109: Expression expected.
../../node_modules/@types/babel__traverse/ts4.1/index.d.ts(1123,49): error TS1005: ';' expected.
../../node_modules/@types/babel__traverse/ts4.1/index.d.ts(1123,55): error TS1109: Expression expected.
../../node_modules/@types/babel__traverse/ts4.1/index.d.ts(1125,35): error TS1109: Expression expected.
../../node_modules/@types/babel__traverse/ts4.1/index.d.ts(1125,51): error TS1005: ';' expected.
../../node_modules/@types/babel__traverse/ts4.1/index.d.ts(1125,57): error TS1109: Expression expected.
../../node_modules/@types/babel__traverse/ts4.1/index.d.ts(1126,29): error TS1109: Expression expected.
../../node_modules/@types/babel__traverse/ts4.1/index.d.ts(1126,45): error TS1005: ';' expected.
../../node_modules/@types/babel__traverse/ts4.1/index.d.ts(1126,51): error TS1109: Expression expected.
../../node_modules/@types/babel__traverse/ts4.1/index.d.ts(1127,27): error TS1109: Expression expected.
../../node_modules/@types/babel__traverse/ts4.1/index.d.ts(1127,43): error TS1005: ';' expected.
../../node_modules/@types/babel__traverse/ts4.1/index.d.ts(1127,49): error TS1109: Expression expected.
../../node_modules/@types/babel__traverse/ts4.1/index.d.ts(1128,22): error TS1109: Expression expected.
../../node_modules/@types/babel__traverse/ts4.1/index.d.ts(1128,38): error TS1005: ';' expected.
../../node_modules/@types/babel__traverse/ts4.1/index.d.ts(1128,44): error TS1109: Expression expected.
../../node_modules/@types/babel__traverse/ts4.1/index.d.ts(1129,28): error TS1109: Expression expected.
../../node_modules/@types/babel__traverse/ts4.1/index.d.ts(1129,44): error TS1005: ';' expected.
../../node_modules/@types/babel__traverse/ts4.1/index.d.ts(1129,50): error TS1109: Expression expected.
../../node_modules/@types/babel__traverse/ts4.1/index.d.ts(1130,38): error TS1109: Expression expected.
../../node_modules/@types/babel__traverse/ts4.1/index.d.ts(1130,54): error TS1005: ';' expected.
../../node_modules/@types/babel__traverse/ts4.1/index.d.ts(1130,60): error TS1109: Expression expected.
../../node_modules/@types/babel__traverse/ts4.1/index.d.ts(1131,44): error TS1109: Expression expected.
../../node_modules/@types/babel__traverse/ts4.1/index.d.ts(1131,60): error TS1005: ';' expected.
../../node_modules/@types/babel__traverse/ts4.1/index.d.ts(1131,66): error TS1109: Expression expected.
../../node_modules/@types/babel__traverse/ts4.1/index.d.ts(1132,23): error TS1109: Expression expected.
../../node_modules/@types/babel__traverse/ts4.1/index.d.ts(1132,39): error TS1005: ';' expected.
../../node_modules/@types/babel__traverse/ts4.1/index.d.ts(1132,45): error TS1109: Expression expected.
../../node_modules/@types/babel__traverse/ts4.1/index.d.ts(1133,22): error TS1109: Expression expected.
../../node_modules/@types/babel__traverse/ts4.1/index.d.ts(1133,38): error TS1005: ';' expected.
../../node_modules/@types/babel__traverse/ts4.1/index.d.ts(1133,44): error TS1109: Expression expected.
../../node_modules/@types/babel__traverse/ts4.1/index.d.ts(1134,21): error TS1109: Expression expected.
../../node_modules/@types/babel__traverse/ts4.1/index.d.ts(1134,37): error TS1005: ';' expected.
../../node_modules/@types/babel__traverse/ts4.1/index.d.ts(1134,43): error TS1109: Expression expected.
../../node_modules/@types/babel__traverse/ts4.1/index.d.ts(1136,1): error TS1128: Declaration or statement expected.
../../node_modules/@types/webpack-dev-server/node_modules/http-proxy-middleware/dist/handlers/fix-request-body.d.ts(3,13): error TS1005: '=' expected.
../../node_modules/@types/webpack-dev-server/node_modules/http-proxy-middleware/dist/handlers/fix-request-body.d.ts(3,30): error TS1005: ';' expected.
../../node_modules/@types/webpack-dev-server/node_modules/http-proxy-middleware/dist/handlers/response-interceptor.d.ts(2,13): error TS1005: '=' expected.
../../node_modules/@types/webpack-dev-server/node_modules/http-proxy-middleware/dist/handlers/response-interceptor.d.ts(2,18): error TS1005: ';' expected.
../../node_modules/@types/webpack-dev-server/node_modules/http-proxy-middleware/dist/handlers/response-interceptor.d.ts(2,23): error TS1005: ';' expected.
../../node_modules/@types/webpack-dev-server/node_modules/http-proxy-middleware/dist/handlers/response-interceptor.d.ts(2,28): error TS1005: ';' expected.

npm ERR! code ELIFECYCLE
npm ERR! errno 1
npm ERR! @aws-amplify/ui-angular@1.0.10 build.es2015: `ngc -p tsconfig.json && rollup --config ./scripts/rollup.config.js`
npm ERR! Exit status 1
npm ERR! 
npm ERR! Failed at the @aws-amplify/ui-angular@1.0.10 build.es2015 script.
npm ERR! This is probably not a problem with npm. There is likely additional logging output above.

npm ERR! A complete log of this run can be found in:
npm ERR!     /Users/ehhanche/.npm/_logs/2021-06-09T19_18_18_453Z-debug.log
npm ERR! code ELIFECYCLE
npm ERR! errno 1
npm ERR! @aws-amplify/ui-angular@1.0.10 build.ng: `npm run build.es2015 && npm run build.es5`
npm ERR! Exit status 1
npm ERR! 
npm ERR! Failed at the @aws-amplify/ui-angular@1.0.10 build.ng script.
npm ERR! This is probably not a problem with npm. There is likely additional logging output above.

npm ERR! A complete log of this run can be found in:
npm ERR!     /Users/ehhanche/.npm/_logs/2021-06-09T19_18_18_494Z-debug.log
error Command failed with exit code 1.
info Visit https://yarnpkg.com/en/docs/cli/run for documentation about this command.
